OUT:he is throw -ing the kite kite kite kite
TRG:she is present -ing a brother the kite .
AGENT=CAT,PRON;ACTION=PRESENT;RECIPIENT=INDEF,BROTHER;PATIENT=DEF,KITE;E=EN,PROG,AGT,PAT,REC,PRESENT
----------------(0)
OUT:he is throw -ing a toy toy toy toy
TRG:she is present -ing a dog a toy .
AGENT=MOTHER,PRON;ACTION=PRESENT;RECIPIENT=INDEF,DOG;PATIENT=INDEF,TOY;E=EN,PROG,AGT,PAT,REC,PRESENT
----------------(0)
OUT:he is throw -ing a toy toy toy toy
TRG:she is show -ing a man the toy .
AGENT=GIRL,PRON;ACTION=SHOW;RECIPIENT=INDEF,MAN;PATIENT=DEF,TOY;E=EN,PROG,AGT,PAT,REC,PRESENT
----------------(0)
OUT:he is give -ing the stick stick stick stick
TRG:she is present -ing a dog the stick .
AGENT=MOTHER,PRON;ACTION=PRESENT;RECIPIENT=INDEF,DOG;PATIENT=DEF,STICK;E=EN,PROG,AGT,PAT,REC,PRESENT
----------------(0)
OUT:he is throw -ing the key key key key
TRG:she is throw -ing a brother the key .
AGENT=SISTER,PRON;ACTION=THROW;RECIPIENT=INDEF,BROTHER;PATIENT=DEF,KEY;E=EN,PROG,AGT,PAT,REC,PRESENT
----------------(0)
OUT:he is throw -ing a bag bag bag bag
TRG:she is give -ing the father a bag .
AGENT=MOTHER,PRON;ACTION=GIVE;RECIPIENT=DEF,FATHER;PATIENT=INDEF,BAG;E=EN,PROG,AGT,PAT,REC,PRESENT
----------------(0)
