OUT:she is present -ing a woman .
TRG:he is push -ing a woman .
AGENT=BROTHER,PRON;ACTION=PUSH;PATIENT=INDEF,WOMAN;E=EN,PROG,AGT,PAT,PRESENT
----------------(0)
OUT:she is present -ing the boy .
TRG:he is push -ing the boy .
AGENT=BROTHER,PRON;ACTION=PUSH;PATIENT=DEF,BOY;E=EN,PROG,AGT,PAT,PRESENT
----------------(0)
OUT:she is present -ing the kite the kite kite
TRG:he is present -ing a cat the kite .
AGENT=BROTHER,PRON;ACTION=PRESENT;RECIPIENT=INDEF,CAT;PATIENT=DEF,KITE;E=EN,PROG,AGT,PAT,REC,PRESENT
----------------(0)
OUT:she walk -s .
TRG:he swim -s .
AGENT=BROTHER,PRON;ACTION=SWIM;E=EN,SIMPLE,AGT,PRESENT
----------------(0)
OUT:she is present -ing a toy to the toy to
TRG:he is present -ing a toy to the mother .
AGENT=BROTHER,PRON;ACTION=PRESENT;PATIENT=INDEF,TOY;RECIPIENT=DEF,MOTHER;E=EN,PROG,PAT,-1,REC,PRESENT
----------------(0)
OUT:she present -s a woman .
TRG:he kick -s a woman .
AGENT=BROTHER,PRON;ACTION=KICK;PATIENT=INDEF,WOMAN;E=EN,SIMPLE,AGT,PAT,PRESENT
----------------(0)
OUT:she is present -ing the ball . the ball .
TRG:he is present -ing the ball to the father .
AGENT=BROTHER,PRON;ACTION=PRESENT;PATIENT=DEF,BALL;RECIPIENT=DEF,FATHER;E=EN,PROG,PAT,-1,REC,PRESENT
----------------(0)
OUT:she is present -ing a mother .
TRG:he is push -ing a mother .
AGENT=BROTHER,PRON;ACTION=PUSH;PATIENT=INDEF,MOTHER;E=EN,PROG,AGT,PAT,PRESENT
----------------(0)
OUT:she is present -ing a bag a bag bag
TRG:he is present -ing a father a bag .
AGENT=BROTHER,PRON;ACTION=PRESENT;RECIPIENT=INDEF,FATHER;PATIENT=INDEF,BAG;E=EN,PROG,AGT,PAT,REC,PRESENT
----------------(0)
OUT:she walk -s .
TRG:he walk -s .
AGENT=BROTHER,PRON;ACTION=WALK;E=EN,SIMPLE,AGT,PRESENT
----------------(0)
OUT:she is present -ing a ball a ball ball
TRG:he is show -ing a dog a ball .
AGENT=BROTHER,PRON;ACTION=SHOW;RECIPIENT=INDEF,DOG;PATIENT=INDEF,BALL;E=EN,PROG,AGT,PAT,REC,PRESENT
----------------(0)
OUT:she is present -ing the ball the ball the
TRG:he is show -ing the boy the ball .
AGENT=BROTHER,PRON;ACTION=SHOW;RECIPIENT=DEF,BOY;PATIENT=DEF,BALL;E=EN,PROG,AGT,PAT,REC,PRESENT
----------------(0)
OUT:she present -s the kite the kite the
TRG:he show -s a mother the kite .
AGENT=BROTHER,PRON;ACTION=SHOW;RECIPIENT=INDEF,MOTHER;PATIENT=DEF,KITE;E=EN,SIMPLE,AGT,PAT,REC,PRESENT
----------------(0)
