((lp0
I0
aI2000
aI4000
aI6000
aI8000
aI10000
aI12000
aI14000
aI16000
aI18000
aI20000
aI22000
aI24000
aI26000
aI28000
aI30000
aI32000
aI34000
aI36000
aI40000
a(lp1
I37
aI67
aI97
aI99
aI99
aI100
aI100
aI100
aI100
aI100
aI100
aI100
aI100
aI100
aI100
aI100
aI100
aI100
aI100
aI100
a(lp2
I51
aI78
aI98
aI99
aI99
aI100
aI100
aI100
aI100
aI100
aI100
aI100
aI100
aI100
aI100
aI100
aI100
aI100
aI100
aI100
a(lp3
I52
aI93
aI97
aI100
aI100
aI100
aI100
aI100
aI100
aI100
aI100
aI100
aI100
aI100
aI100
aI100
aI100
aI100
aI100
aI100
a(lp4
I71
aI93
aI98
aI100
aI100
aI100
aI100
aI100
aI100
aI100
aI100
aI100
aI100
aI100
aI100
aI100
aI100
aI100
aI100
aI100
a(lp5
I112
aI4
aI4
aI0
aI0
aI0
aI0
aI0
aI0
aI0
aI0
aI0
aI0
aI0
aI0
aI0
aI0
aI0
aI0
aI0
a(lp6
I71
aI4
aI4
aI0
aI0
aI0
aI0
aI0
aI0
aI0
aI0
aI0
aI0
aI0
aI0
aI0
aI0
aI0
aI0
aI0
atp7
.