OUT:she give -s the woman the woman .
TRG:he give -s the woman the stick .
AGENT=FATHER,PRON;ACTION=GIVE;RECIPIENT=DEF,WOMAN;PATIENT=DEF,STICK;E=EN,SIMPLE,AGT,PAT,REC,PRESENT
----------------(18000)
OUT:he push -s the brother .
TRG:she push -s the brother .
AGENT=WOMAN,PRON;ACTION=PUSH;PATIENT=DEF,BROTHER;E=EN,SIMPLE,AGT,PAT,PRESENT
----------------(18000)
OUT:he hit -s a bag .
TRG:she hit -s a bag .
AGENT=MOTHER,PRON;ACTION=HIT;PATIENT=INDEF,BAG;E=EN,SIMPLE,AGT,PAT,PRESENT
----------------(18000)
OUT:she show -s a mother a mother .
TRG:he show -s a mother the kite .
AGENT=BROTHER,PRON;ACTION=SHOW;RECIPIENT=INDEF,MOTHER;PATIENT=DEF,KITE;E=EN,SIMPLE,AGT,PAT,REC,PRESENT
----------------(18000)
OUT:he hit -s the girl .
TRG:she hit -s the girl .
AGENT=CAT,PRON;ACTION=HIT;PATIENT=DEF,GIRL;E=EN,SIMPLE,AGT,PAT,PRESENT
----------------(18000)
OUT:he push -s the stick .
TRG:she push -s the stick .
AGENT=SISTER,PRON;ACTION=PUSH;PATIENT=DEF,STICK;E=EN,SIMPLE,AGT,PAT,PRESENT
----------------(18000)
OUT:he push -s a sister .
TRG:she push -s a sister .
AGENT=CAT,PRON;ACTION=PUSH;PATIENT=INDEF,SISTER;E=EN,SIMPLE,AGT,PAT,PRESENT
----------------(18000)
OUT:she show -s a woman a woman .
TRG:he show -s a woman a stick .
AGENT=FATHER,PRON;ACTION=SHOW;RECIPIENT=INDEF,WOMAN;PATIENT=INDEF,STICK;E=EN,SIMPLE,AGT,PAT,REC,PRESENT
----------------(18000)
OUT:he kick -s the kite .
TRG:she kick -s the kite .
AGENT=WOMAN,PRON;ACTION=KICK;PATIENT=DEF,KITE;E=EN,SIMPLE,AGT,PAT,PRESENT
----------------(18000)
OUT:he present -s the dog the dog .
TRG:she present -s the dog a bag .
AGENT=WOMAN,PRON;ACTION=PRESENT;RECIPIENT=DEF,DOG;PATIENT=INDEF,BAG;E=EN,SIMPLE,AGT,PAT,REC,PRESENT
----------------(18000)
OUT:he show -s a man a man .
TRG:she show -s a man a stick .
AGENT=WOMAN,PRON;ACTION=SHOW;RECIPIENT=INDEF,MAN;PATIENT=INDEF,STICK;E=EN,SIMPLE,AGT,PAT,REC,PRESENT
----------------(18000)
OUT:she give -s the woman the woman .
TRG:he give -s the woman the bag .
AGENT=FATHER,PRON;ACTION=GIVE;RECIPIENT=DEF,WOMAN;PATIENT=DEF,BAG;E=EN,SIMPLE,AGT,PAT,REC,PRESENT
----------------(18000)
OUT:he push -s the man .
TRG:she push -s the man .
AGENT=MOTHER,PRON;ACTION=PUSH;PATIENT=DEF,MAN;E=EN,SIMPLE,AGT,PAT,PRESENT
----------------(18000)
OUT:he throw -s a father the father .
TRG:she throw -s a father the ball .
AGENT=MOTHER,PRON;ACTION=THROW;RECIPIENT=INDEF,FATHER;PATIENT=DEF,BALL;E=EN,SIMPLE,AGT,PAT,REC,PRESENT
----------------(18000)
OUT:he give -s a man a man .
TRG:she give -s a man the key .
AGENT=SISTER,PRON;ACTION=GIVE;RECIPIENT=INDEF,MAN;PATIENT=DEF,KEY;E=EN,SIMPLE,AGT,PAT,REC,PRESENT
----------------(18000)
OUT:he push -s a stick .
TRG:she push -s a stick .
AGENT=SISTER,PRON;ACTION=PUSH;PATIENT=INDEF,STICK;E=EN,SIMPLE,AGT,PAT,PRESENT
----------------(18000)
OUT:he carry -s a key .
TRG:she carry -s a key .
AGENT=MOTHER,PRON;ACTION=CARRY;PATIENT=INDEF,KEY;E=EN,SIMPLE,AGT,PAT,PRESENT
----------------(18000)
OUT:she present -s a cat a cat .
TRG:he present -s a cat the toy .
AGENT=MAN,PRON;ACTION=PRESENT;RECIPIENT=INDEF,CAT;PATIENT=DEF,TOY;E=EN,SIMPLE,AGT,PAT,REC,PRESENT
----------------(18000)
OUT:he throw -s a boy a boy .
TRG:she throw -s a boy a bag .
AGENT=CAT,PRON;ACTION=THROW;RECIPIENT=INDEF,BOY;PATIENT=INDEF,BAG;E=EN,SIMPLE,AGT,PAT,REC,PRESENT
----------------(18000)
OUT:he push -s a dog .
TRG:she push -s a dog .
AGENT=CAT,PRON;ACTION=PUSH;PATIENT=INDEF,DOG;E=EN,SIMPLE,AGT,PAT,PRESENT
----------------(18000)
OUT:he push -s the bag to
TRG:she push -s the bag .
AGENT=GIRL,PRON;ACTION=PUSH;PATIENT=DEF,BAG;E=EN,SIMPLE,AGT,PAT,PRESENT
----------------(18000)
OUT:she present -s a sister a sister .
TRG:he present -s a sister a ball .
AGENT=FATHER,PRON;ACTION=PRESENT;RECIPIENT=INDEF,SISTER;PATIENT=INDEF,BALL;E=EN,SIMPLE,AGT,PAT,REC,PRESENT
----------------(18000)
OUT:he kick -s the cat .
TRG:she kick -s the cat .
AGENT=GIRL,PRON;ACTION=KICK;PATIENT=DEF,CAT;E=EN,SIMPLE,AGT,PAT,PRESENT
----------------(18000)
OUT:he hit -s a brother .
TRG:she hit -s a brother .
AGENT=MOTHER,PRON;ACTION=HIT;PATIENT=INDEF,BROTHER;E=EN,SIMPLE,AGT,PAT,PRESENT
----------------(18000)
OUT:she give -s a mother a mother .
TRG:he give -s a mother a bag .
AGENT=BROTHER,PRON;ACTION=GIVE;RECIPIENT=INDEF,MOTHER;PATIENT=INDEF,BAG;E=EN,SIMPLE,AGT,PAT,REC,PRESENT
----------------(18000)
OUT:he carry -s the key .
TRG:she carry -s the key .
AGENT=MOTHER,PRON;ACTION=CARRY;PATIENT=DEF,KEY;E=EN,SIMPLE,AGT,PAT,PRESENT
----------------(18000)
OUT:he carry -s a kite .
TRG:she carry -s a kite .
AGENT=SISTER,PRON;ACTION=CARRY;PATIENT=INDEF,KITE;E=EN,SIMPLE,AGT,PAT,PRESENT
----------------(18000)
OUT:she show -s a woman a woman .
TRG:he show -s a woman a ball .
AGENT=FATHER,PRON;ACTION=SHOW;RECIPIENT=INDEF,WOMAN;PATIENT=INDEF,BALL;E=EN,SIMPLE,AGT,PAT,REC,PRESENT
----------------(18000)
OUT:she present -s a sister a ball .
TRG:he present -s a sister a ball .
AGENT=FATHER,PRON;ACTION=PRESENT;RECIPIENT=INDEF,SISTER;PATIENT=INDEF,BALL;E=EN,SIMPLE,AGT,PAT,REC,PRESENT
----------------(24000)
OUT:she show -s a mother the kite .
TRG:he show -s a mother the kite .
AGENT=BROTHER,PRON;ACTION=SHOW;RECIPIENT=INDEF,MOTHER;PATIENT=DEF,KITE;E=EN,SIMPLE,AGT,PAT,REC,PRESENT
----------------(24000)
OUT:she give -s the woman the stick .
TRG:he give -s the woman the stick .
AGENT=FATHER,PRON;ACTION=GIVE;RECIPIENT=DEF,WOMAN;PATIENT=DEF,STICK;E=EN,SIMPLE,AGT,PAT,REC,PRESENT
----------------(24000)
OUT:she show -s a woman a ball .
TRG:he show -s a woman a ball .
AGENT=FATHER,PRON;ACTION=SHOW;RECIPIENT=INDEF,WOMAN;PATIENT=INDEF,BALL;E=EN,SIMPLE,AGT,PAT,REC,PRESENT
----------------(24000)
OUT:she give -s a mother a bag .
TRG:he give -s a mother a bag .
AGENT=BROTHER,PRON;ACTION=GIVE;RECIPIENT=INDEF,MOTHER;PATIENT=INDEF,BAG;E=EN,SIMPLE,AGT,PAT,REC,PRESENT
----------------(24000)
OUT:she present -s a cat the toy .
TRG:he present -s a cat the toy .
AGENT=MAN,PRON;ACTION=PRESENT;RECIPIENT=INDEF,CAT;PATIENT=DEF,TOY;E=EN,SIMPLE,AGT,PAT,REC,PRESENT
----------------(24000)
OUT:she show -s a woman a stick .
TRG:he show -s a woman a stick .
AGENT=FATHER,PRON;ACTION=SHOW;RECIPIENT=INDEF,WOMAN;PATIENT=INDEF,STICK;E=EN,SIMPLE,AGT,PAT,REC,PRESENT
----------------(24000)
OUT:she give -s the woman the bag .
TRG:he give -s the woman the bag .
AGENT=FATHER,PRON;ACTION=GIVE;RECIPIENT=DEF,WOMAN;PATIENT=DEF,BAG;E=EN,SIMPLE,AGT,PAT,REC,PRESENT
----------------(24000)
OUT:he throw -s a father the ball .
TRG:she throw -s a father the ball .
AGENT=MOTHER,PRON;ACTION=THROW;RECIPIENT=INDEF,FATHER;PATIENT=DEF,BALL;E=EN,SIMPLE,AGT,PAT,REC,PRESENT
----------------(26000)
OUT:he show -s a man a stick .
TRG:she show -s a man a stick .
AGENT=WOMAN,PRON;ACTION=SHOW;RECIPIENT=INDEF,MAN;PATIENT=INDEF,STICK;E=EN,SIMPLE,AGT,PAT,REC,PRESENT
----------------(26000)
OUT:he present -s the dog a bag .
TRG:she present -s the dog a bag .
AGENT=WOMAN,PRON;ACTION=PRESENT;RECIPIENT=DEF,DOG;PATIENT=INDEF,BAG;E=EN,SIMPLE,AGT,PAT,REC,PRESENT
----------------(26000)
OUT:he throw -s a boy a bag .
TRG:she throw -s a boy a bag .
AGENT=CAT,PRON;ACTION=THROW;RECIPIENT=INDEF,BOY;PATIENT=INDEF,BAG;E=EN,SIMPLE,AGT,PAT,REC,PRESENT
----------------(26000)
OUT:he give -s a man the key .
TRG:she give -s a man the key .
AGENT=SISTER,PRON;ACTION=GIVE;RECIPIENT=INDEF,MAN;PATIENT=DEF,KEY;E=EN,SIMPLE,AGT,PAT,REC,PRESENT
----------------(26000)
OUT:she give -s the woman the stick .
TRG:he give -s the woman the stick .
AGENT=FATHER,PRON;ACTION=GIVE;RECIPIENT=DEF,WOMAN;PATIENT=DEF,STICK;E=EN,SIMPLE,AGT,PAT,REC,PRESENT
----------------(28000)
OUT:he throw -s a boy a bag .
TRG:she throw -s a boy a bag .
AGENT=CAT,PRON;ACTION=THROW;RECIPIENT=INDEF,BOY;PATIENT=INDEF,BAG;E=EN,SIMPLE,AGT,PAT,REC,PRESENT
----------------(28000)
OUT:she present -s a sister a ball .
TRG:he present -s a sister a ball .
AGENT=FATHER,PRON;ACTION=PRESENT;RECIPIENT=INDEF,SISTER;PATIENT=INDEF,BALL;E=EN,SIMPLE,AGT,PAT,REC,PRESENT
----------------(28000)
OUT:she show -s a woman a stick .
TRG:he show -s a woman a stick .
AGENT=FATHER,PRON;ACTION=SHOW;RECIPIENT=INDEF,WOMAN;PATIENT=INDEF,STICK;E=EN,SIMPLE,AGT,PAT,REC,PRESENT
----------------(28000)
OUT:she show -s a woman a ball .
TRG:he show -s a woman a ball .
AGENT=FATHER,PRON;ACTION=SHOW;RECIPIENT=INDEF,WOMAN;PATIENT=INDEF,BALL;E=EN,SIMPLE,AGT,PAT,REC,PRESENT
----------------(28000)
OUT:she show -s a mother the kite .
TRG:he show -s a mother the kite .
AGENT=BROTHER,PRON;ACTION=SHOW;RECIPIENT=INDEF,MOTHER;PATIENT=DEF,KITE;E=EN,SIMPLE,AGT,PAT,REC,PRESENT
----------------(28000)
OUT:she give -s a mother a bag .
TRG:he give -s a mother a bag .
AGENT=BROTHER,PRON;ACTION=GIVE;RECIPIENT=INDEF,MOTHER;PATIENT=INDEF,BAG;E=EN,SIMPLE,AGT,PAT,REC,PRESENT
----------------(28000)
OUT:she present -s a cat the toy .
TRG:he present -s a cat the toy .
AGENT=MAN,PRON;ACTION=PRESENT;RECIPIENT=INDEF,CAT;PATIENT=DEF,TOY;E=EN,SIMPLE,AGT,PAT,REC,PRESENT
----------------(28000)
OUT:she give -s the woman the bag .
TRG:he give -s the woman the bag .
AGENT=FATHER,PRON;ACTION=GIVE;RECIPIENT=DEF,WOMAN;PATIENT=DEF,BAG;E=EN,SIMPLE,AGT,PAT,REC,PRESENT
----------------(28000)
OUT:she show -s a woman a ball .
TRG:he show -s a woman a ball .
AGENT=FATHER,PRON;ACTION=SHOW;RECIPIENT=INDEF,WOMAN;PATIENT=INDEF,BALL;E=EN,SIMPLE,AGT,PAT,REC,PRESENT
----------------(30000)
OUT:he throw -s a boy a bag .
TRG:she throw -s a boy a bag .
AGENT=CAT,PRON;ACTION=THROW;RECIPIENT=INDEF,BOY;PATIENT=INDEF,BAG;E=EN,SIMPLE,AGT,PAT,REC,PRESENT
----------------(30000)
OUT:she give -s the woman the bag .
TRG:he give -s the woman the bag .
AGENT=FATHER,PRON;ACTION=GIVE;RECIPIENT=DEF,WOMAN;PATIENT=DEF,BAG;E=EN,SIMPLE,AGT,PAT,REC,PRESENT
----------------(30000)
OUT:she show -s a woman a stick .
TRG:he show -s a woman a stick .
AGENT=FATHER,PRON;ACTION=SHOW;RECIPIENT=INDEF,WOMAN;PATIENT=INDEF,STICK;E=EN,SIMPLE,AGT,PAT,REC,PRESENT
----------------(30000)
OUT:she show -s a mother the kite .
TRG:he show -s a mother the kite .
AGENT=BROTHER,PRON;ACTION=SHOW;RECIPIENT=INDEF,MOTHER;PATIENT=DEF,KITE;E=EN,SIMPLE,AGT,PAT,REC,PRESENT
----------------(30000)
OUT:she give -s a mother a bag .
TRG:he give -s a mother a bag .
AGENT=BROTHER,PRON;ACTION=GIVE;RECIPIENT=INDEF,MOTHER;PATIENT=INDEF,BAG;E=EN,SIMPLE,AGT,PAT,REC,PRESENT
----------------(30000)
OUT:she present -s a sister a ball .
TRG:he present -s a sister a ball .
AGENT=FATHER,PRON;ACTION=PRESENT;RECIPIENT=INDEF,SISTER;PATIENT=INDEF,BALL;E=EN,SIMPLE,AGT,PAT,REC,PRESENT
----------------(30000)
OUT:she give -s the woman the stick .
TRG:he give -s the woman the stick .
AGENT=FATHER,PRON;ACTION=GIVE;RECIPIENT=DEF,WOMAN;PATIENT=DEF,STICK;E=EN,SIMPLE,AGT,PAT,REC,PRESENT
----------------(30000)
OUT:she present -s a cat the toy .
TRG:he present -s a cat the toy .
AGENT=MAN,PRON;ACTION=PRESENT;RECIPIENT=INDEF,CAT;PATIENT=DEF,TOY;E=EN,SIMPLE,AGT,PAT,REC,PRESENT
----------------(30000)
