((lp0
I0
aI2000
aI4000
aI6000
aI8000
aI10000
aI12000
aI14000
aI16000
aI18000
aI20000
aI22000
aI24000
aI26000
aI28000
aI30000
aI32000
aI34000
aI36000
aI40000
a(lp1
I27
aI64
aI84
aI88
aI88
aI83
aI85
aI89
aI90
aI85
aI77
aI85
aI87
aI98
aI96
aI79
aI78
aI95
aI99
aI93
a(lp2
I38
aI69
aI87
aI91
aI91
aI87
aI91
aI96
aI95
aI91
aI85
aI88
aI90
aI99
aI98
aI84
aI84
aI96
aI99
aI94
a(lp3
I40
aI55
aI70
aI93
aI90
aI79
aI87
aI93
aI95
aI53
aI72
aI96
aI98
aI99
aI96
aI85
aI73
aI100
aI100
aI92
a(lp4
I43
aI65
aI77
aI93
aI96
aI82
aI94
aI100
aI98
aI68
aI80
aI98
aI100
aI100
aI98
aI89
aI74
aI100
aI100
aI92
a(lp5
I0
aI0
aI0
aI0
aI0
aI0
aI0
aI0
aI0
aI28
aI0
aI0
aI8
aI5
aI9
aI9
aI0
aI0
aI0
aI0
a(lp6
I0
aI0
aI0
aI0
aI0
aI0
aI0
aI0
aI0
aI27
aI0
aI0
aI8
aI5
aI9
aI9
aI0
aI0
aI0
aI0
atp7
.