((lp0
I0
aI2000
aI4000
aI6000
aI8000
aI10000
aI12000
aI14000
aI16000
aI18000
aI20000
aI22000
aI24000
aI26000
aI28000
aI30000
aI32000
aI34000
aI36000
aI40000
a(lp1
I24
aI50
aI57
aI76
aI92
aI93
aI86
aI86
aI92
aI99
aI99
aI99
aI100
aI99
aI100
aI100
aI100
aI100
aI100
aI100
a(lp2
I33
aI73
aI76
aI85
aI96
aI96
aI88
aI88
aI93
aI99
aI99
aI99
aI100
aI99
aI100
aI100
aI100
aI100
aI100
aI100
a(lp3
I28
aI55
aI63
aI90
aI97
aI92
aI83
aI97
aI99
aI99
aI99
aI100
aI99
aI100
aI100
aI100
aI100
aI100
aI100
aI100
a(lp4
I39
aI78
aI82
aI92
aI99
aI95
aI89
aI100
aI100
aI99
aI99
aI100
aI99
aI100
aI100
aI100
aI100
aI100
aI100
aI100
a(lp5
I110
aI0
aI0
aI0
aI0
aI0
aI0
aI0
aI0
aI0
aI0
aI0
aI0
aI0
aI0
aI0
aI0
aI0
aI0
aI0
a(lp6
I32
aI0
aI0
aI0
aI0
aI0
aI0
aI0
aI0
aI0
aI0
aI0
aI0
aI0
aI0
aI0
aI0
aI0
aI0
aI0
atp7
.