((lp0
I0
aI2000
aI4000
aI6000
aI8000
aI10000
aI12000
aI14000
aI16000
aI18000
aI20000
aI22000
aI24000
aI26000
aI28000
aI30000
aI32000
aI34000
aI36000
aI40000
a(lp1
I52
aI84
aI92
aI94
aI94
aI94
aI94
aI94
aI94
aI94
aI99
aI100
aI100
aI100
aI100
aI100
aI100
aI100
aI100
aI100
a(lp2
I68
aI99
aI99
aI99
aI100
aI99
aI99
aI100
aI100
aI100
aI99
aI100
aI100
aI100
aI100
aI100
aI100
aI100
aI100
aI100
a(lp3
I85
aI92
aI94
aI94
aI93
aI93
aI93
aI93
aI93
aI94
aI100
aI100
aI100
aI100
aI100
aI100
aI100
aI100
aI100
aI100
a(lp4
I100
aI100
aI100
aI100
aI100
aI100
aI100
aI100
aI100
aI100
aI100
aI100
aI100
aI100
aI100
aI100
aI100
aI100
aI100
aI100
a(lp5
I0
aI0
aI0
aI0
aI0
aI0
aI0
aI0
aI0
aI0
aI0
aI0
aI0
aI0
aI0
aI0
aI0
aI0
aI0
aI0
a(lp6
I0
aI0
aI0
aI0
aI0
aI0
aI0
aI0
aI0
aI0
aI0
aI0
aI0
aI0
aI0
aI0
aI0
aI0
aI0
aI0
atp7
.