((lp0
I0
aI2000
aI4000
aI6000
aI8000
aI10000
aI12000
aI14000
aI16000
aI18000
aI20000
aI22000
aI24000
aI26000
aI28000
aI30000
aI32000
aI34000
aI36000
aI40000
a(lp1
I46
aI67
aI80
aI85
aI88
aI89
aI89
aI92
aI94
aI94
aI95
aI95
aI97
aI99
aI99
aI99
aI99
aI99
aI99
aI99
a(lp2
I81
aI99
aI99
aI99
aI99
aI99
aI99
aI99
aI99
aI99
aI100
aI99
aI99
aI100
aI100
aI100
aI100
aI100
aI100
aI100
a(lp3
I71
aI75
aI86
aI86
aI91
aI90
aI88
aI92
aI94
aI95
aI95
aI96
aI98
aI99
aI99
aI99
aI99
aI99
aI99
aI99
a(lp4
I100
aI100
aI100
aI98
aI100
aI100
aI99
aI100
aI100
aI100
aI100
aI100
aI100
aI100
aI100
aI100
aI100
aI100
aI100
aI100
a(lp5
I0
aI0
aI0
aI0
aI0
aI0
aI0
aI0
aI0
aI0
aI0
aI0
aI0
aI0
aI0
aI0
aI0
aI0
aI0
aI0
a(lp6
I0
aI0
aI0
aI0
aI0
aI0
aI0
aI0
aI0
aI0
aI0
aI0
aI0
aI0
aI0
aI0
aI0
aI0
aI0
aI0
atp7
.