OUT:he throw -s a mother a stick .
TRG:she throw -s a boy a bag .
AGENT=CAT,PRON;ACTION=THROW;RECIPIENT=INDEF,BOY;PATIENT=INDEF,BAG;E=EN,SIMPLE,AGT,PAT,REC,PRESENT
----------------(0)
OUT:he is present -ing a mother a stick .
TRG:she is present -ing a dog a toy .
AGENT=MOTHER,PRON;ACTION=PRESENT;RECIPIENT=INDEF,DOG;PATIENT=INDEF,TOY;E=EN,PROG,AGT,PAT,REC,PRESENT
----------------(0)
OUT:she is give -ing a stick to a mother .
TRG:he is give -ing a stick to a mother .
AGENT=MAN,PRON;ACTION=GIVE;PATIENT=INDEF,STICK;RECIPIENT=INDEF,MOTHER;E=EN,PROG,PAT,-1,REC,PRESENT
----------------(0)
OUT:he throw -s a mother the stick .
TRG:she throw -s a father the ball .
AGENT=MOTHER,PRON;ACTION=THROW;RECIPIENT=INDEF,FATHER;PATIENT=DEF,BALL;E=EN,SIMPLE,AGT,PAT,REC,PRESENT
----------------(0)
OUT:he is present -ing the stick to a mother .
TRG:she is present -ing the kite to a dog .
AGENT=WOMAN,PRON;ACTION=PRESENT;PATIENT=DEF,KITE;RECIPIENT=INDEF,DOG;E=EN,PROG,PAT,-1,REC,PRESENT
----------------(0)
OUT:she give -s a mother a stick .
TRG:he give -s a mother a bag .
AGENT=BROTHER,PRON;ACTION=GIVE;RECIPIENT=INDEF,MOTHER;PATIENT=INDEF,BAG;E=EN,SIMPLE,AGT,PAT,REC,PRESENT
----------------(0)
OUT:he is throw -ing the stick to the mother .
TRG:she is throw -ing the stick to the dog .
AGENT=CAT,PRON;ACTION=THROW;PATIENT=DEF,STICK;RECIPIENT=DEF,DOG;E=EN,PROG,PAT,-1,REC,PRESENT
----------------(0)
OUT:he give -s a stick to the to the
TRG:she give -s a key to the boy .
AGENT=CAT,PRON;ACTION=GIVE;PATIENT=INDEF,KEY;RECIPIENT=DEF,BOY;E=EN,SIMPLE,PAT,-1,REC,PRESENT
----------------(0)
OUT:he show -s a a a stick .
TRG:she show -s a man a stick .
AGENT=WOMAN,PRON;ACTION=SHOW;RECIPIENT=INDEF,MAN;PATIENT=INDEF,STICK;E=EN,SIMPLE,AGT,PAT,REC,PRESENT
----------------(0)
OUT:he show -s a stick to a to a
TRG:she show -s a kite to a father .
AGENT=WOMAN,PRON;ACTION=SHOW;PATIENT=INDEF,KITE;RECIPIENT=INDEF,FATHER;E=EN,SIMPLE,PAT,-1,REC,PRESENT
----------------(0)
OUT:she is present -ing a stick to the mother .
TRG:he is present -ing a toy to the mother .
AGENT=BROTHER,PRON;ACTION=PRESENT;PATIENT=INDEF,TOY;RECIPIENT=DEF,MOTHER;E=EN,PROG,PAT,-1,REC,PRESENT
----------------(0)
OUT:she show -s a mother the stick .
TRG:he show -s a mother the kite .
AGENT=BROTHER,PRON;ACTION=SHOW;RECIPIENT=INDEF,MOTHER;PATIENT=DEF,KITE;E=EN,SIMPLE,AGT,PAT,REC,PRESENT
----------------(0)
OUT:he give -s a mother the stick .
TRG:she give -s a man the key .
AGENT=SISTER,PRON;ACTION=GIVE;RECIPIENT=INDEF,MAN;PATIENT=DEF,KEY;E=EN,SIMPLE,AGT,PAT,REC,PRESENT
----------------(0)
OUT:she is show -ing the . the stick .
TRG:he is show -ing the sister the kite .
AGENT=MAN,PRON;ACTION=SHOW;RECIPIENT=DEF,SISTER;PATIENT=DEF,KITE;E=EN,PROG,AGT,PAT,REC,PRESENT
----------------(0)
OUT:he is present -ing the stick to a mother .
TRG:she is present -ing the key to a boy .
AGENT=WOMAN,PRON;ACTION=PRESENT;PATIENT=DEF,KEY;RECIPIENT=INDEF,BOY;E=EN,PROG,PAT,-1,REC,PRESENT
----------------(0)
OUT:he throw -s a stick to the to the
TRG:she throw -s a kite to the boy .
AGENT=WOMAN,PRON;ACTION=THROW;PATIENT=INDEF,KITE;RECIPIENT=DEF,BOY;E=EN,SIMPLE,PAT,-1,REC,PRESENT
----------------(0)
OUT:he throw -s a stick to the to the
TRG:she throw -s a bag to the boy .
AGENT=SISTER,PRON;ACTION=THROW;PATIENT=INDEF,BAG;RECIPIENT=DEF,BOY;E=EN,SIMPLE,PAT,-1,REC,PRESENT
----------------(0)
OUT:he throw -s the stick to a to a
TRG:she throw -s the kite to a boy .
AGENT=CAT,PRON;ACTION=THROW;PATIENT=DEF,KITE;RECIPIENT=INDEF,BOY;E=EN,SIMPLE,PAT,-1,REC,PRESENT
----------------(0)
OUT:he throw -s the stick to a to a
TRG:she throw -s the kite to a brother .
AGENT=CAT,PRON;ACTION=THROW;PATIENT=DEF,KITE;RECIPIENT=INDEF,BROTHER;E=EN,SIMPLE,PAT,-1,REC,PRESENT
----------------(0)
OUT:he is give -ing the mother a stick .
TRG:she is give -ing the father a bag .
AGENT=MOTHER,PRON;ACTION=GIVE;RECIPIENT=DEF,FATHER;PATIENT=INDEF,BAG;E=EN,PROG,AGT,PAT,REC,PRESENT
----------------(0)
OUT:she is throw -ing a stick to the mother .
TRG:he is throw -ing a kite to the cat .
AGENT=MAN,PRON;ACTION=THROW;PATIENT=INDEF,KITE;RECIPIENT=DEF,CAT;E=EN,PROG,PAT,-1,REC,PRESENT
----------------(0)
OUT:he is present -ing a mother the stick .
TRG:she is present -ing a brother the kite .
AGENT=CAT,PRON;ACTION=PRESENT;RECIPIENT=INDEF,BROTHER;PATIENT=DEF,KITE;E=EN,PROG,AGT,PAT,REC,PRESENT
----------------(0)
OUT:he present -s a stick to a to a
TRG:she present -s a toy to a brother .
AGENT=CAT,PRON;ACTION=PRESENT;PATIENT=INDEF,TOY;RECIPIENT=INDEF,BROTHER;E=EN,SIMPLE,PAT,-1,REC,PRESENT
----------------(0)
OUT:she is give -ing a mother the stick .
TRG:he is give -ing a sister the ball .
AGENT=BROTHER,PRON;ACTION=GIVE;RECIPIENT=INDEF,SISTER;PATIENT=DEF,BALL;E=EN,PROG,AGT,PAT,REC,PRESENT
----------------(0)
OUT:he is present -ing a mother the stick .
TRG:she is present -ing a dog the stick .
AGENT=MOTHER,PRON;ACTION=PRESENT;RECIPIENT=INDEF,DOG;PATIENT=DEF,STICK;E=EN,PROG,AGT,PAT,REC,PRESENT
----------------(0)
OUT:he present -s the mother a stick .
TRG:she present -s the dog a bag .
AGENT=WOMAN,PRON;ACTION=PRESENT;RECIPIENT=DEF,DOG;PATIENT=INDEF,BAG;E=EN,SIMPLE,AGT,PAT,REC,PRESENT
----------------(0)
