((lp0
I0
aI2000
aI4000
aI6000
aI8000
aI10000
aI12000
aI14000
aI16000
aI18000
aI20000
aI22000
aI24000
aI26000
aI28000
aI30000
aI32000
aI34000
aI36000
aI40000
a(lp1
I24
aI61
aI93
aI99
aI97
aI86
aI86
aI87
aI100
aI96
aI94
aI99
aI100
aI100
aI100
aI100
aI100
aI100
aI100
aI100
a(lp2
I26
aI68
aI95
aI99
aI97
aI87
aI87
aI88
aI100
aI96
aI95
aI99
aI100
aI100
aI100
aI100
aI100
aI100
aI100
aI100
a(lp3
I48
aI90
aI100
aI100
aI86
aI97
aI90
aI100
aI100
aI100
aI79
aI100
aI100
aI100
aI100
aI100
aI100
aI100
aI100
aI100
a(lp4
I53
aI92
aI100
aI100
aI92
aI97
aI91
aI100
aI100
aI100
aI83
aI100
aI100
aI100
aI100
aI100
aI100
aI100
aI100
aI100
a(lp5
I0
aI0
aI0
aI0
aI0
aI0
aI0
aI0
aI0
aI0
aI0
aI0
aI0
aI0
aI0
aI0
aI0
aI0
aI0
aI0
a(lp6
I0
aI0
aI0
aI0
aI0
aI0
aI0
aI0
aI0
aI0
aI0
aI0
aI0
aI0
aI0
aI0
aI0
aI0
aI0
aI0
atp7
.