((lp0
I0
aI2000
aI4000
aI6000
aI8000
aI10000
aI12000
aI14000
aI16000
aI18000
aI20000
aI22000
aI24000
aI26000
aI28000
aI30000
aI32000
aI34000
aI36000
aI40000
a(lp1
I36
aI60
aI59
aI76
aI93
aI100
aI100
aI100
aI100
aI100
aI99
aI100
aI95
aI95
aI95
aI94
aI92
aI92
aI92
aI92
a(lp2
I48
aI70
aI75
aI84
aI96
aI100
aI100
aI100
aI100
aI100
aI99
aI100
aI99
aI99
aI99
aI100
aI99
aI99
aI99
aI100
a(lp3
I61
aI47
aI35
aI94
aI100
aI100
aI100
aI100
aI100
aI100
aI100
aI100
aI95
aI95
aI94
aI91
aI91
aI93
aI90
aI93
a(lp4
I79
aI49
aI48
aI100
aI100
aI100
aI100
aI100
aI100
aI100
aI100
aI100
aI100
aI100
aI100
aI100
aI100
aI100
aI100
aI100
a(lp5
I0
aI0
aI0
aI0
aI0
aI0
aI0
aI0
aI0
aI0
aI0
aI0
aI0
aI0
aI0
aI13
aI13
aI13
aI18
aI13
a(lp6
I0
aI0
aI0
aI0
aI0
aI0
aI0
aI0
aI0
aI0
aI0
aI0
aI0
aI0
aI0
aI13
aI13
aI13
aI18
aI13
atp7
.