OUT:él d -a a_ una hermana la cometa .
TRG:ella d -a a_ una hermana la cometa .
AGENT=MOTHER,PRON;ACTION=GIVE;RECIPIENT=INDEF,SISTER;PATIENT=DEF,KITE;E=ES,SIMPLE,AGT,PAT,REC,PRESENT
----------------(6000)
OUT:él mostr -a a_ una hermana un bolso .
TRG:ella mostr -a a_ una hermana un bolso .
AGENT=MOTHER,PRON;ACTION=SHOW;RECIPIENT=INDEF,SISTER;PATIENT=INDEF,BAG;E=ES,SIMPLE,AGT,PAT,REC,PRESENT
----------------(6000)
OUT:él mostr -a a_ la hermana un bolso .
TRG:ella mostr -a a_ la hermana un bolso .
AGENT=GIRL,PRON;ACTION=SHOW;RECIPIENT=DEF,SISTER;PATIENT=INDEF,BAG;E=ES,SIMPLE,AGT,PAT,REC,PRESENT
----------------(6000)
OUT:él está mostr -ando a_ un hermano la la .
TRG:ella está mostr -ando a_ un hermano la pelota .
AGENT=MOTHER,PRON;ACTION=SHOW;RECIPIENT=INDEF,BROTHER;PATIENT=DEF,BALL;E=ES,PROG,AGT,PAT,REC,PRESENT
----------------(6000)
OUT:él está mostr -ando a_ un hermano la pelota .
TRG:ella está mostr -ando a_ un hermano la pelota .
AGENT=MOTHER,PRON;ACTION=SHOW;RECIPIENT=INDEF,BROTHER;PATIENT=DEF,BALL;E=ES,PROG,AGT,PAT,REC,PRESENT
----------------(8000)
OUT:él empuj -a un hermano .
TRG:ella empuj -a un hermano .
AGENT=MOTHER,PRON;ACTION=PUSH;PATIENT=INDEF,BROTHER;E=ES,SIMPLE,AGT,PAT,PRESENT
----------------(12000)
OUT:she show -s a boy the . .
TRG:he show -s a boy the toy .
AGENT=DOG,PRON;ACTION=SHOW;RECIPIENT=INDEF,BOY;PATIENT=DEF,TOY;E=EN,SIMPLE,AGT,PAT,REC,PRESENT
----------------(14000)
OUT:she show -s a woman a . .
TRG:he show -s a woman a stick .
AGENT=FATHER,PRON;ACTION=SHOW;RECIPIENT=INDEF,WOMAN;PATIENT=INDEF,STICK;E=EN,SIMPLE,AGT,PAT,REC,PRESENT
----------------(14000)
OUT:he push -s the push -ing
TRG:she push -s the man .
AGENT=MOTHER,PRON;ACTION=PUSH;PATIENT=DEF,MAN;E=EN,SIMPLE,AGT,PAT,PRESENT
----------------(14000)
OUT:she give -s a mother a . .
TRG:he give -s a mother a bag .
AGENT=BROTHER,PRON;ACTION=GIVE;RECIPIENT=INDEF,MOTHER;PATIENT=INDEF,BAG;E=EN,SIMPLE,AGT,PAT,REC,PRESENT
----------------(14000)
OUT:she give -s a brother the . .
TRG:he give -s a brother the stick .
AGENT=DOG,PRON;ACTION=GIVE;RECIPIENT=INDEF,BROTHER;PATIENT=DEF,STICK;E=EN,SIMPLE,AGT,PAT,REC,PRESENT
----------------(14000)
OUT:he push -s the push -ing
TRG:she push -s the brother .
AGENT=WOMAN,PRON;ACTION=PUSH;PATIENT=DEF,BROTHER;E=EN,SIMPLE,AGT,PAT,PRESENT
----------------(14000)
OUT:she push -s a push -ing
TRG:he push -s a bag .
AGENT=DOG,PRON;ACTION=PUSH;PATIENT=INDEF,BAG;E=EN,SIMPLE,AGT,PAT,PRESENT
----------------(14000)
OUT:she present -s . father the -s the
TRG:he present -s the father the stick .
AGENT=DOG,PRON;ACTION=PRESENT;RECIPIENT=DEF,FATHER;PATIENT=DEF,STICK;E=EN,SIMPLE,AGT,PAT,REC,PRESENT
----------------(14000)
OUT:she push -s a push -ing
TRG:he push -s a kite .
AGENT=BROTHER,PRON;ACTION=PUSH;PATIENT=INDEF,KITE;E=EN,SIMPLE,AGT,PAT,PRESENT
----------------(14000)
OUT:she hit -s a hit .
TRG:he hit -s a mother .
AGENT=BROTHER,PRON;ACTION=HIT;PATIENT=INDEF,MOTHER;E=EN,SIMPLE,AGT,PAT,PRESENT
----------------(14000)
OUT:she hit -s a hit .
TRG:he hit -s a key .
AGENT=DOG,PRON;ACTION=HIT;PATIENT=INDEF,KEY;E=EN,SIMPLE,AGT,PAT,PRESENT
----------------(14000)
OUT:she show -s a woman a . .
TRG:he show -s a woman a ball .
AGENT=FATHER,PRON;ACTION=SHOW;RECIPIENT=INDEF,WOMAN;PATIENT=INDEF,BALL;E=EN,SIMPLE,AGT,PAT,REC,PRESENT
----------------(14000)
OUT:she kick -s a kick .
TRG:he kick -s a woman .
AGENT=BROTHER,PRON;ACTION=KICK;PATIENT=INDEF,WOMAN;E=EN,SIMPLE,AGT,PAT,PRESENT
----------------(14000)
OUT:she present -s a sister a . .
TRG:he present -s a sister a ball .
AGENT=FATHER,PRON;ACTION=PRESENT;RECIPIENT=INDEF,SISTER;PATIENT=INDEF,BALL;E=EN,SIMPLE,AGT,PAT,REC,PRESENT
----------------(14000)
OUT:she throw -s a father a . .
TRG:he throw -s a father a ball .
AGENT=BOY,PRON;ACTION=THROW;RECIPIENT=INDEF,FATHER;PATIENT=INDEF,BALL;E=EN,SIMPLE,AGT,PAT,REC,PRESENT
----------------(14000)
OUT:she carry -s a carry .
TRG:he carry -s a girl .
AGENT=BOY,PRON;ACTION=CARRY;PATIENT=INDEF,GIRL;E=EN,SIMPLE,AGT,PAT,PRESENT
----------------(14000)
OUT:she present -s the dog the . .
TRG:he present -s a dog the bag .
AGENT=DOG,PRON;ACTION=PRESENT;RECIPIENT=INDEF,DOG;PATIENT=DEF,BAG;E=EN,SIMPLE,AGT,PAT,REC,PRESENT
----------------(14000)
OUT:she show -s a mother the . .
TRG:he show -s a mother the kite .
AGENT=BROTHER,PRON;ACTION=SHOW;RECIPIENT=INDEF,MOTHER;PATIENT=DEF,KITE;E=EN,SIMPLE,AGT,PAT,REC,PRESENT
----------------(14000)
OUT:she kick -s a kick .
TRG:he kick -s a girl .
AGENT=MAN,PRON;ACTION=KICK;PATIENT=INDEF,GIRL;E=EN,SIMPLE,AGT,PAT,PRESENT
----------------(14000)
OUT:he push -s a push -ing
TRG:she push -s a dog .
AGENT=CAT,PRON;ACTION=PUSH;PATIENT=INDEF,DOG;E=EN,SIMPLE,AGT,PAT,PRESENT
----------------(14000)
OUT:she push -s a push -ing
TRG:he push -s a bag .
AGENT=FATHER,PRON;ACTION=PUSH;PATIENT=INDEF,BAG;E=EN,SIMPLE,AGT,PAT,PRESENT
----------------(14000)
OUT:she present -s a cat the . .
TRG:he present -s a cat the toy .
AGENT=MAN,PRON;ACTION=PRESENT;RECIPIENT=INDEF,CAT;PATIENT=DEF,TOY;E=EN,SIMPLE,AGT,PAT,REC,PRESENT
----------------(14000)
OUT:she give -s the woman the . .
TRG:he give -s the woman the stick .
AGENT=FATHER,PRON;ACTION=GIVE;RECIPIENT=DEF,WOMAN;PATIENT=DEF,STICK;E=EN,SIMPLE,AGT,PAT,REC,PRESENT
----------------(14000)
OUT:she kick -s a kick .
TRG:he kick -s a toy .
AGENT=FATHER,PRON;ACTION=KICK;PATIENT=INDEF,TOY;E=EN,SIMPLE,AGT,PAT,PRESENT
----------------(14000)
OUT:she throw -s a boy the . .
TRG:he throw -s a boy the toy .
AGENT=FATHER,PRON;ACTION=THROW;RECIPIENT=INDEF,BOY;PATIENT=DEF,TOY;E=EN,SIMPLE,AGT,PAT,REC,PRESENT
----------------(14000)
OUT:she give -s a dog the . .
TRG:he give -s a dog the kite .
AGENT=BOY,PRON;ACTION=GIVE;RECIPIENT=INDEF,DOG;PATIENT=DEF,KITE;E=EN,SIMPLE,AGT,PAT,REC,PRESENT
----------------(14000)
OUT:she kick -s the kick .
TRG:he kick -s the toy .
AGENT=BROTHER,PRON;ACTION=KICK;PATIENT=DEF,TOY;E=EN,SIMPLE,AGT,PAT,PRESENT
----------------(14000)
OUT:she throw -s the boy a . .
TRG:he throw -s the boy a stick .
AGENT=BOY,PRON;ACTION=THROW;RECIPIENT=DEF,BOY;PATIENT=INDEF,STICK;E=EN,SIMPLE,AGT,PAT,REC,PRESENT
----------------(14000)
OUT:she kick -s the kick .
TRG:he kick -s the stick .
AGENT=BOY,PRON;ACTION=KICK;PATIENT=DEF,STICK;E=EN,SIMPLE,AGT,PAT,PRESENT
----------------(14000)
OUT:he hit -s a hit .
TRG:she hit -s a brother .
AGENT=MOTHER,PRON;ACTION=HIT;PATIENT=INDEF,BROTHER;E=EN,SIMPLE,AGT,PAT,PRESENT
----------------(14000)
OUT:she give -s the woman the . .
TRG:he give -s the woman the bag .
AGENT=FATHER,PRON;ACTION=GIVE;RECIPIENT=DEF,WOMAN;PATIENT=DEF,BAG;E=EN,SIMPLE,AGT,PAT,REC,PRESENT
----------------(14000)
OUT:she hit -s a key .
TRG:he hit -s a key .
AGENT=DOG,PRON;ACTION=HIT;PATIENT=INDEF,KEY;E=EN,SIMPLE,AGT,PAT,PRESENT
----------------(16000)
OUT:he kick -s the kite .
TRG:she kick -s the kite .
AGENT=WOMAN,PRON;ACTION=KICK;PATIENT=DEF,KITE;E=EN,SIMPLE,AGT,PAT,PRESENT
----------------(16000)
OUT:he push -s the brother .
TRG:she push -s the brother .
AGENT=WOMAN,PRON;ACTION=PUSH;PATIENT=DEF,BROTHER;E=EN,SIMPLE,AGT,PAT,PRESENT
----------------(16000)
OUT:she carry -s a girl .
TRG:he carry -s a girl .
AGENT=BOY,PRON;ACTION=CARRY;PATIENT=INDEF,GIRL;E=EN,SIMPLE,AGT,PAT,PRESENT
----------------(16000)
OUT:he hit -s a bag .
TRG:she hit -s a bag .
AGENT=MOTHER,PRON;ACTION=HIT;PATIENT=INDEF,BAG;E=EN,SIMPLE,AGT,PAT,PRESENT
----------------(16000)
OUT:he push -s a dog .
TRG:she push -s a dog .
AGENT=CAT,PRON;ACTION=PUSH;PATIENT=INDEF,DOG;E=EN,SIMPLE,AGT,PAT,PRESENT
----------------(16000)
OUT:he push -s a stick .
TRG:she push -s a stick .
AGENT=SISTER,PRON;ACTION=PUSH;PATIENT=INDEF,STICK;E=EN,SIMPLE,AGT,PAT,PRESENT
----------------(16000)
OUT:he push -s the man .
TRG:she push -s the man .
AGENT=MOTHER,PRON;ACTION=PUSH;PATIENT=DEF,MAN;E=EN,SIMPLE,AGT,PAT,PRESENT
----------------(16000)
OUT:he push -s the stick .
TRG:she push -s the stick .
AGENT=SISTER,PRON;ACTION=PUSH;PATIENT=DEF,STICK;E=EN,SIMPLE,AGT,PAT,PRESENT
----------------(16000)
OUT:she hit -s a mother .
TRG:he hit -s a mother .
AGENT=BROTHER,PRON;ACTION=HIT;PATIENT=INDEF,MOTHER;E=EN,SIMPLE,AGT,PAT,PRESENT
----------------(16000)
OUT:he push -s the bag .
TRG:she push -s the bag .
AGENT=GIRL,PRON;ACTION=PUSH;PATIENT=DEF,BAG;E=EN,SIMPLE,AGT,PAT,PRESENT
----------------(16000)
OUT:he hit -s a brother .
TRG:she hit -s a brother .
AGENT=MOTHER,PRON;ACTION=HIT;PATIENT=INDEF,BROTHER;E=EN,SIMPLE,AGT,PAT,PRESENT
----------------(16000)
OUT:she kick -s a girl .
TRG:he kick -s a girl .
AGENT=MAN,PRON;ACTION=KICK;PATIENT=INDEF,GIRL;E=EN,SIMPLE,AGT,PAT,PRESENT
----------------(16000)
OUT:she kick -s a woman .
TRG:he kick -s a woman .
AGENT=BROTHER,PRON;ACTION=KICK;PATIENT=INDEF,WOMAN;E=EN,SIMPLE,AGT,PAT,PRESENT
----------------(16000)
OUT:he push -s the brother .
TRG:she push -s the brother .
AGENT=WOMAN,PRON;ACTION=PUSH;PATIENT=DEF,BROTHER;E=EN,SIMPLE,AGT,PAT,PRESENT
----------------(18000)
OUT:he push -s the man .
TRG:she push -s the man .
AGENT=MOTHER,PRON;ACTION=PUSH;PATIENT=DEF,MAN;E=EN,SIMPLE,AGT,PAT,PRESENT
----------------(18000)
OUT:he hit -s a brother .
TRG:she hit -s a brother .
AGENT=MOTHER,PRON;ACTION=HIT;PATIENT=INDEF,BROTHER;E=EN,SIMPLE,AGT,PAT,PRESENT
----------------(18000)
OUT:he push -s a dog .
TRG:she push -s a dog .
AGENT=CAT,PRON;ACTION=PUSH;PATIENT=INDEF,DOG;E=EN,SIMPLE,AGT,PAT,PRESENT
----------------(18000)
