OUT:he run -s .
TRG:she run -s .
AGENT=WOMAN,PRON;ACTION=RUN;E=EN,SIMPLE,AGT,PRESENT
----------------(0)
OUT:he show -s a key to the to the
TRG:she show -s a kite to a father .
AGENT=WOMAN,PRON;ACTION=SHOW;PATIENT=INDEF,KITE;RECIPIENT=INDEF,FATHER;E=EN,SIMPLE,PAT,-1,REC,PRESENT
----------------(0)
OUT:he is walk -ing .
TRG:she is walk -ing .
AGENT=GIRL,PRON;ACTION=WALK;E=EN,PROG,AGT,PRESENT
----------------(0)
OUT:he is show -ing a key to the . to
TRG:she is show -ing a key to a boy .
AGENT=SISTER,PRON;ACTION=SHOW;PATIENT=INDEF,KEY;RECIPIENT=INDEF,BOY;E=EN,PROG,PAT,-1,REC,PRESENT
----------------(0)
OUT:he present -s a key a key .
TRG:she present -s the dog a bag .
AGENT=WOMAN,PRON;ACTION=PRESENT;RECIPIENT=DEF,DOG;PATIENT=INDEF,BAG;E=EN,SIMPLE,AGT,PAT,REC,PRESENT
----------------(0)
OUT:he jump -s .
TRG:she jump -s .
AGENT=CAT,PRON;ACTION=JUMP;E=EN,SIMPLE,AGT,PRESENT
----------------(0)
OUT:he is push -ing a key .
TRG:she is push -ing a woman .
AGENT=WOMAN,PRON;ACTION=PUSH;PATIENT=INDEF,WOMAN;E=EN,PROG,AGT,PAT,PRESENT
----------------(0)
OUT:he give -s a key to the to the
TRG:she give -s a key to the boy .
AGENT=CAT,PRON;ACTION=GIVE;PATIENT=INDEF,KEY;RECIPIENT=DEF,BOY;E=EN,SIMPLE,PAT,-1,REC,PRESENT
----------------(0)
OUT:he show -s a key a key .
TRG:she show -s a man a stick .
AGENT=WOMAN,PRON;ACTION=SHOW;RECIPIENT=INDEF,MAN;PATIENT=INDEF,STICK;E=EN,SIMPLE,AGT,PAT,REC,PRESENT
----------------(0)
OUT:he throw -s a key to the to the
TRG:she throw -s a kite to the boy .
AGENT=WOMAN,PRON;ACTION=THROW;PATIENT=INDEF,KITE;RECIPIENT=DEF,BOY;E=EN,SIMPLE,PAT,-1,REC,PRESENT
----------------(0)
OUT:he throw -s the key to the to the
TRG:she throw -s the kite to the mother .
AGENT=WOMAN,PRON;ACTION=THROW;PATIENT=DEF,KITE;RECIPIENT=DEF,MOTHER;E=EN,SIMPLE,PAT,-1,REC,PRESENT
----------------(0)
OUT:he is present -ing a key a he .
TRG:she is present -ing a girl a bag .
AGENT=MOTHER,PRON;ACTION=PRESENT;RECIPIENT=INDEF,GIRL;PATIENT=INDEF,BAG;E=EN,PROG,AGT,PAT,REC,PRESENT
----------------(0)
OUT:he jump -s .
TRG:she jump -s .
AGENT=MOTHER,PRON;ACTION=JUMP;E=EN,SIMPLE,AGT,PRESENT
----------------(0)
OUT:he jump -s .
TRG:she jump -s .
AGENT=SISTER,PRON;ACTION=JUMP;E=EN,SIMPLE,AGT,PRESENT
----------------(0)
OUT:he is run -ing .
TRG:she is run -ing .
AGENT=WOMAN,PRON;ACTION=RUN;E=EN,PROG,AGT,PRESENT
----------------(0)
OUT:he is present -ing a key to the . to
TRG:she is present -ing a stick to the cat .
AGENT=WOMAN,PRON;ACTION=PRESENT;PATIENT=INDEF,STICK;RECIPIENT=DEF,CAT;E=EN,PROG,PAT,-1,REC,PRESENT
----------------(0)
OUT:he give -s the key the key .
TRG:she give -s a man the key .
AGENT=SISTER,PRON;ACTION=GIVE;RECIPIENT=INDEF,MAN;PATIENT=DEF,KEY;E=EN,SIMPLE,AGT,PAT,REC,PRESENT
----------------(0)
OUT:he is show -ing the key a he .
TRG:she is show -ing the sister a stick .
AGENT=WOMAN,PRON;ACTION=SHOW;RECIPIENT=DEF,SISTER;PATIENT=INDEF,STICK;E=EN,PROG,AGT,PAT,REC,PRESENT
----------------(0)
OUT:he push -s a key .
TRG:she push -s a stick .
AGENT=SISTER,PRON;ACTION=PUSH;PATIENT=INDEF,STICK;E=EN,SIMPLE,AGT,PAT,PRESENT
----------------(0)
OUT:he jump -s .
TRG:she jump -s .
AGENT=MOTHER,PRON;ACTION=JUMP;E=EN,SIMPLE,AGT,PRESENT
----------------(0)
OUT:he is give -ing a key to the a the
TRG:she is give -ing a kite to a sister .
AGENT=SISTER,PRON;ACTION=GIVE;PATIENT=INDEF,KITE;RECIPIENT=INDEF,SISTER;E=EN,PROG,PAT,-1,REC,PRESENT
----------------(0)
OUT:he is give -ing the key a he .
TRG:she is give -ing the father a bag .
AGENT=MOTHER,PRON;ACTION=GIVE;RECIPIENT=DEF,FATHER;PATIENT=INDEF,BAG;E=EN,PROG,AGT,PAT,REC,PRESENT
----------------(0)
OUT:he is throw -ing a key the he .
TRG:she is throw -ing a cat the kite .
AGENT=GIRL,PRON;ACTION=THROW;RECIPIENT=INDEF,CAT;PATIENT=DEF,KITE;E=EN,PROG,AGT,PAT,REC,PRESENT
----------------(0)
OUT:he hit -s a hermano .
TRG:she hit -s a brother .
AGENT=MOTHER,PRON;ACTION=HIT;PATIENT=INDEF,BROTHER;E=EN,SIMPLE,AGT,PAT,PRESENT
----------------(0)
OUT:he is hit -ing the key .
TRG:she is hit -ing the toy .
AGENT=CAT,PRON;ACTION=HIT;PATIENT=DEF,TOY;E=EN,PROG,AGT,PAT,PRESENT
----------------(0)
OUT:he is present -ing the key to the the the
TRG:she is present -ing the key to a boy .
AGENT=WOMAN,PRON;ACTION=PRESENT;PATIENT=DEF,KEY;RECIPIENT=INDEF,BOY;E=EN,PROG,PAT,-1,REC,PRESENT
----------------(0)
OUT:he is show -ing a key the he .
TRG:she is show -ing a man the toy .
AGENT=GIRL,PRON;ACTION=SHOW;RECIPIENT=INDEF,MAN;PATIENT=DEF,TOY;E=EN,PROG,AGT,PAT,REC,PRESENT
----------------(0)
OUT:he is push -ing the key .
TRG:she is push -ing the key .
AGENT=WOMAN,PRON;ACTION=PUSH;PATIENT=DEF,KEY;E=EN,PROG,AGT,PAT,PRESENT
----------------(0)
OUT:he is walk -ing .
TRG:she is walk -ing .
AGENT=GIRL,PRON;ACTION=WALK;E=EN,PROG,AGT,PRESENT
----------------(0)
OUT:he is present -ing a key the he .
TRG:she is present -ing a brother the kite .
AGENT=CAT,PRON;ACTION=PRESENT;RECIPIENT=INDEF,BROTHER;PATIENT=DEF,KITE;E=EN,PROG,AGT,PAT,REC,PRESENT
----------------(0)
OUT:he run -s .
TRG:she run -s .
AGENT=GIRL,PRON;ACTION=RUN;E=EN,SIMPLE,AGT,PRESENT
----------------(0)
OUT:he throw -s the key the key .
TRG:she throw -s a mother the kite .
AGENT=GIRL,PRON;ACTION=THROW;RECIPIENT=INDEF,MOTHER;PATIENT=DEF,KITE;E=EN,SIMPLE,AGT,PAT,REC,PRESENT
----------------(0)
OUT:he throw -s the key the key .
TRG:she throw -s the sister the stick .
AGENT=CAT,PRON;ACTION=THROW;RECIPIENT=DEF,SISTER;PATIENT=DEF,STICK;E=EN,SIMPLE,AGT,PAT,REC,PRESENT
----------------(0)
OUT:he is give -ing the key a he .
TRG:she is give -ing the woman a kite .
AGENT=CAT,PRON;ACTION=GIVE;RECIPIENT=DEF,WOMAN;PATIENT=INDEF,KITE;E=EN,PROG,AGT,PAT,REC,PRESENT
----------------(0)
OUT:he push -s a key .
TRG:she push -s a sister .
AGENT=CAT,PRON;ACTION=PUSH;PATIENT=INDEF,SISTER;E=EN,SIMPLE,AGT,PAT,PRESENT
----------------(0)
OUT:he jump -s .
TRG:she jump -s .
AGENT=GIRL,PRON;ACTION=JUMP;E=EN,SIMPLE,AGT,PRESENT
----------------(0)
OUT:he is kick -ing a key .
TRG:she is kick -ing a cat .
AGENT=SISTER,PRON;ACTION=KICK;PATIENT=INDEF,CAT;E=EN,PROG,AGT,PAT,PRESENT
----------------(0)
OUT:he present -s a key a key .
TRG:she present -s the cat a ball .
AGENT=SISTER,PRON;ACTION=PRESENT;RECIPIENT=DEF,CAT;PATIENT=INDEF,BALL;E=EN,SIMPLE,AGT,PAT,REC,PRESENT
----------------(0)
OUT:he jump -s .
TRG:she jump -s .
AGENT=SISTER,PRON;ACTION=JUMP;E=EN,SIMPLE,AGT,PRESENT
----------------(0)
OUT:he is walk -ing .
TRG:she is walk -ing .
AGENT=SISTER,PRON;ACTION=WALK;E=EN,PROG,AGT,PRESENT
----------------(0)
OUT:he is push -ing a key .
TRG:she is push -ing a ball .
AGENT=GIRL,PRON;ACTION=PUSH;PATIENT=INDEF,BALL;E=EN,PROG,AGT,PAT,PRESENT
----------------(0)
OUT:he throw -s the key to the to the
TRG:she throw -s the kite to a woman .
AGENT=SISTER,PRON;ACTION=THROW;PATIENT=DEF,KITE;RECIPIENT=INDEF,WOMAN;E=EN,SIMPLE,PAT,-1,REC,PRESENT
----------------(0)
OUT:he carry -s the key .
TRG:she carry -s the key .
AGENT=MOTHER,PRON;ACTION=CARRY;PATIENT=DEF,KEY;E=EN,SIMPLE,AGT,PAT,PRESENT
----------------(0)
OUT:he is kick -ing the key .
TRG:she is kick -ing the father .
AGENT=CAT,PRON;ACTION=KICK;PATIENT=DEF,FATHER;E=EN,PROG,AGT,PAT,PRESENT
----------------(0)
OUT:he is push -ing the key .
TRG:she is push -ing the boy .
AGENT=SISTER,PRON;ACTION=PUSH;PATIENT=DEF,BOY;E=EN,PROG,AGT,PAT,PRESENT
----------------(0)
OUT:he is run -ing .
TRG:she is run -ing .
AGENT=MOTHER,PRON;ACTION=RUN;E=EN,PROG,AGT,PRESENT
----------------(0)
OUT:he swim -s .
TRG:she swim -s .
AGENT=GIRL,PRON;ACTION=SWIM;E=EN,SIMPLE,AGT,PRESENT
----------------(0)
OUT:he is give -ing a key to the a the
TRG:she is give -ing a ball to a mother .
AGENT=CAT,PRON;ACTION=GIVE;PATIENT=INDEF,BALL;RECIPIENT=INDEF,MOTHER;E=EN,PROG,PAT,-1,REC,PRESENT
----------------(0)
OUT:he present -s a key to the to the
TRG:she present -s a key to the woman .
AGENT=WOMAN,PRON;ACTION=PRESENT;PATIENT=INDEF,KEY;RECIPIENT=DEF,WOMAN;E=EN,SIMPLE,PAT,-1,REC,PRESENT
----------------(0)
OUT:he is kick -ing the key .
TRG:she is kick -ing the father .
AGENT=WOMAN,PRON;ACTION=KICK;PATIENT=DEF,FATHER;E=EN,PROG,AGT,PAT,PRESENT
----------------(0)
OUT:he is show -ing a key to the a to
TRG:she is show -ing a key to a woman .
AGENT=SISTER,PRON;ACTION=SHOW;PATIENT=INDEF,KEY;RECIPIENT=INDEF,WOMAN;E=EN,PROG,PAT,-1,REC,PRESENT
----------------(0)
OUT:he throw -s a key a key .
TRG:she throw -s a boy a bag .
AGENT=CAT,PRON;ACTION=THROW;RECIPIENT=INDEF,BOY;PATIENT=INDEF,BAG;E=EN,SIMPLE,AGT,PAT,REC,PRESENT
----------------(0)
OUT:he is jump -ing .
TRG:she is jump -ing .
AGENT=GIRL,PRON;ACTION=JUMP;E=EN,PROG,AGT,PRESENT
----------------(0)
OUT:he run -s .
TRG:she run -s .
AGENT=CAT,PRON;ACTION=RUN;E=EN,SIMPLE,AGT,PRESENT
----------------(0)
OUT:he is kick -ing the key .
TRG:she is kick -ing the mother .
AGENT=CAT,PRON;ACTION=KICK;PATIENT=DEF,MOTHER;E=EN,PROG,AGT,PAT,PRESENT
----------------(0)
OUT:he hit -s the niña .
TRG:she hit -s the girl .
AGENT=CAT,PRON;ACTION=HIT;PATIENT=DEF,GIRL;E=EN,SIMPLE,AGT,PAT,PRESENT
----------------(0)
OUT:he is present -ing a key a he .
TRG:she is present -ing a dog a toy .
AGENT=MOTHER,PRON;ACTION=PRESENT;RECIPIENT=INDEF,DOG;PATIENT=INDEF,TOY;E=EN,PROG,AGT,PAT,REC,PRESENT
----------------(0)
OUT:he show -s the key the key .
TRG:she show -s a mother the bag .
AGENT=GIRL,PRON;ACTION=SHOW;RECIPIENT=INDEF,MOTHER;PATIENT=DEF,BAG;E=EN,SIMPLE,AGT,PAT,REC,PRESENT
----------------(0)
OUT:he is jump -ing .
TRG:she is jump -ing .
AGENT=CAT,PRON;ACTION=JUMP;E=EN,PROG,AGT,PRESENT
----------------(0)
OUT:he throw -s the key to the to the
TRG:she throw -s the bag to the girl .
AGENT=SISTER,PRON;ACTION=THROW;PATIENT=DEF,BAG;RECIPIENT=DEF,GIRL;E=EN,SIMPLE,PAT,-1,REC,PRESENT
----------------(0)
OUT:he is show -ing a key a he .
TRG:she is show -ing a girl a ball .
AGENT=SISTER,PRON;ACTION=SHOW;RECIPIENT=INDEF,GIRL;PATIENT=INDEF,BALL;E=EN,PROG,AGT,PAT,REC,PRESENT
----------------(0)
OUT:he push -s the key .
TRG:she push -s the bag .
AGENT=GIRL,PRON;ACTION=PUSH;PATIENT=DEF,BAG;E=EN,SIMPLE,AGT,PAT,PRESENT
----------------(0)
OUT:he is push -ing the key .
TRG:she is push -ing the toy .
AGENT=WOMAN,PRON;ACTION=PUSH;PATIENT=DEF,TOY;E=EN,PROG,AGT,PAT,PRESENT
----------------(0)
OUT:he is kick -ing a key .
TRG:she is kick -ing a sister .
AGENT=MOTHER,PRON;ACTION=KICK;PATIENT=INDEF,SISTER;E=EN,PROG,AGT,PAT,PRESENT
----------------(0)
OUT:he push -s a perro .
TRG:she push -s a dog .
AGENT=CAT,PRON;ACTION=PUSH;PATIENT=INDEF,DOG;E=EN,SIMPLE,AGT,PAT,PRESENT
----------------(0)
OUT:he is present -ing a key the he .
TRG:she is present -ing a dog the stick .
AGENT=MOTHER,PRON;ACTION=PRESENT;RECIPIENT=INDEF,DOG;PATIENT=DEF,STICK;E=EN,PROG,AGT,PAT,REC,PRESENT
----------------(0)
OUT:he is present -ing the key to the the to
TRG:she is present -ing the kite to the cat .
AGENT=WOMAN,PRON;ACTION=PRESENT;PATIENT=DEF,KITE;RECIPIENT=DEF,CAT;E=EN,PROG,PAT,-1,REC,PRESENT
----------------(0)
OUT:he carry -s a key .
TRG:she carry -s a key .
AGENT=MOTHER,PRON;ACTION=CARRY;PATIENT=INDEF,KEY;E=EN,SIMPLE,AGT,PAT,PRESENT
----------------(0)
OUT:he is show -ing a key to the . to
TRG:she is show -ing a ball to the brother .
AGENT=MOTHER,PRON;ACTION=SHOW;PATIENT=INDEF,BALL;RECIPIENT=DEF,BROTHER;E=EN,PROG,PAT,-1,REC,PRESENT
----------------(0)
OUT:he is carry -ing the key .
TRG:she is carry -ing the bag .
AGENT=GIRL,PRON;ACTION=CARRY;PATIENT=DEF,BAG;E=EN,PROG,AGT,PAT,PRESENT
----------------(0)
OUT:he is push -ing the key .
TRG:she is push -ing the sister .
AGENT=CAT,PRON;ACTION=PUSH;PATIENT=DEF,SISTER;E=EN,PROG,AGT,PAT,PRESENT
----------------(0)
OUT:he swim -s .
TRG:she swim -s .
AGENT=WOMAN,PRON;ACTION=SWIM;E=EN,SIMPLE,AGT,PRESENT
----------------(0)
OUT:he is throw -ing the key to the the the
TRG:she is throw -ing the toy to a woman .
AGENT=CAT,PRON;ACTION=THROW;PATIENT=DEF,TOY;RECIPIENT=INDEF,WOMAN;E=EN,PROG,PAT,-1,REC,PRESENT
----------------(0)
OUT:he is walk -ing .
TRG:she is walk -ing .
AGENT=GIRL,PRON;ACTION=WALK;E=EN,PROG,AGT,PRESENT
----------------(0)
OUT:he show -s the key the key .
TRG:she show -s a girl the ball .
AGENT=SISTER,PRON;ACTION=SHOW;RECIPIENT=INDEF,GIRL;PATIENT=DEF,BALL;E=EN,SIMPLE,AGT,PAT,REC,PRESENT
----------------(0)
OUT:he is throw -ing the key to the the to
TRG:she is throw -ing the stick to the dog .
AGENT=CAT,PRON;ACTION=THROW;PATIENT=DEF,STICK;RECIPIENT=DEF,DOG;E=EN,PROG,PAT,-1,REC,PRESENT
----------------(0)
OUT:he throw -s the key the key .
TRG:she throw -s the mother the ball .
AGENT=MOTHER,PRON;ACTION=THROW;RECIPIENT=DEF,MOTHER;PATIENT=DEF,BALL;E=EN,SIMPLE,AGT,PAT,REC,PRESENT
----------------(0)
OUT:he is show -ing the key to the the to
TRG:she is show -ing the kite to the sister .
AGENT=GIRL,PRON;ACTION=SHOW;PATIENT=DEF,KITE;RECIPIENT=DEF,SISTER;E=EN,PROG,PAT,-1,REC,PRESENT
----------------(0)
OUT:he is give -ing the key to the the the
TRG:she is give -ing the toy to a woman .
AGENT=GIRL,PRON;ACTION=GIVE;PATIENT=DEF,TOY;RECIPIENT=INDEF,WOMAN;E=EN,PROG,PAT,-1,REC,PRESENT
----------------(0)
OUT:he throw -s the key the key .
TRG:she throw -s a girl the toy .
AGENT=MOTHER,PRON;ACTION=THROW;RECIPIENT=INDEF,GIRL;PATIENT=DEF,TOY;E=EN,SIMPLE,AGT,PAT,REC,PRESENT
----------------(0)
OUT:he is swim -ing .
TRG:she is swim -ing .
AGENT=GIRL,PRON;ACTION=SWIM;E=EN,PROG,AGT,PRESENT
----------------(0)
OUT:he run -s .
TRG:she run -s .
AGENT=CAT,PRON;ACTION=RUN;E=EN,SIMPLE,AGT,PRESENT
----------------(0)
OUT:he is walk -ing .
TRG:she is walk -ing .
AGENT=GIRL,PRON;ACTION=WALK;E=EN,PROG,AGT,PRESENT
----------------(0)
OUT:he swim -s .
TRG:she swim -s .
AGENT=WOMAN,PRON;ACTION=SWIM;E=EN,SIMPLE,AGT,PRESENT
----------------(0)
OUT:he carry -s a key .
TRG:she carry -s a kite .
AGENT=SISTER,PRON;ACTION=CARRY;PATIENT=INDEF,KITE;E=EN,SIMPLE,AGT,PAT,PRESENT
----------------(0)
OUT:he throw -s the key to the to the
TRG:she throw -s the kite to a brother .
AGENT=CAT,PRON;ACTION=THROW;PATIENT=DEF,KITE;RECIPIENT=INDEF,BROTHER;E=EN,SIMPLE,PAT,-1,REC,PRESENT
----------------(0)
OUT:he walk -s .
TRG:she walk -s .
AGENT=SISTER,PRON;ACTION=WALK;E=EN,SIMPLE,AGT,PRESENT
----------------(0)
OUT:he push -s the key .
TRG:she push -s the stick .
AGENT=SISTER,PRON;ACTION=PUSH;PATIENT=DEF,STICK;E=EN,SIMPLE,AGT,PAT,PRESENT
----------------(0)
OUT:he throw -s a key to a to the
TRG:she throw -s a bag to the boy .
AGENT=SISTER,PRON;ACTION=THROW;PATIENT=INDEF,BAG;RECIPIENT=DEF,BOY;E=EN,SIMPLE,PAT,-1,REC,PRESENT
----------------(0)
OUT:he is run -ing .
TRG:she is run -ing .
AGENT=SISTER,PRON;ACTION=RUN;E=EN,PROG,AGT,PRESENT
----------------(0)
OUT:he push -s the hombre .
TRG:she push -s the man .
AGENT=MOTHER,PRON;ACTION=PUSH;PATIENT=DEF,MAN;E=EN,SIMPLE,AGT,PAT,PRESENT
----------------(0)
OUT:he is throw -ing a key a he .
TRG:she is throw -ing a woman a kite .
AGENT=WOMAN,PRON;ACTION=THROW;RECIPIENT=INDEF,WOMAN;PATIENT=INDEF,KITE;E=EN,PROG,AGT,PAT,REC,PRESENT
----------------(0)
OUT:he is swim -ing .
TRG:she is swim -ing .
AGENT=SISTER,PRON;ACTION=SWIM;E=EN,PROG,AGT,PRESENT
----------------(0)
OUT:he throw -s the key the key .
TRG:she throw -s a father the ball .
AGENT=MOTHER,PRON;ACTION=THROW;RECIPIENT=INDEF,FATHER;PATIENT=DEF,BALL;E=EN,SIMPLE,AGT,PAT,REC,PRESENT
----------------(0)
OUT:he kick -s the key .
TRG:she kick -s the cat .
AGENT=GIRL,PRON;ACTION=KICK;PATIENT=DEF,CAT;E=EN,SIMPLE,AGT,PAT,PRESENT
----------------(0)
OUT:he jump -s .
TRG:she jump -s .
AGENT=MOTHER,PRON;ACTION=JUMP;E=EN,SIMPLE,AGT,PRESENT
----------------(0)
OUT:he run -s .
TRG:she run -s .
AGENT=CAT,PRON;ACTION=RUN;E=EN,SIMPLE,AGT,PRESENT
----------------(0)
OUT:he throw -s a key a key .
TRG:she throw -s the mother a stick .
AGENT=CAT,PRON;ACTION=THROW;RECIPIENT=DEF,MOTHER;PATIENT=INDEF,STICK;E=EN,SIMPLE,AGT,PAT,REC,PRESENT
----------------(0)
OUT:he is present -ing a key to the a to
TRG:she is present -ing a ball to a girl .
AGENT=WOMAN,PRON;ACTION=PRESENT;PATIENT=INDEF,BALL;RECIPIENT=INDEF,GIRL;E=EN,PROG,PAT,-1,REC,PRESENT
----------------(0)
OUT:he present -s a key a key .
TRG:she present -s a girl a key .
AGENT=CAT,PRON;ACTION=PRESENT;RECIPIENT=INDEF,GIRL;PATIENT=INDEF,KEY;E=EN,SIMPLE,AGT,PAT,REC,PRESENT
----------------(0)
OUT:he give -s a key to the to the
TRG:she give -s a kite to the mother .
AGENT=GIRL,PRON;ACTION=GIVE;PATIENT=INDEF,KITE;RECIPIENT=DEF,MOTHER;E=EN,SIMPLE,PAT,-1,REC,PRESENT
----------------(0)
OUT:he jump -s .
TRG:she jump -s .
AGENT=GIRL,PRON;ACTION=JUMP;E=EN,SIMPLE,AGT,PRESENT
----------------(0)
OUT:he present -s a key a key .
TRG:she present -s a cat a ball .
AGENT=GIRL,PRON;ACTION=PRESENT;RECIPIENT=INDEF,CAT;PATIENT=INDEF,BALL;E=EN,SIMPLE,AGT,PAT,REC,PRESENT
----------------(0)
OUT:he throw -s the key to the to the
TRG:she throw -s the kite to a boy .
AGENT=CAT,PRON;ACTION=THROW;PATIENT=DEF,KITE;RECIPIENT=INDEF,BOY;E=EN,SIMPLE,PAT,-1,REC,PRESENT
----------------(0)
OUT:he is jump -ing .
TRG:she is jump -ing .
AGENT=WOMAN,PRON;ACTION=JUMP;E=EN,PROG,AGT,PRESENT
----------------(0)
OUT:he is throw -ing a key the key .
TRG:she is throw -ing a brother the key .
AGENT=SISTER,PRON;ACTION=THROW;RECIPIENT=INDEF,BROTHER;PATIENT=DEF,KEY;E=EN,PROG,AGT,PAT,REC,PRESENT
----------------(0)
OUT:he throw -s the key to the to the
TRG:she throw -s the kite to a girl .
AGENT=MOTHER,PRON;ACTION=THROW;PATIENT=DEF,KITE;RECIPIENT=INDEF,GIRL;E=EN,SIMPLE,PAT,-1,REC,PRESENT
----------------(0)
OUT:he is present -ing a key a he .
TRG:she is present -ing a mother a bag .
AGENT=WOMAN,PRON;ACTION=PRESENT;RECIPIENT=INDEF,MOTHER;PATIENT=INDEF,BAG;E=EN,PROG,AGT,PAT,REC,PRESENT
----------------(0)
OUT:he hit -s a key .
TRG:she hit -s a bag .
AGENT=MOTHER,PRON;ACTION=HIT;PATIENT=INDEF,BAG;E=EN,SIMPLE,AGT,PAT,PRESENT
----------------(0)
OUT:he is carry -ing the key .
TRG:she is carry -ing the brother .
AGENT=WOMAN,PRON;ACTION=CARRY;PATIENT=DEF,BROTHER;E=EN,PROG,AGT,PAT,PRESENT
----------------(0)
OUT:he is jump -ing .
TRG:she is jump -ing .
AGENT=SISTER,PRON;ACTION=JUMP;E=EN,PROG,AGT,PRESENT
----------------(0)
OUT:he push -s the hermano .
TRG:she push -s the brother .
AGENT=WOMAN,PRON;ACTION=PUSH;PATIENT=DEF,BROTHER;E=EN,SIMPLE,AGT,PAT,PRESENT
----------------(0)
OUT:he present -s a key to the to the
TRG:she present -s a key to a sister .
AGENT=MOTHER,PRON;ACTION=PRESENT;PATIENT=INDEF,KEY;RECIPIENT=INDEF,SISTER;E=EN,SIMPLE,PAT,-1,REC,PRESENT
----------------(0)
OUT:he is present -ing the key to the the the
TRG:she is present -ing the kite to a dog .
AGENT=WOMAN,PRON;ACTION=PRESENT;PATIENT=DEF,KITE;RECIPIENT=INDEF,DOG;E=EN,PROG,PAT,-1,REC,PRESENT
----------------(0)
OUT:he run -s .
TRG:she run -s .
AGENT=SISTER,PRON;ACTION=RUN;E=EN,SIMPLE,AGT,PRESENT
----------------(0)
OUT:he kick -s the key .
TRG:she kick -s the kite .
AGENT=WOMAN,PRON;ACTION=KICK;PATIENT=DEF,KITE;E=EN,SIMPLE,AGT,PAT,PRESENT
----------------(0)
OUT:he present -s a key to a to the
TRG:she present -s a toy to a brother .
AGENT=CAT,PRON;ACTION=PRESENT;PATIENT=INDEF,TOY;RECIPIENT=INDEF,BROTHER;E=EN,SIMPLE,PAT,-1,REC,PRESENT
----------------(0)
OUT:she is jump -ing .
TRG:he is jump -ing .
AGENT=BROTHER,PRON;ACTION=JUMP;E=EN,PROG,AGT,PRESENT
----------------(2000)
OUT:she is throw -ing a sister a bag .
TRG:he is throw -ing a sister a bag .
AGENT=BOY,PRON;ACTION=THROW;RECIPIENT=INDEF,SISTER;PATIENT=INDEF,BAG;E=EN,PROG,AGT,PAT,REC,PRESENT
----------------(2000)
OUT:she throw -s a bag to the mother .
TRG:he throw -s a bag to the mother .
AGENT=MAN,PRON;ACTION=THROW;PATIENT=INDEF,BAG;RECIPIENT=DEF,MOTHER;E=EN,SIMPLE,PAT,-1,REC,PRESENT
----------------(2000)
OUT:she is throw -ing the key to the sister .
TRG:he is throw -ing the key to the boy .
AGENT=DOG,PRON;ACTION=THROW;PATIENT=DEF,KEY;RECIPIENT=DEF,BOY;E=EN,PROG,PAT,-1,REC,PRESENT
----------------(2000)
OUT:she throw -s the key to the mother .
TRG:he throw -s the key to the mother .
AGENT=BROTHER,PRON;ACTION=THROW;PATIENT=DEF,KEY;RECIPIENT=DEF,MOTHER;E=EN,SIMPLE,PAT,-1,REC,PRESENT
----------------(2000)
OUT:she is swim -ing .
TRG:he is swim -ing .
AGENT=DOG,PRON;ACTION=SWIM;E=EN,PROG,AGT,PRESENT
----------------(2000)
OUT:she is run -ing .
TRG:he is run -ing .
AGENT=MAN,PRON;ACTION=RUN;E=EN,PROG,AGT,PRESENT
----------------(2000)
OUT:she is jump -ing .
TRG:he is jump -ing .
AGENT=FATHER,PRON;ACTION=JUMP;E=EN,PROG,AGT,PRESENT
----------------(2000)
OUT:she present -s a cat the toy .
TRG:he present -s a cat the toy .
AGENT=MAN,PRON;ACTION=PRESENT;RECIPIENT=INDEF,CAT;PATIENT=DEF,TOY;E=EN,SIMPLE,AGT,PAT,REC,PRESENT
----------------(2000)
OUT:she throw -s a father a ball .
TRG:he throw -s a father a ball .
AGENT=BOY,PRON;ACTION=THROW;RECIPIENT=INDEF,FATHER;PATIENT=INDEF,BALL;E=EN,SIMPLE,AGT,PAT,REC,PRESENT
----------------(2000)
OUT:she is push -ing a mother .
TRG:he is push -ing a mother .
AGENT=BROTHER,PRON;ACTION=PUSH;PATIENT=INDEF,MOTHER;E=EN,PROG,AGT,PAT,PRESENT
----------------(2000)
OUT:she is hit -ing a ball .
TRG:he is hit -ing a ball .
AGENT=BROTHER,PRON;ACTION=HIT;PATIENT=INDEF,BALL;E=EN,PROG,AGT,PAT,PRESENT
----------------(2000)
OUT:she jump -s .
TRG:he jump -s .
AGENT=BROTHER,PRON;ACTION=JUMP;E=EN,SIMPLE,AGT,PRESENT
----------------(2000)
OUT:she throw -s a kite to a brother .
TRG:he throw -s a kite to a brother .
AGENT=DOG,PRON;ACTION=THROW;PATIENT=INDEF,KITE;RECIPIENT=INDEF,BROTHER;E=EN,SIMPLE,PAT,-1,REC,PRESENT
----------------(2000)
OUT:she is give -ing a kite to the sister .
TRG:he is give -ing a kite to the sister .
AGENT=BOY,PRON;ACTION=GIVE;PATIENT=INDEF,KITE;RECIPIENT=DEF,SISTER;E=EN,PROG,PAT,-1,REC,PRESENT
----------------(2000)
OUT:she is carry -ing a man .
TRG:he is carry -ing a man .
AGENT=DOG,PRON;ACTION=CARRY;PATIENT=INDEF,MAN;E=EN,PROG,AGT,PAT,PRESENT
----------------(2000)
OUT:she present -s a stick to the sister .
TRG:he present -s a stick to the sister .
AGENT=BROTHER,PRON;ACTION=PRESENT;PATIENT=INDEF,STICK;RECIPIENT=DEF,SISTER;E=EN,SIMPLE,PAT,-1,REC,PRESENT
----------------(2000)
OUT:she is give -ing the toy to the sister .
TRG:he is give -ing the toy to the boy .
AGENT=MAN,PRON;ACTION=GIVE;PATIENT=DEF,TOY;RECIPIENT=DEF,BOY;E=EN,PROG,PAT,-1,REC,PRESENT
----------------(2000)
OUT:she push -s a bag .
TRG:he push -s a bag .
AGENT=DOG,PRON;ACTION=PUSH;PATIENT=INDEF,BAG;E=EN,SIMPLE,AGT,PAT,PRESENT
----------------(2000)
OUT:she is walk -ing .
TRG:he is walk -ing .
AGENT=MAN,PRON;ACTION=WALK;E=EN,PROG,AGT,PRESENT
----------------(2000)
OUT:she show -s a stick to a sister .
TRG:he show -s a stick to a sister .
AGENT=BOY,PRON;ACTION=SHOW;PATIENT=INDEF,STICK;RECIPIENT=INDEF,SISTER;E=EN,SIMPLE,PAT,-1,REC,PRESENT
----------------(2000)
OUT:she show -s a mother the kite .
TRG:he show -s a mother the kite .
AGENT=BROTHER,PRON;ACTION=SHOW;RECIPIENT=INDEF,MOTHER;PATIENT=DEF,KITE;E=EN,SIMPLE,AGT,PAT,REC,PRESENT
----------------(2000)
OUT:she give -s a dog the kite .
TRG:he give -s a dog the kite .
AGENT=BOY,PRON;ACTION=GIVE;RECIPIENT=INDEF,DOG;PATIENT=DEF,KITE;E=EN,SIMPLE,AGT,PAT,REC,PRESENT
----------------(2000)
OUT:she present -s a sister a ball .
TRG:he present -s a sister a ball .
AGENT=FATHER,PRON;ACTION=PRESENT;RECIPIENT=INDEF,SISTER;PATIENT=INDEF,BALL;E=EN,SIMPLE,AGT,PAT,REC,PRESENT
----------------(2000)
OUT:she is throw -ing the ball to a woman .
TRG:he is throw -ing the ball to a woman .
AGENT=DOG,PRON;ACTION=THROW;PATIENT=DEF,BALL;RECIPIENT=INDEF,WOMAN;E=EN,PROG,PAT,-1,REC,PRESENT
----------------(2000)
OUT:she is show -ing the sister the kite .
TRG:he is show -ing the sister the kite .
AGENT=MAN,PRON;ACTION=SHOW;RECIPIENT=DEF,SISTER;PATIENT=DEF,KITE;E=EN,PROG,AGT,PAT,REC,PRESENT
----------------(2000)
OUT:she is show -ing a dog a ball .
TRG:he is show -ing a dog a ball .
AGENT=BROTHER,PRON;ACTION=SHOW;RECIPIENT=INDEF,DOG;PATIENT=INDEF,BALL;E=EN,PROG,AGT,PAT,REC,PRESENT
----------------(2000)
OUT:she push -s the man .
TRG:he push -s the man .
AGENT=FATHER,PRON;ACTION=PUSH;PATIENT=DEF,MAN;E=EN,SIMPLE,AGT,PAT,PRESENT
----------------(2000)
OUT:she is present -ing a man the ball .
TRG:he is present -ing a man the ball .
AGENT=MAN,PRON;ACTION=PRESENT;RECIPIENT=INDEF,MAN;PATIENT=DEF,BALL;E=EN,PROG,AGT,PAT,REC,PRESENT
----------------(2000)
OUT:she kick -s a toy .
TRG:he kick -s a toy .
AGENT=FATHER,PRON;ACTION=KICK;PATIENT=INDEF,TOY;E=EN,SIMPLE,AGT,PAT,PRESENT
----------------(2000)
OUT:she is carry -ing a toy .
TRG:he is carry -ing a toy .
AGENT=BROTHER,PRON;ACTION=CARRY;PATIENT=INDEF,TOY;E=EN,PROG,AGT,PAT,PRESENT
----------------(2000)
OUT:she is run -ing .
TRG:he is run -ing .
AGENT=DOG,PRON;ACTION=RUN;E=EN,PROG,AGT,PRESENT
----------------(2000)
OUT:she is show -ing a man a kite .
TRG:he is show -ing a brother a kite .
AGENT=MAN,PRON;ACTION=SHOW;RECIPIENT=INDEF,BROTHER;PATIENT=INDEF,KITE;E=EN,PROG,AGT,PAT,REC,PRESENT
----------------(2000)
OUT:she run -s .
TRG:he run -s .
AGENT=BROTHER,PRON;ACTION=RUN;E=EN,SIMPLE,AGT,PRESENT
----------------(2000)
OUT:she show -s a woman a stick .
TRG:he show -s a woman a stick .
AGENT=FATHER,PRON;ACTION=SHOW;RECIPIENT=INDEF,WOMAN;PATIENT=INDEF,STICK;E=EN,SIMPLE,AGT,PAT,REC,PRESENT
----------------(2000)
OUT:she is walk -ing .
TRG:he is walk -ing .
AGENT=MAN,PRON;ACTION=WALK;E=EN,PROG,AGT,PRESENT
----------------(2000)
OUT:she is throw -ing a kite to the cat .
TRG:he is throw -ing a kite to the cat .
AGENT=MAN,PRON;ACTION=THROW;PATIENT=INDEF,KITE;RECIPIENT=DEF,CAT;E=EN,PROG,PAT,-1,REC,PRESENT
----------------(2000)
OUT:she is show -ing the man the ball .
TRG:he is show -ing the boy the ball .
AGENT=BROTHER,PRON;ACTION=SHOW;RECIPIENT=DEF,BOY;PATIENT=DEF,BALL;E=EN,PROG,AGT,PAT,REC,PRESENT
----------------(2000)
OUT:she is show -ing a man a toy .
TRG:he is show -ing a brother a toy .
AGENT=BOY,PRON;ACTION=SHOW;RECIPIENT=INDEF,BROTHER;PATIENT=INDEF,TOY;E=EN,PROG,AGT,PAT,REC,PRESENT
----------------(2000)
OUT:she swim -s .
TRG:he swim -s .
AGENT=BROTHER,PRON;ACTION=SWIM;E=EN,SIMPLE,AGT,PRESENT
----------------(2000)
OUT:she present -s a bag to a mother .
TRG:he present -s a bag to a mother .
AGENT=DOG,PRON;ACTION=PRESENT;PATIENT=INDEF,BAG;RECIPIENT=INDEF,MOTHER;E=EN,SIMPLE,PAT,-1,REC,PRESENT
----------------(2000)
OUT:she is push -ing a woman .
TRG:he is push -ing a woman .
AGENT=BROTHER,PRON;ACTION=PUSH;PATIENT=INDEF,WOMAN;E=EN,PROG,AGT,PAT,PRESENT
----------------(2000)
OUT:she is present -ing a stick to the cat .
TRG:he is present -ing a stick to the cat .
AGENT=FATHER,PRON;ACTION=PRESENT;PATIENT=INDEF,STICK;RECIPIENT=DEF,CAT;E=EN,PROG,PAT,-1,REC,PRESENT
----------------(2000)
OUT:she push -s a kite .
TRG:he push -s a kite .
AGENT=BROTHER,PRON;ACTION=PUSH;PATIENT=INDEF,KITE;E=EN,SIMPLE,AGT,PAT,PRESENT
----------------(2000)
OUT:she is throw -ing a ball to a cat .
TRG:he is throw -ing a ball to a cat .
AGENT=DOG,PRON;ACTION=THROW;PATIENT=INDEF,BALL;RECIPIENT=INDEF,CAT;E=EN,PROG,PAT,-1,REC,PRESENT
----------------(2000)
OUT:she is push -ing the man .
TRG:he is push -ing the boy .
AGENT=BROTHER,PRON;ACTION=PUSH;PATIENT=DEF,BOY;E=EN,PROG,AGT,PAT,PRESENT
----------------(2000)
OUT:she is throw -ing the key to the cat .
TRG:he is throw -ing the key to the cat .
AGENT=BOY,PRON;ACTION=THROW;PATIENT=DEF,KEY;RECIPIENT=DEF,CAT;E=EN,PROG,PAT,-1,REC,PRESENT
----------------(2000)
OUT:she run -s .
TRG:he run -s .
AGENT=FATHER,PRON;ACTION=RUN;E=EN,SIMPLE,AGT,PRESENT
----------------(2000)
OUT:she give -s the ball to the girl .
TRG:he give -s the ball to the girl .
AGENT=BOY,PRON;ACTION=GIVE;PATIENT=DEF,BALL;RECIPIENT=DEF,GIRL;E=EN,SIMPLE,PAT,-1,REC,PRESENT
----------------(2000)
OUT:she is present -ing the toy to a man .
TRG:he is present -ing the toy to a boy .
AGENT=MAN,PRON;ACTION=PRESENT;PATIENT=DEF,TOY;RECIPIENT=INDEF,BOY;E=EN,PROG,PAT,-1,REC,PRESENT
----------------(2000)
OUT:she show -s a stick to the woman .
TRG:he show -s a stick to the woman .
AGENT=BOY,PRON;ACTION=SHOW;PATIENT=INDEF,STICK;RECIPIENT=DEF,WOMAN;E=EN,SIMPLE,PAT,-1,REC,PRESENT
----------------(2000)
OUT:she walk -s .
TRG:he walk -s .
AGENT=BROTHER,PRON;ACTION=WALK;E=EN,SIMPLE,AGT,PRESENT
----------------(2000)
OUT:she is throw -ing a man the ball .
TRG:he is throw -ing a boy the ball .
AGENT=FATHER,PRON;ACTION=THROW;RECIPIENT=INDEF,BOY;PATIENT=DEF,BALL;E=EN,PROG,AGT,PAT,REC,PRESENT
----------------(2000)
OUT:she is walk -ing .
TRG:he is walk -ing .
AGENT=MAN,PRON;ACTION=WALK;E=EN,PROG,AGT,PRESENT
----------------(2000)
OUT:she give -s the kite to a man .
TRG:he give -s the kite to a man .
AGENT=MAN,PRON;ACTION=GIVE;PATIENT=DEF,KITE;RECIPIENT=INDEF,MAN;E=EN,SIMPLE,PAT,-1,REC,PRESENT
----------------(2000)
OUT:she present -s the ball to the man .
TRG:he present -s the ball to the man .
AGENT=DOG,PRON;ACTION=PRESENT;PATIENT=DEF,BALL;RECIPIENT=DEF,MAN;E=EN,SIMPLE,PAT,-1,REC,PRESENT
----------------(2000)
OUT:she walk -s .
TRG:he walk -s .
AGENT=FATHER,PRON;ACTION=WALK;E=EN,SIMPLE,AGT,PRESENT
----------------(2000)
OUT:she show -s the toy to a sister .
TRG:he show -s the toy to a sister .
AGENT=DOG,PRON;ACTION=SHOW;PATIENT=DEF,TOY;RECIPIENT=INDEF,SISTER;E=EN,SIMPLE,PAT,-1,REC,PRESENT
----------------(2000)
OUT:she walk -s .
TRG:he walk -s .
AGENT=FATHER,PRON;ACTION=WALK;E=EN,SIMPLE,AGT,PRESENT
----------------(2000)
OUT:she is throw -ing the dog the bag .
TRG:he is throw -ing the dog the bag .
AGENT=DOG,PRON;ACTION=THROW;RECIPIENT=DEF,DOG;PATIENT=DEF,BAG;E=EN,PROG,AGT,PAT,REC,PRESENT
----------------(2000)
OUT:she is kick -ing a bag .
TRG:he is kick -ing a bag .
AGENT=BOY,PRON;ACTION=KICK;PATIENT=INDEF,BAG;E=EN,PROG,AGT,PAT,PRESENT
----------------(2000)
OUT:she is present -ing a father a bag .
TRG:he is present -ing a father a bag .
AGENT=BROTHER,PRON;ACTION=PRESENT;RECIPIENT=INDEF,FATHER;PATIENT=INDEF,BAG;E=EN,PROG,AGT,PAT,REC,PRESENT
----------------(2000)
OUT:she kick -s the stick .
TRG:he kick -s the stick .
AGENT=BOY,PRON;ACTION=KICK;PATIENT=DEF,STICK;E=EN,SIMPLE,AGT,PAT,PRESENT
----------------(2000)
OUT:she is give -ing a sister the ball .
TRG:he is give -ing a sister the ball .
AGENT=BROTHER,PRON;ACTION=GIVE;RECIPIENT=INDEF,SISTER;PATIENT=DEF,BALL;E=EN,PROG,AGT,PAT,REC,PRESENT
----------------(2000)
OUT:she is present -ing a dog the kite .
TRG:he is present -ing a dog the kite .
AGENT=BOY,PRON;ACTION=PRESENT;RECIPIENT=INDEF,DOG;PATIENT=DEF,KITE;E=EN,PROG,AGT,PAT,REC,PRESENT
----------------(2000)
OUT:she is give -ing the stick to a woman .
TRG:he is give -ing the stick to a woman .
AGENT=BOY,PRON;ACTION=GIVE;PATIENT=DEF,STICK;RECIPIENT=INDEF,WOMAN;E=EN,PROG,PAT,-1,REC,PRESENT
----------------(2000)
OUT:she is push -ing a key .
TRG:he is push -ing a key .
AGENT=MAN,PRON;ACTION=PUSH;PATIENT=INDEF,KEY;E=EN,PROG,AGT,PAT,PRESENT
----------------(2000)
OUT:she hit -s the sister .
TRG:he hit -s the boy .
AGENT=BROTHER,PRON;ACTION=HIT;PATIENT=DEF,BOY;E=EN,SIMPLE,AGT,PAT,PRESENT
----------------(2000)
OUT:she present -s a dog the bag .
TRG:he present -s a dog the bag .
AGENT=DOG,PRON;ACTION=PRESENT;RECIPIENT=INDEF,DOG;PATIENT=DEF,BAG;E=EN,SIMPLE,AGT,PAT,REC,PRESENT
----------------(2000)
OUT:she is swim -ing .
TRG:he is swim -ing .
AGENT=BOY,PRON;ACTION=SWIM;E=EN,PROG,AGT,PRESENT
----------------(2000)
OUT:she show -s a woman a ball .
TRG:he show -s a woman a ball .
AGENT=FATHER,PRON;ACTION=SHOW;RECIPIENT=INDEF,WOMAN;PATIENT=INDEF,BALL;E=EN,SIMPLE,AGT,PAT,REC,PRESENT
----------------(2000)
OUT:she is push -ing a key .
TRG:he is push -ing a key .
AGENT=MAN,PRON;ACTION=PUSH;PATIENT=INDEF,KEY;E=EN,PROG,AGT,PAT,PRESENT
----------------(2000)
OUT:she is throw -ing a key to the man .
TRG:he is throw -ing a key to the man .
AGENT=DOG,PRON;ACTION=THROW;PATIENT=INDEF,KEY;RECIPIENT=DEF,MAN;E=EN,PROG,PAT,-1,REC,PRESENT
----------------(2000)
OUT:she walk -s .
TRG:he walk -s .
AGENT=DOG,PRON;ACTION=WALK;E=EN,SIMPLE,AGT,PRESENT
----------------(2000)
OUT:she is give -ing a woman a kite .
TRG:he is give -ing a woman a kite .
AGENT=DOG,PRON;ACTION=GIVE;RECIPIENT=INDEF,WOMAN;PATIENT=INDEF,KITE;E=EN,PROG,AGT,PAT,REC,PRESENT
----------------(2000)
OUT:she hit -s the father .
TRG:he hit -s the father .
AGENT=BROTHER,PRON;ACTION=HIT;PATIENT=DEF,FATHER;E=EN,SIMPLE,AGT,PAT,PRESENT
----------------(2000)
OUT:she run -s .
TRG:he run -s .
AGENT=BOY,PRON;ACTION=RUN;E=EN,SIMPLE,AGT,PRESENT
----------------(2000)
OUT:she is run -ing .
TRG:he is run -ing .
AGENT=DOG,PRON;ACTION=RUN;E=EN,PROG,AGT,PRESENT
----------------(2000)
OUT:she is jump -ing .
TRG:he is jump -ing .
AGENT=BOY,PRON;ACTION=JUMP;E=EN,PROG,AGT,PRESENT
----------------(2000)
OUT:she jump -s .
TRG:he jump -s .
AGENT=DOG,PRON;ACTION=JUMP;E=EN,SIMPLE,AGT,PRESENT
----------------(2000)
OUT:she is carry -ing a woman .
TRG:he is carry -ing a woman .
AGENT=DOG,PRON;ACTION=CARRY;PATIENT=INDEF,WOMAN;E=EN,PROG,AGT,PAT,PRESENT
----------------(2000)
OUT:she is kick -ing a man .
TRG:he is kick -ing a boy .
AGENT=FATHER,PRON;ACTION=KICK;PATIENT=INDEF,BOY;E=EN,PROG,AGT,PAT,PRESENT
----------------(2000)
OUT:she hit -s a key .
TRG:he hit -s a key .
AGENT=DOG,PRON;ACTION=HIT;PATIENT=INDEF,KEY;E=EN,SIMPLE,AGT,PAT,PRESENT
----------------(2000)
OUT:she is jump -ing .
TRG:he is jump -ing .
AGENT=DOG,PRON;ACTION=JUMP;E=EN,PROG,AGT,PRESENT
----------------(2000)
OUT:she show -s a kite to a girl .
TRG:he show -s a kite to a girl .
AGENT=DOG,PRON;ACTION=SHOW;PATIENT=INDEF,KITE;RECIPIENT=INDEF,GIRL;E=EN,SIMPLE,PAT,-1,REC,PRESENT
----------------(2000)
OUT:she swim -s .
TRG:he swim -s .
AGENT=DOG,PRON;ACTION=SWIM;E=EN,SIMPLE,AGT,PRESENT
----------------(2000)
OUT:she is throw -ing the man a bag .
TRG:he is throw -ing the brother a bag .
AGENT=DOG,PRON;ACTION=THROW;RECIPIENT=DEF,BROTHER;PATIENT=INDEF,BAG;E=EN,PROG,AGT,PAT,REC,PRESENT
----------------(2000)
OUT:she present -s the father the stick .
TRG:he present -s the father the stick .
AGENT=DOG,PRON;ACTION=PRESENT;RECIPIENT=DEF,FATHER;PATIENT=DEF,STICK;E=EN,SIMPLE,AGT,PAT,REC,PRESENT
----------------(2000)
OUT:she is carry -ing the sister .
TRG:he is carry -ing the sister .
AGENT=MAN,PRON;ACTION=CARRY;PATIENT=DEF,SISTER;E=EN,PROG,AGT,PAT,PRESENT
----------------(2000)
OUT:she hit -s a father .
TRG:he hit -s a father .
AGENT=DOG,PRON;ACTION=HIT;PATIENT=INDEF,FATHER;E=EN,SIMPLE,AGT,PAT,PRESENT
----------------(2000)
OUT:she hit -s a mother .
TRG:he hit -s a mother .
AGENT=BROTHER,PRON;ACTION=HIT;PATIENT=INDEF,MOTHER;E=EN,SIMPLE,AGT,PAT,PRESENT
----------------(2000)
OUT:she is give -ing a stick to a mother .
TRG:he is give -ing a stick to a mother .
AGENT=MAN,PRON;ACTION=GIVE;PATIENT=INDEF,STICK;RECIPIENT=INDEF,MOTHER;E=EN,PROG,PAT,-1,REC,PRESENT
----------------(2000)
OUT:she is present -ing a cat the kite .
TRG:he is present -ing a cat the kite .
AGENT=BROTHER,PRON;ACTION=PRESENT;RECIPIENT=INDEF,CAT;PATIENT=DEF,KITE;E=EN,PROG,AGT,PAT,REC,PRESENT
----------------(2000)
OUT:she is run -ing .
TRG:he is run -ing .
AGENT=MAN,PRON;ACTION=RUN;E=EN,PROG,AGT,PRESENT
----------------(2000)
OUT:she is throw -ing the man the ball .
TRG:he is throw -ing the man the ball .
AGENT=MAN,PRON;ACTION=THROW;RECIPIENT=DEF,MAN;PATIENT=DEF,BALL;E=EN,PROG,AGT,PAT,REC,PRESENT
----------------(2000)
OUT:she give -s a brother the stick .
TRG:he give -s a brother the stick .
AGENT=DOG,PRON;ACTION=GIVE;RECIPIENT=INDEF,BROTHER;PATIENT=DEF,STICK;E=EN,SIMPLE,AGT,PAT,REC,PRESENT
----------------(2000)
OUT:she show -s a kite to a sister .
TRG:he show -s a kite to a boy .
AGENT=BOY,PRON;ACTION=SHOW;PATIENT=INDEF,KITE;RECIPIENT=INDEF,BOY;E=EN,SIMPLE,PAT,-1,REC,PRESENT
----------------(2000)
OUT:she is present -ing the ball to the father .
TRG:he is present -ing the ball to the father .
AGENT=BROTHER,PRON;ACTION=PRESENT;PATIENT=DEF,BALL;RECIPIENT=DEF,FATHER;E=EN,PROG,PAT,-1,REC,PRESENT
----------------(2000)
OUT:she is carry -ing the ball .
TRG:he is carry -ing the ball .
AGENT=BROTHER,PRON;ACTION=CARRY;PATIENT=DEF,BALL;E=EN,PROG,AGT,PAT,PRESENT
----------------(2000)
OUT:she is walk -ing .
TRG:he is walk -ing .
AGENT=FATHER,PRON;ACTION=WALK;E=EN,PROG,AGT,PRESENT
----------------(2000)
OUT:she give -s a stick to the woman .
TRG:he give -s a stick to the woman .
AGENT=MAN,PRON;ACTION=GIVE;PATIENT=INDEF,STICK;RECIPIENT=DEF,WOMAN;E=EN,SIMPLE,PAT,-1,REC,PRESENT
----------------(2000)
OUT:she is hit -ing a ball .
TRG:he is hit -ing a ball .
AGENT=DOG,PRON;ACTION=HIT;PATIENT=INDEF,BALL;E=EN,PROG,AGT,PAT,PRESENT
----------------(2000)
OUT:she is jump -ing .
TRG:he is jump -ing .
AGENT=FATHER,PRON;ACTION=JUMP;E=EN,PROG,AGT,PRESENT
----------------(2000)
OUT:she kick -s a dog .
TRG:he kick -s a dog .
AGENT=BROTHER,PRON;ACTION=KICK;PATIENT=INDEF,DOG;E=EN,SIMPLE,AGT,PAT,PRESENT
----------------(2000)
OUT:she carry -s a girl .
TRG:he carry -s a girl .
AGENT=BOY,PRON;ACTION=CARRY;PATIENT=INDEF,GIRL;E=EN,SIMPLE,AGT,PAT,PRESENT
----------------(2000)
OUT:she is show -ing a father the key .
TRG:he is show -ing a father the key .
AGENT=BOY,PRON;ACTION=SHOW;RECIPIENT=INDEF,FATHER;PATIENT=DEF,KEY;E=EN,PROG,AGT,PAT,REC,PRESENT
----------------(2000)
OUT:she is jump -ing .
TRG:he is jump -ing .
AGENT=FATHER,PRON;ACTION=JUMP;E=EN,PROG,AGT,PRESENT
----------------(2000)
OUT:she is kick -ing a woman .
TRG:he is kick -ing a woman .
AGENT=DOG,PRON;ACTION=KICK;PATIENT=INDEF,WOMAN;E=EN,PROG,AGT,PAT,PRESENT
----------------(2000)
OUT:she is carry -ing a bag .
TRG:he is carry -ing a bag .
AGENT=MAN,PRON;ACTION=CARRY;PATIENT=INDEF,BAG;E=EN,PROG,AGT,PAT,PRESENT
----------------(2000)
OUT:she give -s the woman the bag .
TRG:he give -s the woman the bag .
AGENT=FATHER,PRON;ACTION=GIVE;RECIPIENT=DEF,WOMAN;PATIENT=DEF,BAG;E=EN,SIMPLE,AGT,PAT,REC,PRESENT
----------------(2000)
OUT:she is show -ing the bag to the dog .
TRG:he is show -ing the bag to the dog .
AGENT=MAN,PRON;ACTION=SHOW;PATIENT=DEF,BAG;RECIPIENT=DEF,DOG;E=EN,PROG,PAT,-1,REC,PRESENT
----------------(2000)
OUT:she throw -s the sister a stick .
TRG:he throw -s the boy a stick .
AGENT=BOY,PRON;ACTION=THROW;RECIPIENT=DEF,BOY;PATIENT=INDEF,STICK;E=EN,SIMPLE,AGT,PAT,REC,PRESENT
----------------(2000)
OUT:she throw -s a ball to a cat .
TRG:he throw -s a ball to a cat .
AGENT=DOG,PRON;ACTION=THROW;PATIENT=INDEF,BALL;RECIPIENT=INDEF,CAT;E=EN,SIMPLE,PAT,-1,REC,PRESENT
----------------(2000)
OUT:she give -s the bag to the woman .
TRG:he give -s the bag to the woman .
AGENT=BOY,PRON;ACTION=GIVE;PATIENT=DEF,BAG;RECIPIENT=DEF,WOMAN;E=EN,SIMPLE,PAT,-1,REC,PRESENT
----------------(2000)
OUT:she give -s a mother a bag .
TRG:he give -s a mother a bag .
AGENT=BROTHER,PRON;ACTION=GIVE;RECIPIENT=INDEF,MOTHER;PATIENT=INDEF,BAG;E=EN,SIMPLE,AGT,PAT,REC,PRESENT
----------------(2000)
OUT:she is present -ing a kite to a girl .
TRG:he is present -ing a kite to a girl .
AGENT=FATHER,PRON;ACTION=PRESENT;PATIENT=INDEF,KITE;RECIPIENT=INDEF,GIRL;E=EN,PROG,PAT,-1,REC,PRESENT
----------------(2000)
OUT:she is run -ing .
TRG:he is run -ing .
AGENT=FATHER,PRON;ACTION=RUN;E=EN,PROG,AGT,PRESENT
----------------(2000)
OUT:she give -s the woman the stick .
TRG:he give -s the woman the stick .
AGENT=FATHER,PRON;ACTION=GIVE;RECIPIENT=DEF,WOMAN;PATIENT=DEF,STICK;E=EN,SIMPLE,AGT,PAT,REC,PRESENT
----------------(2000)
OUT:she is throw -ing a key to a dog .
TRG:he is throw -ing a key to a dog .
AGENT=BOY,PRON;ACTION=THROW;PATIENT=INDEF,KEY;RECIPIENT=INDEF,DOG;E=EN,PROG,PAT,-1,REC,PRESENT
----------------(2000)
OUT:she is kick -ing a woman .
TRG:he is kick -ing a woman .
AGENT=MAN,PRON;ACTION=KICK;PATIENT=INDEF,WOMAN;E=EN,PROG,AGT,PAT,PRESENT
----------------(2000)
OUT:she run -s .
TRG:he run -s .
AGENT=BROTHER,PRON;ACTION=RUN;E=EN,SIMPLE,AGT,PRESENT
----------------(2000)
OUT:she give -s the ball to the woman .
TRG:he give -s the ball to the woman .
AGENT=BROTHER,PRON;ACTION=GIVE;PATIENT=DEF,BALL;RECIPIENT=DEF,WOMAN;E=EN,SIMPLE,PAT,-1,REC,PRESENT
----------------(2000)
OUT:she kick -s the toy .
TRG:he kick -s the toy .
AGENT=BROTHER,PRON;ACTION=KICK;PATIENT=DEF,TOY;E=EN,SIMPLE,AGT,PAT,PRESENT
----------------(2000)
OUT:she kick -s a girl .
TRG:he kick -s a girl .
AGENT=MAN,PRON;ACTION=KICK;PATIENT=INDEF,GIRL;E=EN,SIMPLE,AGT,PAT,PRESENT
----------------(2000)
OUT:she is kick -ing the dog .
TRG:he is kick -ing the dog .
AGENT=MAN,PRON;ACTION=KICK;PATIENT=DEF,DOG;E=EN,PROG,AGT,PAT,PRESENT
----------------(2000)
OUT:she is present -ing a ball to the father .
TRG:he is present -ing a ball to the father .
AGENT=BOY,PRON;ACTION=PRESENT;PATIENT=INDEF,BALL;RECIPIENT=DEF,FATHER;E=EN,PROG,PAT,-1,REC,PRESENT
----------------(2000)
OUT:she throw -s a sister the toy .
TRG:he throw -s a boy the toy .
AGENT=FATHER,PRON;ACTION=THROW;RECIPIENT=INDEF,BOY;PATIENT=DEF,TOY;E=EN,SIMPLE,AGT,PAT,REC,PRESENT
----------------(2000)
OUT:she is present -ing a toy to the mother .
TRG:he is present -ing a toy to the mother .
AGENT=BROTHER,PRON;ACTION=PRESENT;PATIENT=INDEF,TOY;RECIPIENT=DEF,MOTHER;E=EN,PROG,PAT,-1,REC,PRESENT
----------------(2000)
OUT:she push -s a bag .
TRG:he push -s a bag .
AGENT=FATHER,PRON;ACTION=PUSH;PATIENT=INDEF,BAG;E=EN,SIMPLE,AGT,PAT,PRESENT
----------------(2000)
OUT:she jump -s .
TRG:he jump -s .
AGENT=DOG,PRON;ACTION=JUMP;E=EN,SIMPLE,AGT,PRESENT
----------------(2000)
OUT:she show -s a sister the toy .
TRG:he show -s a boy the toy .
AGENT=DOG,PRON;ACTION=SHOW;RECIPIENT=INDEF,BOY;PATIENT=DEF,TOY;E=EN,SIMPLE,AGT,PAT,REC,PRESENT
----------------(2000)
OUT:she kick -s a woman .
TRG:he kick -s a woman .
AGENT=BROTHER,PRON;ACTION=KICK;PATIENT=INDEF,WOMAN;E=EN,SIMPLE,AGT,PAT,PRESENT
----------------(2000)
OUT:she throw -s the kite to the father .
TRG:he throw -s the kite to the father .
AGENT=BROTHER,PRON;ACTION=THROW;PATIENT=DEF,KITE;RECIPIENT=DEF,FATHER;E=EN,SIMPLE,PAT,-1,REC,PRESENT
----------------(2000)
OUT:she is throw -ing the mother the toy .
TRG:he is throw -ing the mother the toy .
AGENT=FATHER,PRON;ACTION=THROW;RECIPIENT=DEF,MOTHER;PATIENT=DEF,TOY;E=EN,PROG,AGT,PAT,REC,PRESENT
----------------(2000)
OUT:he jump -s .
TRG:she jump -s .
AGENT=SISTER,PRON;ACTION=JUMP;E=EN,SIMPLE,AGT,PRESENT
----------------(4000)
OUT:he jump -s .
TRG:she jump -s .
AGENT=SISTER,PRON;ACTION=JUMP;E=EN,SIMPLE,AGT,PRESENT
----------------(4000)
OUT:he is jump -ing .
TRG:she is jump -ing .
AGENT=SISTER,PRON;ACTION=JUMP;E=EN,PROG,AGT,PRESENT
----------------(4000)
