OUT:he present -s a ball a ball .
TRG:she present -s the cat a ball .
AGENT=SISTER,PRON;ACTION=PRESENT;RECIPIENT=DEF,CAT;PATIENT=INDEF,BALL;E=EN,SIMPLE,AGT,PAT,REC,PRESENT
----------------(0)
OUT:he is kick -ing the ball .
TRG:she is kick -ing the father .
AGENT=CAT,PRON;ACTION=KICK;PATIENT=DEF,FATHER;E=EN,PROG,AGT,PAT,PRESENT
----------------(0)
OUT:he is run -ing .
TRG:she is run -ing .
AGENT=MOTHER,PRON;ACTION=RUN;E=EN,PROG,AGT,PRESENT
----------------(0)
OUT:he is throw -ing the ball to the ball to
TRG:she is throw -ing the stick to the dog .
AGENT=CAT,PRON;ACTION=THROW;PATIENT=DEF,STICK;RECIPIENT=DEF,DOG;E=EN,PROG,PAT,-1,REC,PRESENT
----------------(0)
OUT:he is present -ing a ball a a .
TRG:she is present -ing a mother a bag .
AGENT=WOMAN,PRON;ACTION=PRESENT;RECIPIENT=INDEF,MOTHER;PATIENT=INDEF,BAG;E=EN,PROG,AGT,PAT,REC,PRESENT
----------------(0)
OUT:he hit -s a ball .
TRG:she hit -s a brother .
AGENT=MOTHER,PRON;ACTION=HIT;PATIENT=INDEF,BROTHER;E=EN,SIMPLE,AGT,PAT,PRESENT
----------------(0)
OUT:he give -s a ball to the ball .
TRG:she give -s a kite to the mother .
AGENT=GIRL,PRON;ACTION=GIVE;PATIENT=INDEF,KITE;RECIPIENT=DEF,MOTHER;E=EN,SIMPLE,PAT,-1,REC,PRESENT
----------------(0)
OUT:he is give -ing the ball to a ball .
TRG:she is give -ing the toy to a woman .
AGENT=GIRL,PRON;ACTION=GIVE;PATIENT=DEF,TOY;RECIPIENT=INDEF,WOMAN;E=EN,PROG,PAT,-1,REC,PRESENT
----------------(0)
OUT:he is jump -ing .
TRG:she is jump -ing .
AGENT=GIRL,PRON;ACTION=JUMP;E=EN,PROG,AGT,PRESENT
----------------(0)
OUT:he throw -s the ball to the ball .
TRG:she throw -s the bag to the girl .
AGENT=SISTER,PRON;ACTION=THROW;PATIENT=DEF,BAG;RECIPIENT=DEF,GIRL;E=EN,SIMPLE,PAT,-1,REC,PRESENT
----------------(0)
OUT:he run -s .
TRG:she run -s .
AGENT=CAT,PRON;ACTION=RUN;E=EN,SIMPLE,AGT,PRESENT
----------------(0)
OUT:he is give -ing a ball a ball .
TRG:she is give -ing the father a bag .
AGENT=MOTHER,PRON;ACTION=GIVE;RECIPIENT=DEF,FATHER;PATIENT=INDEF,BAG;E=EN,PROG,AGT,PAT,REC,PRESENT
----------------(0)
OUT:he is run -ing .
TRG:she is run -ing .
AGENT=SISTER,PRON;ACTION=RUN;E=EN,PROG,AGT,PRESENT
----------------(0)
OUT:he show -s a ball a stick .
TRG:she show -s a man a stick .
AGENT=WOMAN,PRON;ACTION=SHOW;RECIPIENT=INDEF,MAN;PATIENT=INDEF,STICK;E=EN,SIMPLE,AGT,PAT,REC,PRESENT
----------------(0)
OUT:he throw -s the ball the ball .
TRG:she throw -s the mother the ball .
AGENT=MOTHER,PRON;ACTION=THROW;RECIPIENT=DEF,MOTHER;PATIENT=DEF,BALL;E=EN,SIMPLE,AGT,PAT,REC,PRESENT
----------------(0)
OUT:he is present -ing the ball to the ball .
TRG:she is present -ing the kite to the cat .
AGENT=WOMAN,PRON;ACTION=PRESENT;PATIENT=DEF,KITE;RECIPIENT=DEF,CAT;E=EN,PROG,PAT,-1,REC,PRESENT
----------------(0)
OUT:he jump -s .
TRG:she jump -s .
AGENT=MOTHER,PRON;ACTION=JUMP;E=EN,SIMPLE,AGT,PRESENT
----------------(0)
OUT:he is carry -ing the ball .
TRG:she is carry -ing the bag .
AGENT=GIRL,PRON;ACTION=CARRY;PATIENT=DEF,BAG;E=EN,PROG,AGT,PAT,PRESENT
----------------(0)
OUT:he is kick -ing a ball .
TRG:she is kick -ing a sister .
AGENT=MOTHER,PRON;ACTION=KICK;PATIENT=INDEF,SISTER;E=EN,PROG,AGT,PAT,PRESENT
----------------(0)
OUT:he is present -ing a ball the stick .
TRG:she is present -ing a dog the stick .
AGENT=MOTHER,PRON;ACTION=PRESENT;RECIPIENT=INDEF,DOG;PATIENT=DEF,STICK;E=EN,PROG,AGT,PAT,REC,PRESENT
----------------(0)
OUT:he walk -s .
TRG:she walk -s .
AGENT=SISTER,PRON;ACTION=WALK;E=EN,SIMPLE,AGT,PRESENT
----------------(0)
OUT:he swim -s .
TRG:she swim -s .
AGENT=WOMAN,PRON;ACTION=SWIM;E=EN,SIMPLE,AGT,PRESENT
----------------(0)
OUT:he is present -ing a ball a a .
TRG:she is present -ing a girl a bag .
AGENT=MOTHER,PRON;ACTION=PRESENT;RECIPIENT=INDEF,GIRL;PATIENT=INDEF,BAG;E=EN,PROG,AGT,PAT,REC,PRESENT
----------------(0)
OUT:he swim -s .
TRG:she swim -s .
AGENT=WOMAN,PRON;ACTION=SWIM;E=EN,SIMPLE,AGT,PRESENT
----------------(0)
OUT:he is kick -ing a ball .
TRG:she is kick -ing a cat .
AGENT=SISTER,PRON;ACTION=KICK;PATIENT=INDEF,CAT;E=EN,PROG,AGT,PAT,PRESENT
----------------(0)
OUT:he kick -s the ball .
TRG:she kick -s the kite .
AGENT=WOMAN,PRON;ACTION=KICK;PATIENT=DEF,KITE;E=EN,SIMPLE,AGT,PAT,PRESENT
----------------(0)
OUT:he push -s a ball .
TRG:she push -s a dog .
AGENT=CAT,PRON;ACTION=PUSH;PATIENT=INDEF,DOG;E=EN,SIMPLE,AGT,PAT,PRESENT
----------------(0)
OUT:he is push -ing a ball .
TRG:she is push -ing a ball .
AGENT=GIRL,PRON;ACTION=PUSH;PATIENT=INDEF,BALL;E=EN,PROG,AGT,PAT,PRESENT
----------------(0)
OUT:he present -s a ball a a .
TRG:she present -s the dog a bag .
AGENT=WOMAN,PRON;ACTION=PRESENT;RECIPIENT=DEF,DOG;PATIENT=INDEF,BAG;E=EN,SIMPLE,AGT,PAT,REC,PRESENT
----------------(0)
OUT:he run -s .
TRG:she run -s .
AGENT=CAT,PRON;ACTION=RUN;E=EN,SIMPLE,AGT,PRESENT
----------------(0)
OUT:he jump -s .
TRG:she jump -s .
AGENT=GIRL,PRON;ACTION=JUMP;E=EN,SIMPLE,AGT,PRESENT
----------------(0)
OUT:he is push -ing a ball .
TRG:she is push -ing a woman .
AGENT=WOMAN,PRON;ACTION=PUSH;PATIENT=INDEF,WOMAN;E=EN,PROG,AGT,PAT,PRESENT
----------------(0)
OUT:he push -s the ball .
TRG:she push -s the stick .
AGENT=SISTER,PRON;ACTION=PUSH;PATIENT=DEF,STICK;E=EN,SIMPLE,AGT,PAT,PRESENT
----------------(0)
OUT:he kick -s the ball .
TRG:she kick -s the cat .
AGENT=GIRL,PRON;ACTION=KICK;PATIENT=DEF,CAT;E=EN,SIMPLE,AGT,PAT,PRESENT
----------------(0)
OUT:he is push -ing the ball .
TRG:she is push -ing the toy .
AGENT=WOMAN,PRON;ACTION=PUSH;PATIENT=DEF,TOY;E=EN,PROG,AGT,PAT,PRESENT
----------------(0)
OUT:he is show -ing a ball a ball .
TRG:she is show -ing a girl a ball .
AGENT=SISTER,PRON;ACTION=SHOW;RECIPIENT=INDEF,GIRL;PATIENT=INDEF,BALL;E=EN,PROG,AGT,PAT,REC,PRESENT
----------------(0)
OUT:he show -s a ball the ball .
TRG:she show -s a girl the ball .
AGENT=SISTER,PRON;ACTION=SHOW;RECIPIENT=INDEF,GIRL;PATIENT=DEF,BALL;E=EN,SIMPLE,AGT,PAT,REC,PRESENT
----------------(0)
OUT:he is present -ing the ball to a ball .
TRG:she is present -ing the key to a boy .
AGENT=WOMAN,PRON;ACTION=PRESENT;PATIENT=DEF,KEY;RECIPIENT=INDEF,BOY;E=EN,PROG,PAT,-1,REC,PRESENT
----------------(0)
OUT:he carry -s the ball .
TRG:she carry -s the key .
AGENT=MOTHER,PRON;ACTION=CARRY;PATIENT=DEF,KEY;E=EN,SIMPLE,AGT,PAT,PRESENT
----------------(0)
OUT:he carry -s a ball .
TRG:she carry -s a kite .
AGENT=SISTER,PRON;ACTION=CARRY;PATIENT=INDEF,KITE;E=EN,SIMPLE,AGT,PAT,PRESENT
----------------(0)
OUT:he throw -s a ball to the ball .
TRG:she throw -s a bag to the boy .
AGENT=SISTER,PRON;ACTION=THROW;PATIENT=INDEF,BAG;RECIPIENT=DEF,BOY;E=EN,SIMPLE,PAT,-1,REC,PRESENT
----------------(0)
OUT:he show -s a kite to a ball .
TRG:she show -s a kite to a father .
AGENT=WOMAN,PRON;ACTION=SHOW;PATIENT=INDEF,KITE;RECIPIENT=INDEF,FATHER;E=EN,SIMPLE,PAT,-1,REC,PRESENT
----------------(0)
OUT:he is hit -ing the ball .
TRG:she is hit -ing the toy .
AGENT=CAT,PRON;ACTION=HIT;PATIENT=DEF,TOY;E=EN,PROG,AGT,PAT,PRESENT
----------------(0)
OUT:he is show -ing a ball the ball .
TRG:she is show -ing a man the toy .
AGENT=GIRL,PRON;ACTION=SHOW;RECIPIENT=INDEF,MAN;PATIENT=DEF,TOY;E=EN,PROG,AGT,PAT,REC,PRESENT
----------------(0)
OUT:he present -s a key to a ball .
TRG:she present -s a key to a sister .
AGENT=MOTHER,PRON;ACTION=PRESENT;PATIENT=INDEF,KEY;RECIPIENT=INDEF,SISTER;E=EN,SIMPLE,PAT,-1,REC,PRESENT
----------------(0)
OUT:he is push -ing the ball .
TRG:she is push -ing the key .
AGENT=WOMAN,PRON;ACTION=PUSH;PATIENT=DEF,KEY;E=EN,PROG,AGT,PAT,PRESENT
----------------(0)
OUT:he throw -s a ball the ball .
TRG:she throw -s a girl the toy .
AGENT=MOTHER,PRON;ACTION=THROW;RECIPIENT=INDEF,GIRL;PATIENT=DEF,TOY;E=EN,SIMPLE,AGT,PAT,REC,PRESENT
----------------(0)
OUT:he is give -ing a ball to a ball .
TRG:she is give -ing a ball to a mother .
AGENT=CAT,PRON;ACTION=GIVE;PATIENT=INDEF,BALL;RECIPIENT=INDEF,MOTHER;E=EN,PROG,PAT,-1,REC,PRESENT
----------------(0)
OUT:he throw -s the ball to the ball .
TRG:she throw -s the kite to the mother .
AGENT=WOMAN,PRON;ACTION=THROW;PATIENT=DEF,KITE;RECIPIENT=DEF,MOTHER;E=EN,SIMPLE,PAT,-1,REC,PRESENT
----------------(0)
OUT:he throw -s a ball a ball .
TRG:she throw -s a boy a bag .
AGENT=CAT,PRON;ACTION=THROW;RECIPIENT=INDEF,BOY;PATIENT=INDEF,BAG;E=EN,SIMPLE,AGT,PAT,REC,PRESENT
----------------(0)
OUT:he throw -s the ball to a ball .
TRG:she throw -s the kite to a woman .
AGENT=SISTER,PRON;ACTION=THROW;PATIENT=DEF,KITE;RECIPIENT=INDEF,WOMAN;E=EN,SIMPLE,PAT,-1,REC,PRESENT
----------------(0)
OUT:he give -s a ball the ball .
TRG:she give -s a man the key .
AGENT=SISTER,PRON;ACTION=GIVE;RECIPIENT=INDEF,MAN;PATIENT=DEF,KEY;E=EN,SIMPLE,AGT,PAT,REC,PRESENT
----------------(0)
OUT:he run -s .
TRG:she run -s .
AGENT=CAT,PRON;ACTION=RUN;E=EN,SIMPLE,AGT,PRESENT
----------------(0)
OUT:he is swim -ing .
TRG:she is swim -ing .
AGENT=SISTER,PRON;ACTION=SWIM;E=EN,PROG,AGT,PRESENT
----------------(0)
OUT:he push -s the ball .
TRG:she push -s the man .
AGENT=MOTHER,PRON;ACTION=PUSH;PATIENT=DEF,MAN;E=EN,SIMPLE,AGT,PAT,PRESENT
----------------(0)
OUT:he is give -ing a ball to a ball .
TRG:she is give -ing a kite to a sister .
AGENT=SISTER,PRON;ACTION=GIVE;PATIENT=INDEF,KITE;RECIPIENT=INDEF,SISTER;E=EN,PROG,PAT,-1,REC,PRESENT
----------------(0)
OUT:he present -s a ball to the ball .
TRG:she present -s a key to the woman .
AGENT=WOMAN,PRON;ACTION=PRESENT;PATIENT=INDEF,KEY;RECIPIENT=DEF,WOMAN;E=EN,SIMPLE,PAT,-1,REC,PRESENT
----------------(0)
OUT:he is give -ing a ball a ball .
TRG:she is give -ing the woman a kite .
AGENT=CAT,PRON;ACTION=GIVE;RECIPIENT=DEF,WOMAN;PATIENT=INDEF,KITE;E=EN,PROG,AGT,PAT,REC,PRESENT
----------------(0)
OUT:he throw -s the ball the ball .
TRG:she throw -s the sister the stick .
AGENT=CAT,PRON;ACTION=THROW;RECIPIENT=DEF,SISTER;PATIENT=DEF,STICK;E=EN,SIMPLE,AGT,PAT,REC,PRESENT
----------------(0)
OUT:he is jump -ing .
TRG:she is jump -ing .
AGENT=SISTER,PRON;ACTION=JUMP;E=EN,PROG,AGT,PRESENT
----------------(0)
OUT:he jump -s .
TRG:she jump -s .
AGENT=SISTER,PRON;ACTION=JUMP;E=EN,SIMPLE,AGT,PRESENT
----------------(0)
OUT:he is carry -ing the ball .
TRG:she is carry -ing the brother .
AGENT=WOMAN,PRON;ACTION=CARRY;PATIENT=DEF,BROTHER;E=EN,PROG,AGT,PAT,PRESENT
----------------(0)
OUT:he push -s the ball .
TRG:she push -s the bag .
AGENT=GIRL,PRON;ACTION=PUSH;PATIENT=DEF,BAG;E=EN,SIMPLE,AGT,PAT,PRESENT
----------------(0)
OUT:he is jump -ing .
TRG:she is jump -ing .
AGENT=CAT,PRON;ACTION=JUMP;E=EN,PROG,AGT,PRESENT
----------------(0)
OUT:he is throw -ing a ball the ball .
TRG:she is throw -ing a brother the key .
AGENT=SISTER,PRON;ACTION=THROW;RECIPIENT=INDEF,BROTHER;PATIENT=DEF,KEY;E=EN,PROG,AGT,PAT,REC,PRESENT
----------------(0)
OUT:he push -s a ball .
TRG:she push -s a stick .
AGENT=SISTER,PRON;ACTION=PUSH;PATIENT=INDEF,STICK;E=EN,SIMPLE,AGT,PAT,PRESENT
----------------(0)
OUT:he jump -s .
TRG:she jump -s .
AGENT=SISTER,PRON;ACTION=JUMP;E=EN,SIMPLE,AGT,PRESENT
----------------(0)
OUT:he is present -ing a ball a a .
TRG:she is present -ing a dog a toy .
AGENT=MOTHER,PRON;ACTION=PRESENT;RECIPIENT=INDEF,DOG;PATIENT=INDEF,TOY;E=EN,PROG,AGT,PAT,REC,PRESENT
----------------(0)
OUT:he is walk -ing .
TRG:she is walk -ing .
AGENT=GIRL,PRON;ACTION=WALK;E=EN,PROG,AGT,PRESENT
----------------(0)
OUT:he carry -s a ball .
TRG:she carry -s a key .
AGENT=MOTHER,PRON;ACTION=CARRY;PATIENT=INDEF,KEY;E=EN,SIMPLE,AGT,PAT,PRESENT
----------------(0)
OUT:he run -s .
TRG:she run -s .
AGENT=WOMAN,PRON;ACTION=RUN;E=EN,SIMPLE,AGT,PRESENT
----------------(0)
OUT:he push -s the ball .
TRG:she push -s the brother .
AGENT=WOMAN,PRON;ACTION=PUSH;PATIENT=DEF,BROTHER;E=EN,SIMPLE,AGT,PAT,PRESENT
----------------(0)
OUT:he is throw -ing the ball to a ball to
TRG:she is throw -ing the toy to a woman .
AGENT=CAT,PRON;ACTION=THROW;PATIENT=DEF,TOY;RECIPIENT=INDEF,WOMAN;E=EN,PROG,PAT,-1,REC,PRESENT
----------------(0)
OUT:he is swim -ing .
TRG:she is swim -ing .
AGENT=GIRL,PRON;ACTION=SWIM;E=EN,PROG,AGT,PRESENT
----------------(0)
OUT:he present -s a ball to a ball .
TRG:she present -s a toy to a brother .
AGENT=CAT,PRON;ACTION=PRESENT;PATIENT=INDEF,TOY;RECIPIENT=INDEF,BROTHER;E=EN,SIMPLE,PAT,-1,REC,PRESENT
----------------(0)
OUT:he is throw -ing a ball the ball .
TRG:she is throw -ing a cat the kite .
AGENT=GIRL,PRON;ACTION=THROW;RECIPIENT=INDEF,CAT;PATIENT=DEF,KITE;E=EN,PROG,AGT,PAT,REC,PRESENT
----------------(0)
OUT:he throw -s a kite to the ball .
TRG:she throw -s a kite to the boy .
AGENT=WOMAN,PRON;ACTION=THROW;PATIENT=INDEF,KITE;RECIPIENT=DEF,BOY;E=EN,SIMPLE,PAT,-1,REC,PRESENT
----------------(0)
OUT:he is present -ing a ball to the ball .
TRG:she is present -ing a stick to the cat .
AGENT=WOMAN,PRON;ACTION=PRESENT;PATIENT=INDEF,STICK;RECIPIENT=DEF,CAT;E=EN,PROG,PAT,-1,REC,PRESENT
----------------(0)
OUT:he show -s a ball the ball .
TRG:she show -s a mother the bag .
AGENT=GIRL,PRON;ACTION=SHOW;RECIPIENT=INDEF,MOTHER;PATIENT=DEF,BAG;E=EN,SIMPLE,AGT,PAT,REC,PRESENT
----------------(0)
OUT:he run -s .
TRG:she run -s .
AGENT=SISTER,PRON;ACTION=RUN;E=EN,SIMPLE,AGT,PRESENT
----------------(0)
OUT:he is show -ing a ball to a ball .
TRG:she is show -ing a key to a woman .
AGENT=SISTER,PRON;ACTION=SHOW;PATIENT=INDEF,KEY;RECIPIENT=INDEF,WOMAN;E=EN,PROG,PAT,-1,REC,PRESENT
----------------(0)
OUT:he is show -ing a ball to the ball to
TRG:she is show -ing a ball to the brother .
AGENT=MOTHER,PRON;ACTION=SHOW;PATIENT=INDEF,BALL;RECIPIENT=DEF,BROTHER;E=EN,PROG,PAT,-1,REC,PRESENT
----------------(0)
OUT:he give -s a ball to the ball .
TRG:she give -s a key to the boy .
AGENT=CAT,PRON;ACTION=GIVE;PATIENT=INDEF,KEY;RECIPIENT=DEF,BOY;E=EN,SIMPLE,PAT,-1,REC,PRESENT
----------------(0)
OUT:he is show -ing a ball to a ball .
TRG:she is show -ing a key to a boy .
AGENT=SISTER,PRON;ACTION=SHOW;PATIENT=INDEF,KEY;RECIPIENT=INDEF,BOY;E=EN,PROG,PAT,-1,REC,PRESENT
----------------(0)
OUT:he swim -s .
TRG:she swim -s .
AGENT=GIRL,PRON;ACTION=SWIM;E=EN,SIMPLE,AGT,PRESENT
----------------(0)
OUT:he is walk -ing .
TRG:she is walk -ing .
AGENT=SISTER,PRON;ACTION=WALK;E=EN,PROG,AGT,PRESENT
----------------(0)
OUT:he jump -s .
TRG:she jump -s .
AGENT=MOTHER,PRON;ACTION=JUMP;E=EN,SIMPLE,AGT,PRESENT
----------------(0)
OUT:he throw -s a ball the ball .
TRG:she throw -s a father the ball .
AGENT=MOTHER,PRON;ACTION=THROW;RECIPIENT=INDEF,FATHER;PATIENT=DEF,BALL;E=EN,SIMPLE,AGT,PAT,REC,PRESENT
----------------(0)
OUT:he present -s a ball a a .
TRG:she present -s a girl a key .
AGENT=CAT,PRON;ACTION=PRESENT;RECIPIENT=INDEF,GIRL;PATIENT=INDEF,KEY;E=EN,SIMPLE,AGT,PAT,REC,PRESENT
----------------(0)
OUT:he is kick -ing the ball .
TRG:she is kick -ing the father .
AGENT=WOMAN,PRON;ACTION=KICK;PATIENT=DEF,FATHER;E=EN,PROG,AGT,PAT,PRESENT
----------------(0)
OUT:he throw -s a ball the ball .
TRG:she throw -s a mother the kite .
AGENT=GIRL,PRON;ACTION=THROW;RECIPIENT=INDEF,MOTHER;PATIENT=DEF,KITE;E=EN,SIMPLE,AGT,PAT,REC,PRESENT
----------------(0)
OUT:he is present -ing a ball to a ball .
TRG:she is present -ing a ball to a girl .
AGENT=WOMAN,PRON;ACTION=PRESENT;PATIENT=INDEF,BALL;RECIPIENT=INDEF,GIRL;E=EN,PROG,PAT,-1,REC,PRESENT
----------------(0)
OUT:he is throw -ing a ball a a .
TRG:she is throw -ing a woman a kite .
AGENT=WOMAN,PRON;ACTION=THROW;RECIPIENT=INDEF,WOMAN;PATIENT=INDEF,KITE;E=EN,PROG,AGT,PAT,REC,PRESENT
----------------(0)
OUT:he jump -s .
TRG:she jump -s .
AGENT=GIRL,PRON;ACTION=JUMP;E=EN,SIMPLE,AGT,PRESENT
----------------(0)
OUT:he is show -ing the ball to the ball .
TRG:she is show -ing the kite to the sister .
AGENT=GIRL,PRON;ACTION=SHOW;PATIENT=DEF,KITE;RECIPIENT=DEF,SISTER;E=EN,PROG,PAT,-1,REC,PRESENT
----------------(0)
OUT:he is walk -ing .
TRG:she is walk -ing .
AGENT=GIRL,PRON;ACTION=WALK;E=EN,PROG,AGT,PRESENT
----------------(0)
OUT:he hit -s the ball .
TRG:she hit -s the girl .
AGENT=CAT,PRON;ACTION=HIT;PATIENT=DEF,GIRL;E=EN,SIMPLE,AGT,PAT,PRESENT
----------------(0)
OUT:he throw -s the ball to a ball .
TRG:she throw -s the kite to a boy .
AGENT=CAT,PRON;ACTION=THROW;PATIENT=DEF,KITE;RECIPIENT=INDEF,BOY;E=EN,SIMPLE,PAT,-1,REC,PRESENT
----------------(0)
OUT:he present -s a ball a ball .
TRG:she present -s a cat a ball .
AGENT=GIRL,PRON;ACTION=PRESENT;RECIPIENT=INDEF,CAT;PATIENT=INDEF,BALL;E=EN,SIMPLE,AGT,PAT,REC,PRESENT
----------------(0)
OUT:he is push -ing the ball .
TRG:she is push -ing the boy .
AGENT=SISTER,PRON;ACTION=PUSH;PATIENT=DEF,BOY;E=EN,PROG,AGT,PAT,PRESENT
----------------(0)
OUT:he jump -s .
TRG:she jump -s .
AGENT=CAT,PRON;ACTION=JUMP;E=EN,SIMPLE,AGT,PRESENT
----------------(0)
OUT:he is walk -ing .
TRG:she is walk -ing .
AGENT=GIRL,PRON;ACTION=WALK;E=EN,PROG,AGT,PRESENT
----------------(0)
OUT:he is jump -ing .
TRG:she is jump -ing .
AGENT=WOMAN,PRON;ACTION=JUMP;E=EN,PROG,AGT,PRESENT
----------------(0)
OUT:he hit -s a ball .
TRG:she hit -s a bag .
AGENT=MOTHER,PRON;ACTION=HIT;PATIENT=INDEF,BAG;E=EN,SIMPLE,AGT,PAT,PRESENT
----------------(0)
OUT:he is walk -ing .
TRG:she is walk -ing .
AGENT=GIRL,PRON;ACTION=WALK;E=EN,PROG,AGT,PRESENT
----------------(0)
OUT:he push -s a ball .
TRG:she push -s a sister .
AGENT=CAT,PRON;ACTION=PUSH;PATIENT=INDEF,SISTER;E=EN,SIMPLE,AGT,PAT,PRESENT
----------------(0)
OUT:he is present -ing a ball the ball .
TRG:she is present -ing a brother the kite .
AGENT=CAT,PRON;ACTION=PRESENT;RECIPIENT=INDEF,BROTHER;PATIENT=DEF,KITE;E=EN,PROG,AGT,PAT,REC,PRESENT
----------------(0)
OUT:he is present -ing the ball to a ball .
TRG:she is present -ing the kite to a dog .
AGENT=WOMAN,PRON;ACTION=PRESENT;PATIENT=DEF,KITE;RECIPIENT=INDEF,DOG;E=EN,PROG,PAT,-1,REC,PRESENT
----------------(0)
OUT:he throw -s the ball to a ball .
TRG:she throw -s the kite to a brother .
AGENT=CAT,PRON;ACTION=THROW;PATIENT=DEF,KITE;RECIPIENT=INDEF,BROTHER;E=EN,SIMPLE,PAT,-1,REC,PRESENT
----------------(0)
OUT:he is push -ing the ball .
TRG:she is push -ing the sister .
AGENT=CAT,PRON;ACTION=PUSH;PATIENT=DEF,SISTER;E=EN,PROG,AGT,PAT,PRESENT
----------------(0)
OUT:he is kick -ing the ball .
TRG:she is kick -ing the mother .
AGENT=CAT,PRON;ACTION=KICK;PATIENT=DEF,MOTHER;E=EN,PROG,AGT,PAT,PRESENT
----------------(0)
OUT:he is run -ing .
TRG:she is run -ing .
AGENT=WOMAN,PRON;ACTION=RUN;E=EN,PROG,AGT,PRESENT
----------------(0)
OUT:he throw -s a ball a ball .
TRG:she throw -s the mother a stick .
AGENT=CAT,PRON;ACTION=THROW;RECIPIENT=DEF,MOTHER;PATIENT=INDEF,STICK;E=EN,SIMPLE,AGT,PAT,REC,PRESENT
----------------(0)
OUT:he throw -s the ball to a ball .
TRG:she throw -s the kite to a girl .
AGENT=MOTHER,PRON;ACTION=THROW;PATIENT=DEF,KITE;RECIPIENT=INDEF,GIRL;E=EN,SIMPLE,PAT,-1,REC,PRESENT
----------------(0)
OUT:he jump -s .
TRG:she jump -s .
AGENT=MOTHER,PRON;ACTION=JUMP;E=EN,SIMPLE,AGT,PRESENT
----------------(0)
OUT:he run -s .
TRG:she run -s .
AGENT=GIRL,PRON;ACTION=RUN;E=EN,SIMPLE,AGT,PRESENT
----------------(0)
OUT:he is show -ing a ball a stick .
TRG:she is show -ing the sister a stick .
AGENT=WOMAN,PRON;ACTION=SHOW;RECIPIENT=DEF,SISTER;PATIENT=INDEF,STICK;E=EN,PROG,AGT,PAT,REC,PRESENT
----------------(0)
