((lp0
I0
aI2000
aI4000
aI6000
aI8000
aI10000
aI12000
aI14000
aI16000
aI18000
aI20000
aI22000
aI24000
aI26000
aI28000
aI30000
aI32000
aI34000
aI36000
aI40000
a(lp1
I16
aI46
aI94
aI100
aI98
aI97
aI99
aI98
aI99
aI99
aI100
aI99
aI99
aI99
aI99
aI100
aI100
aI100
aI100
aI100
a(lp2
I25
aI64
aI96
aI100
aI98
aI97
aI99
aI98
aI99
aI99
aI100
aI99
aI99
aI99
aI99
aI100
aI100
aI100
aI100
aI100
a(lp3
I19
aI52
aI93
aI100
aI100
aI100
aI90
aI100
aI100
aI100
aI100
aI94
aI100
aI100
aI100
aI100
aI100
aI100
aI100
aI100
a(lp4
I36
aI61
aI93
aI100
aI100
aI100
aI91
aI100
aI100
aI100
aI100
aI94
aI100
aI100
aI100
aI100
aI100
aI100
aI100
aI100
a(lp5
I0
aI0
aI0
aI0
aI0
aI0
aI0
aI0
aI0
aI0
aI0
aI0
aI0
aI0
aI0
aI0
aI0
aI0
aI0
aI0
a(lp6
I0
aI0
aI0
aI0
aI0
aI0
aI0
aI0
aI0
aI0
aI0
aI0
aI0
aI0
aI0
aI0
aI0
aI0
aI0
aI0
atp7
.