OUT:she walk -s .
TRG:he walk -s .
AGENT=FATHER,PRON;ACTION=WALK;E=EN,SIMPLE,AGT,PRESENT
----------------(0)
OUT:she walk -s .
TRG:he walk -s .
AGENT=FATHER,PRON;ACTION=WALK;E=EN,SIMPLE,AGT,PRESENT
----------------(0)
OUT:she show -s a man a man .
TRG:he show -s a woman a ball .
AGENT=FATHER,PRON;ACTION=SHOW;RECIPIENT=INDEF,WOMAN;PATIENT=INDEF,BALL;E=EN,SIMPLE,AGT,PAT,REC,PRESENT
----------------(0)
OUT:she show -s a man a man .
TRG:he show -s a woman a stick .
AGENT=FATHER,PRON;ACTION=SHOW;RECIPIENT=INDEF,WOMAN;PATIENT=INDEF,STICK;E=EN,SIMPLE,AGT,PAT,REC,PRESENT
----------------(0)
OUT:she walk -s .
TRG:he walk -s .
AGENT=BROTHER,PRON;ACTION=WALK;E=EN,SIMPLE,AGT,PRESENT
----------------(0)
OUT:she show -s a man the man .
TRG:he show -s a mother the kite .
AGENT=BROTHER,PRON;ACTION=SHOW;RECIPIENT=INDEF,MOTHER;PATIENT=DEF,KITE;E=EN,SIMPLE,AGT,PAT,REC,PRESENT
----------------(0)
