OUT:he is push -ing the stick .
TRG:she is push -ing the key .
AGENT=WOMAN,PRON;ACTION=PUSH;PATIENT=DEF,KEY;E=EN,PROG,AGT,PAT,PRESENT
----------------(0)
OUT:he show -s a stick to to stick to
TRG:she show -s a kite to a father .
AGENT=WOMAN,PRON;ACTION=SHOW;PATIENT=INDEF,KITE;RECIPIENT=INDEF,FATHER;E=EN,SIMPLE,PAT,-1,REC,PRESENT
----------------(0)
OUT:he jump -s .
TRG:she jump -s .
AGENT=MOTHER,PRON;ACTION=JUMP;E=EN,SIMPLE,AGT,PRESENT
----------------(0)
OUT:he push -s the stick .
TRG:she push -s the brother .
AGENT=WOMAN,PRON;ACTION=PUSH;PATIENT=DEF,BROTHER;E=EN,SIMPLE,AGT,PAT,PRESENT
----------------(0)
OUT:he is carry -ing the stick .
TRG:she is carry -ing the bag .
AGENT=GIRL,PRON;ACTION=CARRY;PATIENT=DEF,BAG;E=EN,PROG,AGT,PAT,PRESENT
----------------(0)
OUT:he is jump -ing .
TRG:she is jump -ing .
AGENT=GIRL,PRON;ACTION=JUMP;E=EN,PROG,AGT,PRESENT
----------------(0)
OUT:he is present -ing a stick to stick stick stick
TRG:she is present -ing a ball to a girl .
AGENT=WOMAN,PRON;ACTION=PRESENT;PATIENT=INDEF,BALL;RECIPIENT=INDEF,GIRL;E=EN,PROG,PAT,-1,REC,PRESENT
----------------(0)
OUT:he jump -s .
TRG:she jump -s .
AGENT=GIRL,PRON;ACTION=JUMP;E=EN,SIMPLE,AGT,PRESENT
----------------(0)
OUT:he is push -ing the stick .
TRG:she is push -ing the toy .
AGENT=WOMAN,PRON;ACTION=PUSH;PATIENT=DEF,TOY;E=EN,PROG,AGT,PAT,PRESENT
----------------(0)
OUT:he run -s .
TRG:she run -s .
AGENT=WOMAN,PRON;ACTION=RUN;E=EN,SIMPLE,AGT,PRESENT
----------------(0)
OUT:he is present -ing the stick to stick stick .
TRG:she is present -ing the kite to a dog .
AGENT=WOMAN,PRON;ACTION=PRESENT;PATIENT=DEF,KITE;RECIPIENT=INDEF,DOG;E=EN,PROG,PAT,-1,REC,PRESENT
----------------(0)
OUT:he is push -ing a stick .
TRG:she is push -ing a woman .
AGENT=WOMAN,PRON;ACTION=PUSH;PATIENT=INDEF,WOMAN;E=EN,PROG,AGT,PAT,PRESENT
----------------(0)
OUT:he is present -ing the stick to stick stick stick
TRG:she is present -ing the kite to the cat .
AGENT=WOMAN,PRON;ACTION=PRESENT;PATIENT=DEF,KITE;RECIPIENT=DEF,CAT;E=EN,PROG,PAT,-1,REC,PRESENT
----------------(0)
OUT:he is present -ing the stick to stick stick stick
TRG:she is present -ing the key to a boy .
AGENT=WOMAN,PRON;ACTION=PRESENT;PATIENT=DEF,KEY;RECIPIENT=INDEF,BOY;E=EN,PROG,PAT,-1,REC,PRESENT
----------------(0)
OUT:he jump -s .
TRG:she jump -s .
AGENT=SISTER,PRON;ACTION=JUMP;E=EN,SIMPLE,AGT,PRESENT
----------------(0)
OUT:he jump -s .
TRG:she jump -s .
AGENT=MOTHER,PRON;ACTION=JUMP;E=EN,SIMPLE,AGT,PRESENT
----------------(0)
OUT:he show -s a stick the stick .
TRG:she show -s a girl the ball .
AGENT=SISTER,PRON;ACTION=SHOW;RECIPIENT=INDEF,GIRL;PATIENT=DEF,BALL;E=EN,SIMPLE,AGT,PAT,REC,PRESENT
----------------(0)
OUT:he run -s .
TRG:she run -s .
AGENT=SISTER,PRON;ACTION=RUN;E=EN,SIMPLE,AGT,PRESENT
----------------(0)
OUT:he give -s a stick the stick .
TRG:she give -s a man the key .
AGENT=SISTER,PRON;ACTION=GIVE;RECIPIENT=INDEF,MAN;PATIENT=DEF,KEY;E=EN,SIMPLE,AGT,PAT,REC,PRESENT
----------------(0)
OUT:he is hit -ing the stick .
TRG:she is hit -ing the toy .
AGENT=CAT,PRON;ACTION=HIT;PATIENT=DEF,TOY;E=EN,PROG,AGT,PAT,PRESENT
----------------(0)
OUT:he present -s a stick to the stick to
TRG:she present -s a key to the woman .
AGENT=WOMAN,PRON;ACTION=PRESENT;PATIENT=INDEF,KEY;RECIPIENT=DEF,WOMAN;E=EN,SIMPLE,PAT,-1,REC,PRESENT
----------------(0)
OUT:he hit -s the stick .
TRG:she hit -s the girl .
AGENT=CAT,PRON;ACTION=HIT;PATIENT=DEF,GIRL;E=EN,SIMPLE,AGT,PAT,PRESENT
----------------(0)
OUT:he is run -ing .
TRG:she is run -ing .
AGENT=WOMAN,PRON;ACTION=RUN;E=EN,PROG,AGT,PRESENT
----------------(0)
OUT:he is push -ing a stick .
TRG:she is push -ing a ball .
AGENT=GIRL,PRON;ACTION=PUSH;PATIENT=INDEF,BALL;E=EN,PROG,AGT,PAT,PRESENT
----------------(0)
OUT:he throw -s the stick to the stick to
TRG:she throw -s the bag to the girl .
AGENT=SISTER,PRON;ACTION=THROW;PATIENT=DEF,BAG;RECIPIENT=DEF,GIRL;E=EN,SIMPLE,PAT,-1,REC,PRESENT
----------------(0)
OUT:he is give -ing the stick to stick stick stick
TRG:she is give -ing the toy to a woman .
AGENT=GIRL,PRON;ACTION=GIVE;PATIENT=DEF,TOY;RECIPIENT=INDEF,WOMAN;E=EN,PROG,PAT,-1,REC,PRESENT
----------------(0)
OUT:he jump -s .
TRG:she jump -s .
AGENT=GIRL,PRON;ACTION=JUMP;E=EN,SIMPLE,AGT,PRESENT
----------------(0)
OUT:he is throw -ing a a the stick .
TRG:she is throw -ing a brother the key .
AGENT=SISTER,PRON;ACTION=THROW;RECIPIENT=INDEF,BROTHER;PATIENT=DEF,KEY;E=EN,PROG,AGT,PAT,REC,PRESENT
----------------(0)
OUT:he give -s a stick to the stick to
TRG:she give -s a kite to the mother .
AGENT=GIRL,PRON;ACTION=GIVE;PATIENT=INDEF,KITE;RECIPIENT=DEF,MOTHER;E=EN,SIMPLE,PAT,-1,REC,PRESENT
----------------(0)
OUT:he is show -ing a stick to stick stick stick
TRG:she is show -ing a key to a boy .
AGENT=SISTER,PRON;ACTION=SHOW;PATIENT=INDEF,KEY;RECIPIENT=INDEF,BOY;E=EN,PROG,PAT,-1,REC,PRESENT
----------------(0)
OUT:he push -s the stick .
TRG:she push -s the bag .
AGENT=GIRL,PRON;ACTION=PUSH;PATIENT=DEF,BAG;E=EN,SIMPLE,AGT,PAT,PRESENT
----------------(0)
OUT:he is carry -ing the stick .
TRG:she is carry -ing the brother .
AGENT=WOMAN,PRON;ACTION=CARRY;PATIENT=DEF,BROTHER;E=EN,PROG,AGT,PAT,PRESENT
----------------(0)
OUT:he is give -ing a stick to stick stick stick
TRG:she is give -ing a kite to a sister .
AGENT=SISTER,PRON;ACTION=GIVE;PATIENT=INDEF,KITE;RECIPIENT=INDEF,SISTER;E=EN,PROG,PAT,-1,REC,PRESENT
----------------(0)
OUT:he jump -s .
TRG:she jump -s .
AGENT=MOTHER,PRON;ACTION=JUMP;E=EN,SIMPLE,AGT,PRESENT
----------------(0)
OUT:he push -s the stick .
TRG:she push -s the stick .
AGENT=SISTER,PRON;ACTION=PUSH;PATIENT=DEF,STICK;E=EN,SIMPLE,AGT,PAT,PRESENT
----------------(0)
OUT:he is jump -ing .
TRG:she is jump -ing .
AGENT=SISTER,PRON;ACTION=JUMP;E=EN,PROG,AGT,PRESENT
----------------(0)
OUT:he is run -ing .
TRG:she is run -ing .
AGENT=MOTHER,PRON;ACTION=RUN;E=EN,PROG,AGT,PRESENT
----------------(0)
OUT:he jump -s .
TRG:she jump -s .
AGENT=CAT,PRON;ACTION=JUMP;E=EN,SIMPLE,AGT,PRESENT
----------------(0)
OUT:he is push -ing the stick .
TRG:she is push -ing the boy .
AGENT=SISTER,PRON;ACTION=PUSH;PATIENT=DEF,BOY;E=EN,PROG,AGT,PAT,PRESENT
----------------(0)
OUT:he jump -s .
TRG:she jump -s .
AGENT=SISTER,PRON;ACTION=JUMP;E=EN,SIMPLE,AGT,PRESENT
----------------(0)
OUT:he kick -s the stick .
TRG:she kick -s the kite .
AGENT=WOMAN,PRON;ACTION=KICK;PATIENT=DEF,KITE;E=EN,SIMPLE,AGT,PAT,PRESENT
----------------(0)
OUT:he throw -s a stick to to stick to
TRG:she throw -s a bag to the boy .
AGENT=SISTER,PRON;ACTION=THROW;PATIENT=INDEF,BAG;RECIPIENT=DEF,BOY;E=EN,SIMPLE,PAT,-1,REC,PRESENT
----------------(0)
OUT:he is present -ing a stick to stick stick stick
TRG:she is present -ing a stick to the cat .
AGENT=WOMAN,PRON;ACTION=PRESENT;PATIENT=INDEF,STICK;RECIPIENT=DEF,CAT;E=EN,PROG,PAT,-1,REC,PRESENT
----------------(0)
OUT:he hit -s a stick .
TRG:she hit -s a bag .
AGENT=MOTHER,PRON;ACTION=HIT;PATIENT=INDEF,BAG;E=EN,SIMPLE,AGT,PAT,PRESENT
----------------(0)
OUT:he throw -s a stick to to stick to
TRG:she throw -s a kite to the boy .
AGENT=WOMAN,PRON;ACTION=THROW;PATIENT=INDEF,KITE;RECIPIENT=DEF,BOY;E=EN,SIMPLE,PAT,-1,REC,PRESENT
----------------(0)
OUT:he is jump -ing .
TRG:she is jump -ing .
AGENT=CAT,PRON;ACTION=JUMP;E=EN,PROG,AGT,PRESENT
----------------(0)
OUT:he run -s .
TRG:she run -s .
AGENT=GIRL,PRON;ACTION=RUN;E=EN,SIMPLE,AGT,PRESENT
----------------(0)
OUT:he carry -s a stick .
TRG:she carry -s a kite .
AGENT=SISTER,PRON;ACTION=CARRY;PATIENT=INDEF,KITE;E=EN,SIMPLE,AGT,PAT,PRESENT
----------------(0)
OUT:he throw -s the stick to the stick to
TRG:she throw -s the kite to the mother .
AGENT=WOMAN,PRON;ACTION=THROW;PATIENT=DEF,KITE;RECIPIENT=DEF,MOTHER;E=EN,SIMPLE,PAT,-1,REC,PRESENT
----------------(0)
OUT:he throw -s the stick to to stick to
TRG:she throw -s the kite to a woman .
AGENT=SISTER,PRON;ACTION=THROW;PATIENT=DEF,KITE;RECIPIENT=INDEF,WOMAN;E=EN,SIMPLE,PAT,-1,REC,PRESENT
----------------(0)
OUT:he is show -ing a stick to stick stick stick
TRG:she is show -ing a key to a woman .
AGENT=SISTER,PRON;ACTION=SHOW;PATIENT=INDEF,KEY;RECIPIENT=INDEF,WOMAN;E=EN,PROG,PAT,-1,REC,PRESENT
----------------(0)
OUT:he hit -s a stick .
TRG:she hit -s a brother .
AGENT=MOTHER,PRON;ACTION=HIT;PATIENT=INDEF,BROTHER;E=EN,SIMPLE,AGT,PAT,PRESENT
----------------(0)
OUT:he is jump -ing .
TRG:she is jump -ing .
AGENT=WOMAN,PRON;ACTION=JUMP;E=EN,PROG,AGT,PRESENT
----------------(0)
OUT:he push -s a stick .
TRG:she push -s a stick .
AGENT=SISTER,PRON;ACTION=PUSH;PATIENT=INDEF,STICK;E=EN,SIMPLE,AGT,PAT,PRESENT
----------------(0)
OUT:he throw -s a stick the stick .
TRG:she throw -s a mother the kite .
AGENT=GIRL,PRON;ACTION=THROW;RECIPIENT=INDEF,MOTHER;PATIENT=DEF,KITE;E=EN,SIMPLE,AGT,PAT,REC,PRESENT
----------------(0)
OUT:he is run -ing .
TRG:she is run -ing .
AGENT=SISTER,PRON;ACTION=RUN;E=EN,PROG,AGT,PRESENT
----------------(0)
