OUT:he throw -s the ball to a key to
TRG:she throw -s the kite to a boy .
AGENT=CAT,PRON;ACTION=THROW;PATIENT=DEF,KITE;RECIPIENT=INDEF,BOY;E=EN,SIMPLE,PAT,-1,REC,PRESENT
----------------(0)
OUT:he throw -s a kite to the key to
TRG:she throw -s a kite to the boy .
AGENT=WOMAN,PRON;ACTION=THROW;PATIENT=INDEF,KITE;RECIPIENT=DEF,BOY;E=EN,SIMPLE,PAT,-1,REC,PRESENT
----------------(0)
OUT:she throw -s the key to the key to
TRG:he throw -s the key to the mother .
AGENT=BROTHER,PRON;ACTION=THROW;PATIENT=DEF,KEY;RECIPIENT=DEF,MOTHER;E=EN,SIMPLE,PAT,-1,REC,PRESENT
----------------(0)
OUT:he throw -s the ball to a key to
TRG:she throw -s the kite to a brother .
AGENT=CAT,PRON;ACTION=THROW;PATIENT=DEF,KITE;RECIPIENT=INDEF,BROTHER;E=EN,SIMPLE,PAT,-1,REC,PRESENT
----------------(0)
OUT:he give -s a key to the key to
TRG:she give -s a key to the boy .
AGENT=CAT,PRON;ACTION=GIVE;PATIENT=INDEF,KEY;RECIPIENT=DEF,BOY;E=EN,SIMPLE,PAT,-1,REC,PRESENT
----------------(0)
OUT:he is present -ing the key to a present_ to
TRG:she is present -ing the kite to a dog .
AGENT=WOMAN,PRON;ACTION=PRESENT;PATIENT=DEF,KITE;RECIPIENT=INDEF,DOG;E=EN,PROG,PAT,-1,REC,PRESENT
----------------(0)
OUT:he is throw -ing the ball to the lanz to
TRG:she is throw -ing the stick to the dog .
AGENT=CAT,PRON;ACTION=THROW;PATIENT=DEF,STICK;RECIPIENT=DEF,DOG;E=EN,PROG,PAT,-1,REC,PRESENT
----------------(0)
OUT:he is show -ing a key to the key to
TRG:she is show -ing a ball to the brother .
AGENT=MOTHER,PRON;ACTION=SHOW;PATIENT=INDEF,BALL;RECIPIENT=DEF,BROTHER;E=EN,PROG,PAT,-1,REC,PRESENT
----------------(0)
OUT:he throw -s a key to the key to
TRG:she throw -s a bag to the boy .
AGENT=SISTER,PRON;ACTION=THROW;PATIENT=INDEF,BAG;RECIPIENT=DEF,BOY;E=EN,SIMPLE,PAT,-1,REC,PRESENT
----------------(0)
OUT:he is present -ing the key to a present_ to
TRG:she is present -ing the key to a boy .
AGENT=WOMAN,PRON;ACTION=PRESENT;PATIENT=DEF,KEY;RECIPIENT=INDEF,BOY;E=EN,PROG,PAT,-1,REC,PRESENT
----------------(0)
OUT:he is show -ing a key to a key to
TRG:she is show -ing a key to a boy .
AGENT=SISTER,PRON;ACTION=SHOW;PATIENT=INDEF,KEY;RECIPIENT=INDEF,BOY;E=EN,PROG,PAT,-1,REC,PRESENT
----------------(0)
OUT:he show -s a kite to a key to
TRG:she show -s a kite to a father .
AGENT=WOMAN,PRON;ACTION=SHOW;PATIENT=INDEF,KITE;RECIPIENT=INDEF,FATHER;E=EN,SIMPLE,PAT,-1,REC,PRESENT
----------------(0)
OUT:he present -s a toy to a key to
TRG:she present -s a toy to a brother .
AGENT=CAT,PRON;ACTION=PRESENT;PATIENT=INDEF,TOY;RECIPIENT=INDEF,BROTHER;E=EN,SIMPLE,PAT,-1,REC,PRESENT
----------------(0)
OUT:he give -s a key to the boy .
TRG:she give -s a key to the boy .
AGENT=CAT,PRON;ACTION=GIVE;PATIENT=INDEF,KEY;RECIPIENT=DEF,BOY;E=EN,SIMPLE,PAT,-1,REC,PRESENT
----------------(2000)
OUT:he is present -ing the key to a boy .
TRG:she is present -ing the key to a boy .
AGENT=WOMAN,PRON;ACTION=PRESENT;PATIENT=DEF,KEY;RECIPIENT=INDEF,BOY;E=EN,PROG,PAT,-1,REC,PRESENT
----------------(2000)
OUT:he is present -ing the kite to a dog .
TRG:she is present -ing the kite to a dog .
AGENT=WOMAN,PRON;ACTION=PRESENT;PATIENT=DEF,KITE;RECIPIENT=INDEF,DOG;E=EN,PROG,PAT,-1,REC,PRESENT
----------------(2000)
OUT:he show -s a kite to a father .
TRG:she show -s a kite to a father .
AGENT=WOMAN,PRON;ACTION=SHOW;PATIENT=INDEF,KITE;RECIPIENT=INDEF,FATHER;E=EN,SIMPLE,PAT,-1,REC,PRESENT
----------------(2000)
OUT:he is throw -ing the stick to the dog .
TRG:she is throw -ing the stick to the dog .
AGENT=CAT,PRON;ACTION=THROW;PATIENT=DEF,STICK;RECIPIENT=DEF,DOG;E=EN,PROG,PAT,-1,REC,PRESENT
----------------(2000)
OUT:he throw -s the kite to a brother .
TRG:she throw -s the kite to a brother .
AGENT=CAT,PRON;ACTION=THROW;PATIENT=DEF,KITE;RECIPIENT=INDEF,BROTHER;E=EN,SIMPLE,PAT,-1,REC,PRESENT
----------------(2000)
OUT:he is show -ing a ball to the brother .
TRG:she is show -ing a ball to the brother .
AGENT=MOTHER,PRON;ACTION=SHOW;PATIENT=INDEF,BALL;RECIPIENT=DEF,BROTHER;E=EN,PROG,PAT,-1,REC,PRESENT
----------------(2000)
OUT:he throw -s a bag to the boy .
TRG:she throw -s a bag to the boy .
AGENT=SISTER,PRON;ACTION=THROW;PATIENT=INDEF,BAG;RECIPIENT=DEF,BOY;E=EN,SIMPLE,PAT,-1,REC,PRESENT
----------------(2000)
OUT:he throw -s the kite to a boy .
TRG:she throw -s the kite to a boy .
AGENT=CAT,PRON;ACTION=THROW;PATIENT=DEF,KITE;RECIPIENT=INDEF,BOY;E=EN,SIMPLE,PAT,-1,REC,PRESENT
----------------(2000)
OUT:he throw -s a kite to the boy .
TRG:she throw -s a kite to the boy .
AGENT=WOMAN,PRON;ACTION=THROW;PATIENT=INDEF,KITE;RECIPIENT=DEF,BOY;E=EN,SIMPLE,PAT,-1,REC,PRESENT
----------------(2000)
OUT:he is show -ing a key to a boy .
TRG:she is show -ing a key to a boy .
AGENT=SISTER,PRON;ACTION=SHOW;PATIENT=INDEF,KEY;RECIPIENT=INDEF,BOY;E=EN,PROG,PAT,-1,REC,PRESENT
----------------(2000)
OUT:he present -s a toy to a brother .
TRG:she present -s a toy to a brother .
AGENT=CAT,PRON;ACTION=PRESENT;PATIENT=INDEF,TOY;RECIPIENT=INDEF,BROTHER;E=EN,SIMPLE,PAT,-1,REC,PRESENT
----------------(2000)
