((lp0
I0
aI2000
aI4000
aI6000
aI8000
aI10000
aI12000
aI14000
aI16000
aI18000
aI20000
aI22000
aI24000
aI26000
aI28000
aI30000
aI32000
aI34000
aI36000
aI40000
a(lp1
I41
aI63
aI86
aI87
aI97
aI99
aI100
aI99
aI100
aI100
aI99
aI100
aI100
aI100
aI100
aI100
aI100
aI100
aI100
aI100
a(lp2
I53
aI86
aI99
aI98
aI97
aI99
aI100
aI99
aI100
aI100
aI99
aI100
aI100
aI100
aI100
aI100
aI100
aI100
aI100
aI100
a(lp3
I55
aI85
aI87
aI95
aI100
aI100
aI100
aI100
aI100
aI100
aI100
aI100
aI100
aI100
aI100
aI100
aI100
aI100
aI100
aI100
a(lp4
I73
aI100
aI100
aI98
aI100
aI100
aI100
aI100
aI100
aI100
aI100
aI100
aI100
aI100
aI100
aI100
aI100
aI100
aI100
aI100
a(lp5
I134
aI0
aI0
aI0
aI0
aI0
aI0
aI0
aI0
aI0
aI0
aI0
aI0
aI0
aI0
aI0
aI0
aI0
aI0
aI0
a(lp6
I60
aI0
aI0
aI0
aI0
aI0
aI0
aI0
aI0
aI0
aI0
aI0
aI0
aI0
aI0
aI0
aI0
aI0
aI0
aI0
atp7
.