((lp0
I0
aI2000
aI4000
aI6000
aI8000
aI10000
aI12000
aI14000
aI16000
aI18000
aI20000
aI22000
aI24000
aI26000
aI28000
aI30000
aI32000
aI34000
aI36000
aI40000
a(lp1
I50
aI88
aI91
aI94
aI94
aI94
aI94
aI94
aI95
aI94
aI95
aI95
aI94
aI95
aI95
aI95
aI96
aI100
aI100
aI100
a(lp2
I80
aI99
aI100
aI100
aI100
aI100
aI100
aI99
aI100
aI99
aI100
aI100
aI100
aI100
aI100
aI100
aI99
aI100
aI100
aI100
a(lp3
I82
aI89
aI90
aI94
aI93
aI94
aI94
aI93
aI94
aI94
aI94
aI93
aI93
aI93
aI93
aI93
aI100
aI100
aI100
aI100
a(lp4
I100
aI100
aI100
aI100
aI100
aI100
aI100
aI100
aI100
aI100
aI100
aI100
aI100
aI100
aI100
aI100
aI100
aI100
aI100
aI100
a(lp5
I1
aI2
aI1
aI0
aI0
aI0
aI0
aI0
aI0
aI0
aI0
aI0
aI0
aI0
aI0
aI0
aI0
aI0
aI0
aI0
a(lp6
I1
aI2
aI1
aI0
aI0
aI0
aI0
aI0
aI0
aI0
aI0
aI0
aI0
aI0
aI0
aI0
aI0
aI0
aI0
aI0
atp7
.