OUT:she is kick a a woman a
TRG:he is kick -ing a woman .
AGENT=MAN,PRON;ACTION=KICK;PATIENT=INDEF,WOMAN;E=EN,PROG,AGT,PAT,PRESENT
----------------(36000)
OUT:he run -s .
TRG:she run -s .
AGENT=WOMAN,PRON;ACTION=RUN;E=EN,SIMPLE,AGT,PRESENT
----------------(36000)
OUT:he is run -ing a
TRG:she is run -ing .
AGENT=WOMAN,PRON;ACTION=RUN;E=EN,PROG,AGT,PRESENT
----------------(36000)
OUT:he is jump -ing a
TRG:she is jump -ing .
AGENT=WOMAN,PRON;ACTION=JUMP;E=EN,PROG,AGT,PRESENT
----------------(36000)
OUT:ella empuj -a el hermano .
TRG:él empuj -a el hermano .
AGENT=FATHER,PRON;ACTION=PUSH;PATIENT=DEF,BROTHER;E=ES,SIMPLE,AGT,PAT,PRESENT
----------------(36000)
OUT:he jump -s .
TRG:she jump -s .
AGENT=SISTER,PRON;ACTION=JUMP;E=EN,SIMPLE,AGT,PRESENT
----------------(36000)
OUT:he is walk -ing a
TRG:she is walk -ing .
AGENT=GIRL,PRON;ACTION=WALK;E=EN,PROG,AGT,PRESENT
----------------(36000)
OUT:he is push a ball ball a
TRG:she is push -ing a ball .
AGENT=GIRL,PRON;ACTION=PUSH;PATIENT=INDEF,BALL;E=EN,PROG,AGT,PAT,PRESENT
----------------(36000)
OUT:he is push the toy toy the
TRG:she is push -ing the toy .
AGENT=WOMAN,PRON;ACTION=PUSH;PATIENT=DEF,TOY;E=EN,PROG,AGT,PAT,PRESENT
----------------(36000)
OUT:she is push a a mother a
TRG:he is push -ing a mother .
AGENT=BROTHER,PRON;ACTION=PUSH;PATIENT=INDEF,MOTHER;E=EN,PROG,AGT,PAT,PRESENT
----------------(36000)
OUT:he jump -s .
TRG:she jump -s .
AGENT=SISTER,PRON;ACTION=JUMP;E=EN,SIMPLE,AGT,PRESENT
----------------(36000)
OUT:he is jump -ing a
TRG:she is jump -ing .
AGENT=CAT,PRON;ACTION=JUMP;E=EN,PROG,AGT,PRESENT
----------------(36000)
OUT:he is walk -ing a
TRG:she is walk -ing .
AGENT=GIRL,PRON;ACTION=WALK;E=EN,PROG,AGT,PRESENT
----------------(36000)
OUT:he swim -s .
TRG:she swim -s .
AGENT=WOMAN,PRON;ACTION=SWIM;E=EN,SIMPLE,AGT,PRESENT
----------------(36000)
OUT:he is walk -ing a
TRG:she is walk -ing .
AGENT=GIRL,PRON;ACTION=WALK;E=EN,PROG,AGT,PRESENT
----------------(36000)
OUT:he is carry the brother brother the
TRG:she is carry -ing the brother .
AGENT=WOMAN,PRON;ACTION=CARRY;PATIENT=DEF,BROTHER;E=EN,PROG,AGT,PAT,PRESENT
----------------(36000)
OUT:she is kick a a woman a
TRG:he is kick -ing a woman .
AGENT=DOG,PRON;ACTION=KICK;PATIENT=INDEF,WOMAN;E=EN,PROG,AGT,PAT,PRESENT
----------------(36000)
OUT:he jump -s .
TRG:she jump -s .
AGENT=MOTHER,PRON;ACTION=JUMP;E=EN,SIMPLE,AGT,PRESENT
----------------(36000)
OUT:he jump -s .
TRG:she jump -s .
AGENT=MOTHER,PRON;ACTION=JUMP;E=EN,SIMPLE,AGT,PRESENT
----------------(36000)
OUT:she is carry the the sister the
TRG:he is carry -ing the sister .
AGENT=MAN,PRON;ACTION=CARRY;PATIENT=DEF,SISTER;E=EN,PROG,AGT,PAT,PRESENT
----------------(36000)
OUT:he swim -s .
TRG:she swim -s .
AGENT=WOMAN,PRON;ACTION=SWIM;E=EN,SIMPLE,AGT,PRESENT
----------------(36000)
OUT:he is kick the father father the
TRG:she is kick -ing the father .
AGENT=CAT,PRON;ACTION=KICK;PATIENT=DEF,FATHER;E=EN,PROG,AGT,PAT,PRESENT
----------------(36000)
OUT:he is walk -ing a
TRG:she is walk -ing .
AGENT=GIRL,PRON;ACTION=WALK;E=EN,PROG,AGT,PRESENT
----------------(36000)
OUT:he jump -s .
TRG:she jump -s .
AGENT=GIRL,PRON;ACTION=JUMP;E=EN,SIMPLE,AGT,PRESENT
----------------(36000)
OUT:ella está llev -ando una hermana .
TRG:él está llev -ando una hermana .
AGENT=CAT,PRON;ACTION=CARRY;PATIENT=INDEF,SISTER;E=ES,PROG,AGT,PAT,PRESENT
----------------(36000)
OUT:he swim -s .
TRG:she swim -s .
AGENT=GIRL,PRON;ACTION=SWIM;E=EN,SIMPLE,AGT,PRESENT
----------------(36000)
OUT:he walk -s .
TRG:she walk -s .
AGENT=SISTER,PRON;ACTION=WALK;E=EN,SIMPLE,AGT,PRESENT
----------------(36000)
OUT:she is carry a a woman a
TRG:he is carry -ing a woman .
AGENT=DOG,PRON;ACTION=CARRY;PATIENT=INDEF,WOMAN;E=EN,PROG,AGT,PAT,PRESENT
----------------(36000)
OUT:she is push a a woman a
TRG:he is push -ing a woman .
AGENT=BROTHER,PRON;ACTION=PUSH;PATIENT=INDEF,WOMAN;E=EN,PROG,AGT,PAT,PRESENT
----------------(36000)
OUT:he is run -ing a
TRG:she is run -ing .
AGENT=MOTHER,PRON;ACTION=RUN;E=EN,PROG,AGT,PRESENT
----------------(36000)
OUT:he is jump -ing a
TRG:she is jump -ing .
AGENT=SISTER,PRON;ACTION=JUMP;E=EN,PROG,AGT,PRESENT
----------------(36000)
OUT:he is push the key key the
TRG:she is push -ing the key .
AGENT=WOMAN,PRON;ACTION=PUSH;PATIENT=DEF,KEY;E=EN,PROG,AGT,PAT,PRESENT
----------------(36000)
OUT:he is push the the boy the
TRG:she is push -ing the boy .
AGENT=SISTER,PRON;ACTION=PUSH;PATIENT=DEF,BOY;E=EN,PROG,AGT,PAT,PRESENT
----------------(36000)
OUT:he run -s .
TRG:she run -s .
AGENT=GIRL,PRON;ACTION=RUN;E=EN,SIMPLE,AGT,PRESENT
----------------(36000)
OUT:he run -s .
TRG:she run -s .
AGENT=CAT,PRON;ACTION=RUN;E=EN,SIMPLE,AGT,PRESENT
----------------(36000)
OUT:he run -s .
TRG:she run -s .
AGENT=CAT,PRON;ACTION=RUN;E=EN,SIMPLE,AGT,PRESENT
----------------(36000)
OUT:he is swim -ing a
TRG:she is swim -ing .
AGENT=SISTER,PRON;ACTION=SWIM;E=EN,PROG,AGT,PRESENT
----------------(36000)
OUT:he run -s .
TRG:she run -s .
AGENT=CAT,PRON;ACTION=RUN;E=EN,SIMPLE,AGT,PRESENT
----------------(36000)
OUT:he run -s .
TRG:she run -s .
AGENT=SISTER,PRON;ACTION=RUN;E=EN,SIMPLE,AGT,PRESENT
----------------(36000)
OUT:he is hit the toy toy the
TRG:she is hit -ing the toy .
AGENT=CAT,PRON;ACTION=HIT;PATIENT=DEF,TOY;E=EN,PROG,AGT,PAT,PRESENT
----------------(36000)
OUT:he jump -s .
TRG:she jump -s .
AGENT=CAT,PRON;ACTION=JUMP;E=EN,SIMPLE,AGT,PRESENT
----------------(36000)
OUT:he is carry the bag bag the
TRG:she is carry -ing the bag .
AGENT=GIRL,PRON;ACTION=CARRY;PATIENT=DEF,BAG;E=EN,PROG,AGT,PAT,PRESENT
----------------(36000)
OUT:he is run -ing a
TRG:she is run -ing .
AGENT=SISTER,PRON;ACTION=RUN;E=EN,PROG,AGT,PRESENT
----------------(36000)
OUT:he is walk -ing a
TRG:she is walk -ing .
AGENT=SISTER,PRON;ACTION=WALK;E=EN,PROG,AGT,PRESENT
----------------(36000)
OUT:he jump -s .
TRG:she jump -s .
AGENT=MOTHER,PRON;ACTION=JUMP;E=EN,SIMPLE,AGT,PRESENT
----------------(36000)
OUT:he is swim -ing a
TRG:she is swim -ing .
AGENT=GIRL,PRON;ACTION=SWIM;E=EN,PROG,AGT,PRESENT
----------------(36000)
OUT:he is kick the father father the
TRG:she is kick -ing the father .
AGENT=WOMAN,PRON;ACTION=KICK;PATIENT=DEF,FATHER;E=EN,PROG,AGT,PAT,PRESENT
----------------(36000)
OUT:he jump -s .
TRG:she jump -s .
AGENT=GIRL,PRON;ACTION=JUMP;E=EN,SIMPLE,AGT,PRESENT
----------------(36000)
OUT:he is jump -ing a
TRG:she is jump -ing .
AGENT=GIRL,PRON;ACTION=JUMP;E=EN,PROG,AGT,PRESENT
----------------(36000)
OUT:he is run -ing the
TRG:she is run -ing .
AGENT=SISTER,PRON;ACTION=RUN;E=EN,PROG,AGT,PRESENT
----------------(40000)
OUT:él está pate -ando la la .
TRG:ella está pate -ando la hermana .
AGENT=WOMAN,PRON;ACTION=KICK;PATIENT=DEF,SISTER;E=ES,PROG,AGT,PAT,PRESENT
----------------(40000)
OUT:he is jump -ing the
TRG:she is jump -ing .
AGENT=WOMAN,PRON;ACTION=JUMP;E=EN,PROG,AGT,PRESENT
----------------(40000)
OUT:she is kick -ing a bag .
TRG:he is kick -ing a bag .
AGENT=BOY,PRON;ACTION=KICK;PATIENT=INDEF,BAG;E=EN,PROG,AGT,PAT,PRESENT
----------------(40000)
OUT:she is carry -ing a toy .
TRG:he is carry -ing a toy .
AGENT=BROTHER,PRON;ACTION=CARRY;PATIENT=INDEF,TOY;E=EN,PROG,AGT,PAT,PRESENT
----------------(40000)
OUT:she walk -s .
TRG:he walk -s .
AGENT=BROTHER,PRON;ACTION=WALK;E=EN,SIMPLE,AGT,PRESENT
----------------(40000)
OUT:she is push -ing a key .
TRG:he is push -ing a key .
AGENT=MAN,PRON;ACTION=PUSH;PATIENT=INDEF,KEY;E=EN,PROG,AGT,PAT,PRESENT
----------------(40000)
OUT:she jump -s .
TRG:he jump -s .
AGENT=DOG,PRON;ACTION=JUMP;E=EN,SIMPLE,AGT,PRESENT
----------------(40000)
OUT:he is jump -ing the
TRG:she is jump -ing .
AGENT=GIRL,PRON;ACTION=JUMP;E=EN,PROG,AGT,PRESENT
----------------(40000)
OUT:he is run -ing the
TRG:she is run -ing .
AGENT=WOMAN,PRON;ACTION=RUN;E=EN,PROG,AGT,PRESENT
----------------(40000)
OUT:she is push -ing the boy .
TRG:he is push -ing the boy .
AGENT=BROTHER,PRON;ACTION=PUSH;PATIENT=DEF,BOY;E=EN,PROG,AGT,PAT,PRESENT
----------------(40000)
OUT:she walk -s .
TRG:he walk -s .
AGENT=FATHER,PRON;ACTION=WALK;E=EN,SIMPLE,AGT,PRESENT
----------------(40000)
OUT:él está mostr -ando -ando pelota hermano a_ pelota .
TRG:ella está mostr -ando a_ un hermano la pelota .
AGENT=MOTHER,PRON;ACTION=SHOW;RECIPIENT=INDEF,BROTHER;PATIENT=DEF,BALL;E=ES,PROG,AGT,PAT,REC,PRESENT
----------------(40000)
OUT:he is walk -ing the
TRG:she is walk -ing .
AGENT=GIRL,PRON;ACTION=WALK;E=EN,PROG,AGT,PRESENT
----------------(40000)
OUT:she is carry -ing a man .
TRG:he is carry -ing a man .
AGENT=DOG,PRON;ACTION=CARRY;PATIENT=INDEF,MAN;E=EN,PROG,AGT,PAT,PRESENT
----------------(40000)
OUT:she is swim -ing the
TRG:he is swim -ing .
AGENT=DOG,PRON;ACTION=SWIM;E=EN,PROG,AGT,PRESENT
----------------(40000)
OUT:él empuj -a una hermana .
TRG:ella empuj -a una hermana .
AGENT=WOMAN,PRON;ACTION=PUSH;PATIENT=INDEF,SISTER;E=ES,SIMPLE,AGT,PAT,PRESENT
----------------(40000)
OUT:she jump -s .
TRG:he jump -s .
AGENT=BROTHER,PRON;ACTION=JUMP;E=EN,SIMPLE,AGT,PRESENT
----------------(40000)
OUT:she is push -ing a mother .
TRG:he is push -ing a mother .
AGENT=BROTHER,PRON;ACTION=PUSH;PATIENT=INDEF,MOTHER;E=EN,PROG,AGT,PAT,PRESENT
----------------(40000)
OUT:she swim -s .
TRG:he swim -s .
AGENT=DOG,PRON;ACTION=SWIM;E=EN,SIMPLE,AGT,PRESENT
----------------(40000)
OUT:he is walk -ing the
TRG:she is walk -ing .
AGENT=GIRL,PRON;ACTION=WALK;E=EN,PROG,AGT,PRESENT
----------------(40000)
OUT:she run -s .
TRG:he run -s .
AGENT=FATHER,PRON;ACTION=RUN;E=EN,SIMPLE,AGT,PRESENT
----------------(40000)
OUT:she is carry -ing the ball .
TRG:he is carry -ing the ball .
AGENT=BROTHER,PRON;ACTION=CARRY;PATIENT=DEF,BALL;E=EN,PROG,AGT,PAT,PRESENT
----------------(40000)
OUT:she is kick -ing a boy .
TRG:he is kick -ing a boy .
AGENT=FATHER,PRON;ACTION=KICK;PATIENT=INDEF,BOY;E=EN,PROG,AGT,PAT,PRESENT
----------------(40000)
OUT:she run -s .
TRG:he run -s .
AGENT=BROTHER,PRON;ACTION=RUN;E=EN,SIMPLE,AGT,PRESENT
----------------(40000)
OUT:he is walk -ing the
TRG:she is walk -ing .
AGENT=SISTER,PRON;ACTION=WALK;E=EN,PROG,AGT,PRESENT
----------------(40000)
OUT:él está llev -ando una una .
TRG:ella está llev -ando una hermana .
AGENT=NURSE,PRON;ACTION=CARRY;PATIENT=INDEF,SISTER;E=ES,PROG,AGT,PAT,PRESENT
----------------(40000)
OUT:él empuj -a un hermano .
TRG:ella empuj -a un hermano .
AGENT=MOTHER,PRON;ACTION=PUSH;PATIENT=INDEF,BROTHER;E=ES,SIMPLE,AGT,PAT,PRESENT
----------------(40000)
OUT:he is jump -ing the
TRG:she is jump -ing .
AGENT=SISTER,PRON;ACTION=JUMP;E=EN,PROG,AGT,PRESENT
----------------(40000)
OUT:she is carry -ing a bag .
TRG:he is carry -ing a bag .
AGENT=MAN,PRON;ACTION=CARRY;PATIENT=INDEF,BAG;E=EN,PROG,AGT,PAT,PRESENT
----------------(40000)
OUT:él llev -a la hermana .
TRG:ella llev -a la hermana .
AGENT=SISTER,PRON;ACTION=CARRY;PATIENT=DEF,SISTER;E=ES,SIMPLE,AGT,PAT,PRESENT
----------------(40000)
OUT:she is kick -ing the dog .
TRG:he is kick -ing the dog .
AGENT=MAN,PRON;ACTION=KICK;PATIENT=DEF,DOG;E=EN,PROG,AGT,PAT,PRESENT
----------------(40000)
OUT:she run -s .
TRG:he run -s .
AGENT=BOY,PRON;ACTION=RUN;E=EN,SIMPLE,AGT,PRESENT
----------------(40000)
OUT:she walk -s .
TRG:he walk -s .
AGENT=FATHER,PRON;ACTION=WALK;E=EN,SIMPLE,AGT,PRESENT
----------------(40000)
OUT:she is kick -ing a woman .
TRG:he is kick -ing a woman .
AGENT=MAN,PRON;ACTION=KICK;PATIENT=INDEF,WOMAN;E=EN,PROG,AGT,PAT,PRESENT
----------------(40000)
OUT:she walk -s .
TRG:he walk -s .
AGENT=DOG,PRON;ACTION=WALK;E=EN,SIMPLE,AGT,PRESENT
----------------(40000)
OUT:she jump -s .
TRG:he jump -s .
AGENT=DOG,PRON;ACTION=JUMP;E=EN,SIMPLE,AGT,PRESENT
----------------(40000)
OUT:he is jump -ing the
TRG:she is jump -ing .
AGENT=CAT,PRON;ACTION=JUMP;E=EN,PROG,AGT,PRESENT
----------------(40000)
OUT:he is walk -ing the
TRG:she is walk -ing .
AGENT=GIRL,PRON;ACTION=WALK;E=EN,PROG,AGT,PRESENT
----------------(40000)
OUT:she is carry -ing the sister .
TRG:he is carry -ing the sister .
AGENT=MAN,PRON;ACTION=CARRY;PATIENT=DEF,SISTER;E=EN,PROG,AGT,PAT,PRESENT
----------------(40000)
OUT:she is push -ing a key .
TRG:he is push -ing a key .
AGENT=MAN,PRON;ACTION=PUSH;PATIENT=INDEF,KEY;E=EN,PROG,AGT,PAT,PRESENT
----------------(40000)
OUT:she run -s .
TRG:he run -s .
AGENT=BROTHER,PRON;ACTION=RUN;E=EN,SIMPLE,AGT,PRESENT
----------------(40000)
OUT:he is walk -ing the
TRG:she is walk -ing .
AGENT=GIRL,PRON;ACTION=WALK;E=EN,PROG,AGT,PRESENT
----------------(40000)
OUT:he is run -ing the
TRG:she is run -ing .
AGENT=MOTHER,PRON;ACTION=RUN;E=EN,PROG,AGT,PRESENT
----------------(40000)
OUT:she is carry -ing a woman .
TRG:he is carry -ing a woman .
AGENT=DOG,PRON;ACTION=CARRY;PATIENT=INDEF,WOMAN;E=EN,PROG,AGT,PAT,PRESENT
----------------(40000)
OUT:she is hit -ing a ball .
TRG:he is hit -ing a ball .
AGENT=BROTHER,PRON;ACTION=HIT;PATIENT=INDEF,BALL;E=EN,PROG,AGT,PAT,PRESENT
----------------(40000)
OUT:él está llev -ando una una .
TRG:ella está llev -ando una hermana .
AGENT=WOMAN,PRON;ACTION=CARRY;PATIENT=INDEF,SISTER;E=ES,PROG,AGT,PAT,PRESENT
----------------(40000)
OUT:she is swim -ing the
TRG:he is swim -ing .
AGENT=BOY,PRON;ACTION=SWIM;E=EN,PROG,AGT,PRESENT
----------------(40000)
OUT:she swim -s .
TRG:he swim -s .
AGENT=BROTHER,PRON;ACTION=SWIM;E=EN,SIMPLE,AGT,PRESENT
----------------(40000)
OUT:she is hit -ing a ball .
TRG:he is hit -ing a ball .
AGENT=DOG,PRON;ACTION=HIT;PATIENT=INDEF,BALL;E=EN,PROG,AGT,PAT,PRESENT
----------------(40000)
OUT:she is push -ing a woman .
TRG:he is push -ing a woman .
AGENT=BROTHER,PRON;ACTION=PUSH;PATIENT=INDEF,WOMAN;E=EN,PROG,AGT,PAT,PRESENT
----------------(40000)
OUT:she is kick -ing a woman .
TRG:he is kick -ing a woman .
AGENT=DOG,PRON;ACTION=KICK;PATIENT=INDEF,WOMAN;E=EN,PROG,AGT,PAT,PRESENT
----------------(40000)
