((lp0
I0
aI2000
aI4000
aI6000
aI8000
aI10000
aI12000
aI14000
aI16000
aI18000
aI20000
aI22000
aI24000
aI26000
aI28000
aI30000
aI32000
aI34000
aI36000
aI40000
a(lp1
I18
aI35
aI69
aI72
aI67
aI87
aI98
aI99
aI99
aI99
aI99
aI92
aI99
aI100
aI100
aI100
aI100
aI100
aI100
aI99
a(lp2
I21
aI36
aI76
aI80
aI80
aI91
aI99
aI100
aI100
aI99
aI99
aI95
aI99
aI100
aI100
aI100
aI100
aI100
aI100
aI99
a(lp3
I24
aI52
aI80
aI67
aI74
aI91
aI100
aI99
aI100
aI100
aI64
aI100
aI100
aI100
aI100
aI100
aI100
aI100
aI100
aI100
a(lp4
I32
aI56
aI88
aI77
aI88
aI99
aI100
aI100
aI100
aI100
aI79
aI100
aI100
aI100
aI100
aI100
aI100
aI100
aI100
aI100
a(lp5
I0
aI0
aI0
aI0
aI0
aI0
aI0
aI0
aI0
aI0
aI0
aI0
aI0
aI0
aI0
aI0
aI0
aI0
aI0
aI0
a(lp6
I0
aI0
aI0
aI0
aI0
aI0
aI0
aI0
aI0
aI0
aI0
aI0
aI0
aI0
aI0
aI0
aI0
aI0
aI0
aI0
atp7
.