OUT:he is give -ing a kite a a kite
TRG:she is present -ing a brother the kite .
AGENT=CAT,PRON;ACTION=PRESENT;RECIPIENT=INDEF,BROTHER;PATIENT=DEF,KITE;E=EN,PROG,AGT,PAT,REC,PRESENT
----------------(0)
OUT:he is give -ing the key key a key
TRG:she is throw -ing a brother the key .
AGENT=SISTER,PRON;ACTION=THROW;RECIPIENT=INDEF,BROTHER;PATIENT=DEF,KEY;E=EN,PROG,AGT,PAT,REC,PRESENT
----------------(0)
OUT:he is give -ing the father a father bag
TRG:she is give -ing the father a bag .
AGENT=MOTHER,PRON;ACTION=GIVE;RECIPIENT=DEF,FATHER;PATIENT=INDEF,BAG;E=EN,PROG,AGT,PAT,REC,PRESENT
----------------(0)
OUT:he is give -ing the stick a dog stick
TRG:she is present -ing a dog the stick .
AGENT=MOTHER,PRON;ACTION=PRESENT;RECIPIENT=INDEF,DOG;PATIENT=DEF,STICK;E=EN,PROG,AGT,PAT,REC,PRESENT
----------------(0)
OUT:he is give -ing the toy a toy toy
TRG:she is show -ing a man the toy .
AGENT=GIRL,PRON;ACTION=SHOW;RECIPIENT=INDEF,MAN;PATIENT=DEF,TOY;E=EN,PROG,AGT,PAT,REC,PRESENT
----------------(0)
OUT:he is give -ing a toy a dog a
TRG:she is present -ing a dog a toy .
AGENT=MOTHER,PRON;ACTION=PRESENT;RECIPIENT=INDEF,DOG;PATIENT=INDEF,TOY;E=EN,PROG,AGT,PAT,REC,PRESENT
----------------(0)
OUT:she kick -s a woman .
TRG:he kick -s a woman .
AGENT=BROTHER,PRON;ACTION=KICK;PATIENT=INDEF,WOMAN;E=EN,SIMPLE,AGT,PAT,PRESENT
----------------(20000)
OUT:she kick -s a girl .
TRG:he kick -s a girl .
AGENT=MAN,PRON;ACTION=KICK;PATIENT=INDEF,GIRL;E=EN,SIMPLE,AGT,PAT,PRESENT
----------------(20000)
OUT:she hit -s a mother .
TRG:he hit -s a mother .
AGENT=BROTHER,PRON;ACTION=HIT;PATIENT=INDEF,MOTHER;E=EN,SIMPLE,AGT,PAT,PRESENT
----------------(20000)
OUT:she carry -s a girl .
TRG:he carry -s a girl .
AGENT=BOY,PRON;ACTION=CARRY;PATIENT=INDEF,GIRL;E=EN,SIMPLE,AGT,PAT,PRESENT
----------------(20000)
