((lp0
I0
aI2000
aI4000
aI6000
aI8000
aI10000
aI12000
aI14000
aI16000
aI18000
aI20000
aI22000
aI24000
aI26000
aI28000
aI30000
aI32000
aI34000
aI36000
aI40000
a(lp1
I23
aI53
aI82
aI85
aI98
aI99
aI97
aI96
aI99
aI99
aI87
aI96
aI98
aI99
aI100
aI99
aI99
aI98
aI100
aI100
a(lp2
I31
aI67
aI88
aI88
aI99
aI100
aI97
aI98
aI100
aI99
aI90
aI98
aI99
aI99
aI100
aI99
aI99
aI98
aI100
aI100
a(lp3
I35
aI78
aI93
aI98
aI98
aI100
aI88
aI100
aI100
aI100
aI84
aI98
aI100
aI100
aI100
aI100
aI100
aI100
aI100
aI100
a(lp4
I56
aI87
aI93
aI100
aI100
aI100
aI90
aI100
aI100
aI100
aI92
aI100
aI100
aI100
aI100
aI100
aI100
aI100
aI100
aI100
a(lp5
I6
aI0
aI0
aI0
aI0
aI0
aI0
aI0
aI0
aI0
aI4
aI0
aI0
aI0
aI0
aI0
aI0
aI0
aI0
aI0
a(lp6
I0
aI0
aI0
aI0
aI0
aI0
aI0
aI0
aI0
aI0
aI4
aI0
aI0
aI0
aI0
aI0
aI0
aI0
aI0
aI0
atp7
.