OUT:she carry -s a woman .
TRG:he carry -s a girl .
AGENT=BOY,PRON;ACTION=CARRY;PATIENT=INDEF,GIRL;E=EN,SIMPLE,AGT,PAT,PRESENT
----------------(0)
OUT:she is present -ing a father a toy .
TRG:he is present -ing a father a bag .
AGENT=BROTHER,PRON;ACTION=PRESENT;RECIPIENT=INDEF,FATHER;PATIENT=INDEF,BAG;E=EN,PROG,AGT,PAT,REC,PRESENT
----------------(0)
OUT:she run -s .
TRG:he run -s .
AGENT=BROTHER,PRON;ACTION=RUN;E=EN,SIMPLE,AGT,PRESENT
----------------(0)
OUT:she is throw -ing the woman the toy .
TRG:he is throw -ing the man the ball .
AGENT=MAN,PRON;ACTION=THROW;RECIPIENT=DEF,MAN;PATIENT=DEF,BALL;E=EN,PROG,AGT,PAT,REC,PRESENT
----------------(0)
OUT:she is present -ing a father the toy .
TRG:he is present -ing a cat the kite .
AGENT=BROTHER,PRON;ACTION=PRESENT;RECIPIENT=INDEF,CAT;PATIENT=DEF,KITE;E=EN,PROG,AGT,PAT,REC,PRESENT
----------------(0)
OUT:she is carry -ing a woman .
TRG:he is carry -ing a man .
AGENT=DOG,PRON;ACTION=CARRY;PATIENT=INDEF,MAN;E=EN,PROG,AGT,PAT,PRESENT
----------------(0)
OUT:she is push -ing a father .
TRG:he is push -ing a key .
AGENT=MAN,PRON;ACTION=PUSH;PATIENT=INDEF,KEY;E=EN,PROG,AGT,PAT,PRESENT
----------------(0)
OUT:she give -s a woman the key .
TRG:he give -s a brother the stick .
AGENT=DOG,PRON;ACTION=GIVE;RECIPIENT=INDEF,BROTHER;PATIENT=DEF,STICK;E=EN,SIMPLE,AGT,PAT,REC,PRESENT
----------------(0)
OUT:she is run -ing .
TRG:he is run -ing .
AGENT=DOG,PRON;ACTION=RUN;E=EN,PROG,AGT,PRESENT
----------------(0)
OUT:she is push -ing the father .
TRG:he is push -ing the boy .
AGENT=BROTHER,PRON;ACTION=PUSH;PATIENT=DEF,BOY;E=EN,PROG,AGT,PAT,PRESENT
----------------(0)
OUT:she throw -s the toy to the woman the
TRG:he throw -s the key to the mother .
AGENT=BROTHER,PRON;ACTION=THROW;PATIENT=DEF,KEY;RECIPIENT=DEF,MOTHER;E=EN,SIMPLE,PAT,-1,REC,PRESENT
----------------(0)
OUT:she walk -s .
TRG:he walk -s .
AGENT=DOG,PRON;ACTION=WALK;E=EN,SIMPLE,AGT,PRESENT
----------------(0)
OUT:she is jump -ing .
TRG:he is jump -ing .
AGENT=BOY,PRON;ACTION=JUMP;E=EN,PROG,AGT,PRESENT
----------------(0)
OUT:she hit -s the woman .
TRG:he hit -s the father .
AGENT=BROTHER,PRON;ACTION=HIT;PATIENT=DEF,FATHER;E=EN,SIMPLE,AGT,PAT,PRESENT
----------------(0)
OUT:she is push -ing a father .
TRG:he is push -ing a woman .
AGENT=BROTHER,PRON;ACTION=PUSH;PATIENT=INDEF,WOMAN;E=EN,PROG,AGT,PAT,PRESENT
----------------(0)
OUT:she is kick -ing a father .
TRG:he is kick -ing a bag .
AGENT=BOY,PRON;ACTION=KICK;PATIENT=INDEF,BAG;E=EN,PROG,AGT,PAT,PRESENT
----------------(0)
OUT:she show -s a father a toy .
TRG:he show -s a woman a ball .
AGENT=FATHER,PRON;ACTION=SHOW;RECIPIENT=INDEF,WOMAN;PATIENT=INDEF,BALL;E=EN,SIMPLE,AGT,PAT,REC,PRESENT
----------------(0)
OUT:she give -s the toy to the woman the
TRG:he give -s the bag to the woman .
AGENT=BOY,PRON;ACTION=GIVE;PATIENT=DEF,BAG;RECIPIENT=DEF,WOMAN;E=EN,SIMPLE,PAT,-1,REC,PRESENT
----------------(0)
OUT:she push -s a father .
TRG:he push -s a bag .
AGENT=FATHER,PRON;ACTION=PUSH;PATIENT=INDEF,BAG;E=EN,SIMPLE,AGT,PAT,PRESENT
----------------(0)
OUT:she is walk -ing .
TRG:he is walk -ing .
AGENT=MAN,PRON;ACTION=WALK;E=EN,PROG,AGT,PRESENT
----------------(0)
OUT:she hit -s a woman .
TRG:he hit -s a mother .
AGENT=BROTHER,PRON;ACTION=HIT;PATIENT=INDEF,MOTHER;E=EN,SIMPLE,AGT,PAT,PRESENT
----------------(0)
OUT:she is throw -ing a toy to the woman .
TRG:he is throw -ing a kite to the cat .
AGENT=MAN,PRON;ACTION=THROW;PATIENT=INDEF,KITE;RECIPIENT=DEF,CAT;E=EN,PROG,PAT,-1,REC,PRESENT
----------------(0)
OUT:she is kick -ing a father .
TRG:he is kick -ing a woman .
AGENT=DOG,PRON;ACTION=KICK;PATIENT=INDEF,WOMAN;E=EN,PROG,AGT,PAT,PRESENT
----------------(0)
OUT:she throw -s a toy to the woman the
TRG:he throw -s a bag to the mother .
AGENT=MAN,PRON;ACTION=THROW;PATIENT=INDEF,BAG;RECIPIENT=DEF,MOTHER;E=EN,SIMPLE,PAT,-1,REC,PRESENT
----------------(0)
OUT:she is present -ing a toy to the father .
TRG:he is present -ing a ball to the father .
AGENT=BOY,PRON;ACTION=PRESENT;PATIENT=INDEF,BALL;RECIPIENT=DEF,FATHER;E=EN,PROG,PAT,-1,REC,PRESENT
----------------(0)
OUT:she kick -s the father .
TRG:he kick -s the toy .
AGENT=BROTHER,PRON;ACTION=KICK;PATIENT=DEF,TOY;E=EN,SIMPLE,AGT,PAT,PRESENT
----------------(0)
OUT:she throw -s a toy to a woman the
TRG:he throw -s a ball to a cat .
AGENT=DOG,PRON;ACTION=THROW;PATIENT=INDEF,BALL;RECIPIENT=INDEF,CAT;E=EN,SIMPLE,PAT,-1,REC,PRESENT
----------------(0)
OUT:she is throw -ing the woman a toy .
TRG:he is throw -ing the brother a bag .
AGENT=DOG,PRON;ACTION=THROW;RECIPIENT=DEF,BROTHER;PATIENT=INDEF,BAG;E=EN,PROG,AGT,PAT,REC,PRESENT
----------------(0)
OUT:she is throw -ing a toy to the woman .
TRG:he is throw -ing a key to the man .
AGENT=DOG,PRON;ACTION=THROW;PATIENT=INDEF,KEY;RECIPIENT=DEF,MAN;E=EN,PROG,PAT,-1,REC,PRESENT
----------------(0)
OUT:she throw -s a toy to a woman the
TRG:he throw -s a kite to a brother .
AGENT=DOG,PRON;ACTION=THROW;PATIENT=INDEF,KITE;RECIPIENT=INDEF,BROTHER;E=EN,SIMPLE,PAT,-1,REC,PRESENT
----------------(0)
OUT:she give -s a woman a key .
TRG:he give -s a mother a bag .
AGENT=BROTHER,PRON;ACTION=GIVE;RECIPIENT=INDEF,MOTHER;PATIENT=INDEF,BAG;E=EN,SIMPLE,AGT,PAT,REC,PRESENT
----------------(0)
OUT:she give -s a woman the key .
TRG:he give -s a dog the kite .
AGENT=BOY,PRON;ACTION=GIVE;RECIPIENT=INDEF,DOG;PATIENT=DEF,KITE;E=EN,SIMPLE,AGT,PAT,REC,PRESENT
----------------(0)
OUT:she is show -ing the father the toy .
TRG:he is show -ing the sister the kite .
AGENT=MAN,PRON;ACTION=SHOW;RECIPIENT=DEF,SISTER;PATIENT=DEF,KITE;E=EN,PROG,AGT,PAT,REC,PRESENT
----------------(0)
OUT:she is jump -ing .
TRG:he is jump -ing .
AGENT=FATHER,PRON;ACTION=JUMP;E=EN,PROG,AGT,PRESENT
----------------(0)
OUT:she is carry -ing a woman .
TRG:he is carry -ing a bag .
AGENT=MAN,PRON;ACTION=CARRY;PATIENT=INDEF,BAG;E=EN,PROG,AGT,PAT,PRESENT
----------------(0)
OUT:she present -s a father the toy .
TRG:he present -s a dog the bag .
AGENT=DOG,PRON;ACTION=PRESENT;RECIPIENT=INDEF,DOG;PATIENT=DEF,BAG;E=EN,SIMPLE,AGT,PAT,REC,PRESENT
----------------(0)
OUT:she run -s .
TRG:he run -s .
AGENT=BOY,PRON;ACTION=RUN;E=EN,SIMPLE,AGT,PRESENT
----------------(0)
OUT:she is jump -ing .
TRG:he is jump -ing .
AGENT=FATHER,PRON;ACTION=JUMP;E=EN,PROG,AGT,PRESENT
----------------(0)
OUT:she is throw -ing a woman a toy .
TRG:he is throw -ing a sister a bag .
AGENT=BOY,PRON;ACTION=THROW;RECIPIENT=INDEF,SISTER;PATIENT=INDEF,BAG;E=EN,PROG,AGT,PAT,REC,PRESENT
----------------(0)
OUT:she is throw -ing the toy to the woman .
TRG:he is throw -ing the key to the boy .
AGENT=DOG,PRON;ACTION=THROW;PATIENT=DEF,KEY;RECIPIENT=DEF,BOY;E=EN,PROG,PAT,-1,REC,PRESENT
----------------(0)
OUT:she kick -s the father .
TRG:he kick -s the stick .
AGENT=BOY,PRON;ACTION=KICK;PATIENT=DEF,STICK;E=EN,SIMPLE,AGT,PAT,PRESENT
----------------(0)
OUT:she jump -s .
TRG:he jump -s .
AGENT=DOG,PRON;ACTION=JUMP;E=EN,SIMPLE,AGT,PRESENT
----------------(0)
OUT:she is push -ing a father .
TRG:he is push -ing a key .
AGENT=MAN,PRON;ACTION=PUSH;PATIENT=INDEF,KEY;E=EN,PROG,AGT,PAT,PRESENT
----------------(0)
OUT:she is present -ing a father the toy .
TRG:he is present -ing a dog the kite .
AGENT=BOY,PRON;ACTION=PRESENT;RECIPIENT=INDEF,DOG;PATIENT=DEF,KITE;E=EN,PROG,AGT,PAT,REC,PRESENT
----------------(0)
OUT:she is swim -ing .
TRG:he is swim -ing .
AGENT=BOY,PRON;ACTION=SWIM;E=EN,PROG,AGT,PRESENT
----------------(0)
OUT:she is throw -ing a woman the toy .
TRG:he is throw -ing a boy the ball .
AGENT=FATHER,PRON;ACTION=THROW;RECIPIENT=INDEF,BOY;PATIENT=DEF,BALL;E=EN,PROG,AGT,PAT,REC,PRESENT
----------------(0)
OUT:she is give -ing the toy to a woman .
TRG:he is give -ing the stick to a woman .
AGENT=BOY,PRON;ACTION=GIVE;PATIENT=DEF,STICK;RECIPIENT=INDEF,WOMAN;E=EN,PROG,PAT,-1,REC,PRESENT
----------------(0)
OUT:she is carry -ing the woman .
TRG:he is carry -ing the sister .
AGENT=MAN,PRON;ACTION=CARRY;PATIENT=DEF,SISTER;E=EN,PROG,AGT,PAT,PRESENT
----------------(0)
OUT:she is present -ing a toy to the father .
TRG:he is present -ing a stick to the cat .
AGENT=FATHER,PRON;ACTION=PRESENT;PATIENT=INDEF,STICK;RECIPIENT=DEF,CAT;E=EN,PROG,PAT,-1,REC,PRESENT
----------------(0)
OUT:she is throw -ing the toy to a woman .
TRG:he is throw -ing the ball to a woman .
AGENT=DOG,PRON;ACTION=THROW;PATIENT=DEF,BALL;RECIPIENT=INDEF,WOMAN;E=EN,PROG,PAT,-1,REC,PRESENT
----------------(0)
OUT:she walk -s .
TRG:he walk -s .
AGENT=BROTHER,PRON;ACTION=WALK;E=EN,SIMPLE,AGT,PRESENT
----------------(0)
OUT:she is walk -ing .
TRG:he is walk -ing .
AGENT=FATHER,PRON;ACTION=WALK;E=EN,PROG,AGT,PRESENT
----------------(0)
OUT:she show -s the toy to a father the
TRG:he show -s the toy to a sister .
AGENT=DOG,PRON;ACTION=SHOW;PATIENT=DEF,TOY;RECIPIENT=INDEF,SISTER;E=EN,SIMPLE,PAT,-1,REC,PRESENT
----------------(0)
OUT:she present -s the toy to the father the
TRG:he present -s the ball to the man .
AGENT=DOG,PRON;ACTION=PRESENT;PATIENT=DEF,BALL;RECIPIENT=DEF,MAN;E=EN,SIMPLE,PAT,-1,REC,PRESENT
----------------(0)
OUT:she give -s the woman the key .
TRG:he give -s the woman the bag .
AGENT=FATHER,PRON;ACTION=GIVE;RECIPIENT=DEF,WOMAN;PATIENT=DEF,BAG;E=EN,SIMPLE,AGT,PAT,REC,PRESENT
----------------(0)
OUT:she is carry -ing the woman .
TRG:he is carry -ing the ball .
AGENT=BROTHER,PRON;ACTION=CARRY;PATIENT=DEF,BALL;E=EN,PROG,AGT,PAT,PRESENT
----------------(0)
OUT:she is show -ing a father the toy .
TRG:he is show -ing a father the key .
AGENT=BOY,PRON;ACTION=SHOW;RECIPIENT=INDEF,FATHER;PATIENT=DEF,KEY;E=EN,PROG,AGT,PAT,REC,PRESENT
----------------(0)
OUT:she is walk -ing .
TRG:he is walk -ing .
AGENT=MAN,PRON;ACTION=WALK;E=EN,PROG,AGT,PRESENT
----------------(0)
OUT:she push -s a father .
TRG:he push -s a bag .
AGENT=DOG,PRON;ACTION=PUSH;PATIENT=INDEF,BAG;E=EN,SIMPLE,AGT,PAT,PRESENT
----------------(0)
OUT:she is show -ing the toy to the father .
TRG:he is show -ing the bag to the dog .
AGENT=MAN,PRON;ACTION=SHOW;PATIENT=DEF,BAG;RECIPIENT=DEF,DOG;E=EN,PROG,PAT,-1,REC,PRESENT
----------------(0)
OUT:she swim -s .
TRG:he swim -s .
AGENT=DOG,PRON;ACTION=SWIM;E=EN,SIMPLE,AGT,PRESENT
----------------(0)
OUT:she throw -s a woman a toy .
TRG:he throw -s a father a ball .
AGENT=BOY,PRON;ACTION=THROW;RECIPIENT=INDEF,FATHER;PATIENT=INDEF,BALL;E=EN,SIMPLE,AGT,PAT,REC,PRESENT
----------------(0)
OUT:she is present -ing a toy to the father .
TRG:he is present -ing a toy to the mother .
AGENT=BROTHER,PRON;ACTION=PRESENT;PATIENT=INDEF,TOY;RECIPIENT=DEF,MOTHER;E=EN,PROG,PAT,-1,REC,PRESENT
----------------(0)
OUT:she hit -s a woman .
TRG:he hit -s a father .
AGENT=DOG,PRON;ACTION=HIT;PATIENT=INDEF,FATHER;E=EN,SIMPLE,AGT,PAT,PRESENT
----------------(0)
OUT:she present -s the father the toy .
TRG:he present -s the father the stick .
AGENT=DOG,PRON;ACTION=PRESENT;RECIPIENT=DEF,FATHER;PATIENT=DEF,STICK;E=EN,SIMPLE,AGT,PAT,REC,PRESENT
----------------(0)
OUT:she give -s the toy to the woman the
TRG:he give -s the ball to the woman .
AGENT=BROTHER,PRON;ACTION=GIVE;PATIENT=DEF,BALL;RECIPIENT=DEF,WOMAN;E=EN,SIMPLE,PAT,-1,REC,PRESENT
----------------(0)
OUT:she give -s a toy to the woman the
TRG:he give -s a stick to the woman .
AGENT=MAN,PRON;ACTION=GIVE;PATIENT=INDEF,STICK;RECIPIENT=DEF,WOMAN;E=EN,SIMPLE,PAT,-1,REC,PRESENT
----------------(0)
OUT:she push -s a father .
TRG:he push -s a kite .
AGENT=BROTHER,PRON;ACTION=PUSH;PATIENT=INDEF,KITE;E=EN,SIMPLE,AGT,PAT,PRESENT
----------------(0)
OUT:she hit -s the woman .
TRG:he hit -s the boy .
AGENT=BROTHER,PRON;ACTION=HIT;PATIENT=DEF,BOY;E=EN,SIMPLE,AGT,PAT,PRESENT
----------------(0)
OUT:she is throw -ing the toy to the woman .
TRG:he is throw -ing the key to the cat .
AGENT=BOY,PRON;ACTION=THROW;PATIENT=DEF,KEY;RECIPIENT=DEF,CAT;E=EN,PROG,PAT,-1,REC,PRESENT
----------------(0)
OUT:she kick -s a father .
TRG:he kick -s a girl .
AGENT=MAN,PRON;ACTION=KICK;PATIENT=INDEF,GIRL;E=EN,SIMPLE,AGT,PAT,PRESENT
----------------(0)
OUT:she is hit -ing a toy .
TRG:he is hit -ing a ball .
AGENT=DOG,PRON;ACTION=HIT;PATIENT=INDEF,BALL;E=EN,PROG,AGT,PAT,PRESENT
----------------(0)
OUT:she is throw -ing the woman the toy .
TRG:he is throw -ing the dog the bag .
AGENT=DOG,PRON;ACTION=THROW;RECIPIENT=DEF,DOG;PATIENT=DEF,BAG;E=EN,PROG,AGT,PAT,REC,PRESENT
----------------(0)
OUT:she show -s a toy to a father the
TRG:he show -s a kite to a boy .
AGENT=BOY,PRON;ACTION=SHOW;PATIENT=INDEF,KITE;RECIPIENT=INDEF,BOY;E=EN,SIMPLE,PAT,-1,REC,PRESENT
----------------(0)
OUT:she show -s a father a toy .
TRG:he show -s a woman a stick .
AGENT=FATHER,PRON;ACTION=SHOW;RECIPIENT=INDEF,WOMAN;PATIENT=INDEF,STICK;E=EN,SIMPLE,AGT,PAT,REC,PRESENT
----------------(0)
OUT:she is give -ing a toy to the woman .
TRG:he is give -ing a kite to the sister .
AGENT=BOY,PRON;ACTION=GIVE;PATIENT=INDEF,KITE;RECIPIENT=DEF,SISTER;E=EN,PROG,PAT,-1,REC,PRESENT
----------------(0)
OUT:she present -s a father the toy .
TRG:he present -s a cat the toy .
AGENT=MAN,PRON;ACTION=PRESENT;RECIPIENT=INDEF,CAT;PATIENT=DEF,TOY;E=EN,SIMPLE,AGT,PAT,REC,PRESENT
----------------(0)
OUT:she show -s a father the toy .
TRG:he show -s a mother the kite .
AGENT=BROTHER,PRON;ACTION=SHOW;RECIPIENT=INDEF,MOTHER;PATIENT=DEF,KITE;E=EN,SIMPLE,AGT,PAT,REC,PRESENT
----------------(0)
OUT:she show -s a toy to a father the
TRG:he show -s a kite to a girl .
AGENT=DOG,PRON;ACTION=SHOW;PATIENT=INDEF,KITE;RECIPIENT=INDEF,GIRL;E=EN,SIMPLE,PAT,-1,REC,PRESENT
----------------(0)
OUT:she is carry -ing a woman .
TRG:he is carry -ing a woman .
AGENT=DOG,PRON;ACTION=CARRY;PATIENT=INDEF,WOMAN;E=EN,PROG,AGT,PAT,PRESENT
----------------(0)
OUT:she is push -ing a father .
TRG:he is push -ing a mother .
AGENT=BROTHER,PRON;ACTION=PUSH;PATIENT=INDEF,MOTHER;E=EN,PROG,AGT,PAT,PRESENT
----------------(0)
OUT:she is kick -ing the father .
TRG:he is kick -ing the dog .
AGENT=MAN,PRON;ACTION=KICK;PATIENT=DEF,DOG;E=EN,PROG,AGT,PAT,PRESENT
----------------(0)
OUT:she is present -ing the toy to the father .
TRG:he is present -ing the ball to the father .
AGENT=BROTHER,PRON;ACTION=PRESENT;PATIENT=DEF,BALL;RECIPIENT=DEF,FATHER;E=EN,PROG,PAT,-1,REC,PRESENT
----------------(0)
OUT:she throw -s the toy to the woman the
TRG:he throw -s the kite to the father .
AGENT=BROTHER,PRON;ACTION=THROW;PATIENT=DEF,KITE;RECIPIENT=DEF,FATHER;E=EN,SIMPLE,PAT,-1,REC,PRESENT
----------------(0)
OUT:she present -s a father a toy .
TRG:he present -s a sister a ball .
AGENT=FATHER,PRON;ACTION=PRESENT;RECIPIENT=INDEF,SISTER;PATIENT=INDEF,BALL;E=EN,SIMPLE,AGT,PAT,REC,PRESENT
----------------(0)
OUT:she is jump -ing .
TRG:he is jump -ing .
AGENT=FATHER,PRON;ACTION=JUMP;E=EN,PROG,AGT,PRESENT
----------------(0)
OUT:she is run -ing .
TRG:he is run -ing .
AGENT=MAN,PRON;ACTION=RUN;E=EN,PROG,AGT,PRESENT
----------------(0)
OUT:she is kick -ing a father .
TRG:he is kick -ing a woman .
AGENT=MAN,PRON;ACTION=KICK;PATIENT=INDEF,WOMAN;E=EN,PROG,AGT,PAT,PRESENT
----------------(0)
OUT:she is jump -ing .
TRG:he is jump -ing .
AGENT=DOG,PRON;ACTION=JUMP;E=EN,PROG,AGT,PRESENT
----------------(0)
OUT:she is run -ing .
TRG:he is run -ing .
AGENT=MAN,PRON;ACTION=RUN;E=EN,PROG,AGT,PRESENT
----------------(0)
OUT:she run -s .
TRG:he run -s .
AGENT=FATHER,PRON;ACTION=RUN;E=EN,SIMPLE,AGT,PRESENT
----------------(0)
OUT:she throw -s the woman a toy .
TRG:he throw -s the boy a stick .
AGENT=BOY,PRON;ACTION=THROW;RECIPIENT=DEF,BOY;PATIENT=INDEF,STICK;E=EN,SIMPLE,AGT,PAT,REC,PRESENT
----------------(0)
OUT:she is kick -ing a father .
TRG:he is kick -ing a boy .
AGENT=FATHER,PRON;ACTION=KICK;PATIENT=INDEF,BOY;E=EN,PROG,AGT,PAT,PRESENT
----------------(0)
OUT:she is hit -ing a toy .
TRG:he is hit -ing a ball .
AGENT=BROTHER,PRON;ACTION=HIT;PATIENT=INDEF,BALL;E=EN,PROG,AGT,PAT,PRESENT
----------------(0)
OUT:she present -s a toy to a father the
TRG:he present -s a bag to a mother .
AGENT=DOG,PRON;ACTION=PRESENT;PATIENT=INDEF,BAG;RECIPIENT=INDEF,MOTHER;E=EN,SIMPLE,PAT,-1,REC,PRESENT
----------------(0)
OUT:she walk -s .
TRG:he walk -s .
AGENT=FATHER,PRON;ACTION=WALK;E=EN,SIMPLE,AGT,PRESENT
----------------(0)
OUT:she is run -ing .
TRG:he is run -ing .
AGENT=FATHER,PRON;ACTION=RUN;E=EN,PROG,AGT,PRESENT
----------------(0)
OUT:she give -s the toy to a woman the
TRG:he give -s the kite to a man .
AGENT=MAN,PRON;ACTION=GIVE;PATIENT=DEF,KITE;RECIPIENT=INDEF,MAN;E=EN,SIMPLE,PAT,-1,REC,PRESENT
----------------(0)
OUT:she is run -ing .
TRG:he is run -ing .
AGENT=DOG,PRON;ACTION=RUN;E=EN,PROG,AGT,PRESENT
----------------(0)
OUT:she show -s a toy to a father the
TRG:he show -s a stick to a sister .
AGENT=BOY,PRON;ACTION=SHOW;PATIENT=INDEF,STICK;RECIPIENT=INDEF,SISTER;E=EN,SIMPLE,PAT,-1,REC,PRESENT
----------------(0)
OUT:she is show -ing the father the toy .
TRG:he is show -ing the boy the ball .
AGENT=BROTHER,PRON;ACTION=SHOW;RECIPIENT=DEF,BOY;PATIENT=DEF,BALL;E=EN,PROG,AGT,PAT,REC,PRESENT
----------------(0)
OUT:she swim -s .
TRG:he swim -s .
AGENT=BROTHER,PRON;ACTION=SWIM;E=EN,SIMPLE,AGT,PRESENT
----------------(0)
OUT:she is show -ing a father a toy .
TRG:he is show -ing a brother a toy .
AGENT=BOY,PRON;ACTION=SHOW;RECIPIENT=INDEF,BROTHER;PATIENT=INDEF,TOY;E=EN,PROG,AGT,PAT,REC,PRESENT
----------------(0)
OUT:she is give -ing a toy to a woman .
TRG:he is give -ing a stick to a mother .
AGENT=MAN,PRON;ACTION=GIVE;PATIENT=INDEF,STICK;RECIPIENT=INDEF,MOTHER;E=EN,PROG,PAT,-1,REC,PRESENT
----------------(0)
OUT:she is give -ing a woman the key .
TRG:he is give -ing a sister the ball .
AGENT=BROTHER,PRON;ACTION=GIVE;RECIPIENT=INDEF,SISTER;PATIENT=DEF,BALL;E=EN,PROG,AGT,PAT,REC,PRESENT
----------------(0)
OUT:she is give -ing the toy to the woman .
TRG:he is give -ing the toy to the boy .
AGENT=MAN,PRON;ACTION=GIVE;PATIENT=DEF,TOY;RECIPIENT=DEF,BOY;E=EN,PROG,PAT,-1,REC,PRESENT
----------------(0)
OUT:she is present -ing a toy to a father .
TRG:he is present -ing a kite to a girl .
AGENT=FATHER,PRON;ACTION=PRESENT;PATIENT=INDEF,KITE;RECIPIENT=INDEF,GIRL;E=EN,PROG,PAT,-1,REC,PRESENT
----------------(0)
OUT:she give -s the toy to the woman the
TRG:he give -s the ball to the girl .
AGENT=BOY,PRON;ACTION=GIVE;PATIENT=DEF,BALL;RECIPIENT=DEF,GIRL;E=EN,SIMPLE,PAT,-1,REC,PRESENT
----------------(0)
OUT:she walk -s .
TRG:he walk -s .
AGENT=FATHER,PRON;ACTION=WALK;E=EN,SIMPLE,AGT,PRESENT
----------------(0)
OUT:she kick -s a father .
TRG:he kick -s a woman .
AGENT=BROTHER,PRON;ACTION=KICK;PATIENT=INDEF,WOMAN;E=EN,SIMPLE,AGT,PAT,PRESENT
----------------(0)
OUT:she present -s a toy to the father the
TRG:he present -s a stick to the sister .
AGENT=BROTHER,PRON;ACTION=PRESENT;PATIENT=INDEF,STICK;RECIPIENT=DEF,SISTER;E=EN,SIMPLE,PAT,-1,REC,PRESENT
----------------(0)
OUT:she is present -ing a father the toy .
TRG:he is present -ing a man the ball .
AGENT=MAN,PRON;ACTION=PRESENT;RECIPIENT=INDEF,MAN;PATIENT=DEF,BALL;E=EN,PROG,AGT,PAT,REC,PRESENT
----------------(0)
OUT:she kick -s a father .
TRG:he kick -s a dog .
AGENT=BROTHER,PRON;ACTION=KICK;PATIENT=INDEF,DOG;E=EN,SIMPLE,AGT,PAT,PRESENT
----------------(0)
OUT:she is carry -ing a woman .
TRG:he is carry -ing a toy .
AGENT=BROTHER,PRON;ACTION=CARRY;PATIENT=INDEF,TOY;E=EN,PROG,AGT,PAT,PRESENT
----------------(0)
OUT:she is throw -ing a toy to a woman .
TRG:he is throw -ing a ball to a cat .
AGENT=DOG,PRON;ACTION=THROW;PATIENT=INDEF,BALL;RECIPIENT=INDEF,CAT;E=EN,PROG,PAT,-1,REC,PRESENT
----------------(0)
OUT:she jump -s .
TRG:he jump -s .
AGENT=DOG,PRON;ACTION=JUMP;E=EN,SIMPLE,AGT,PRESENT
----------------(0)
OUT:she is jump -ing .
TRG:he is jump -ing .
AGENT=BROTHER,PRON;ACTION=JUMP;E=EN,PROG,AGT,PRESENT
----------------(0)
OUT:she is throw -ing the woman the toy .
TRG:he is throw -ing the mother the toy .
AGENT=FATHER,PRON;ACTION=THROW;RECIPIENT=DEF,MOTHER;PATIENT=DEF,TOY;E=EN,PROG,AGT,PAT,REC,PRESENT
----------------(0)
OUT:she is throw -ing a toy to a woman .
TRG:he is throw -ing a key to a dog .
AGENT=BOY,PRON;ACTION=THROW;PATIENT=INDEF,KEY;RECIPIENT=INDEF,DOG;E=EN,PROG,PAT,-1,REC,PRESENT
----------------(0)
OUT:she is walk -ing .
TRG:he is walk -ing .
AGENT=MAN,PRON;ACTION=WALK;E=EN,PROG,AGT,PRESENT
----------------(0)
OUT:she jump -s .
TRG:he jump -s .
AGENT=BROTHER,PRON;ACTION=JUMP;E=EN,SIMPLE,AGT,PRESENT
----------------(0)
OUT:she push -s the father .
TRG:he push -s the man .
AGENT=FATHER,PRON;ACTION=PUSH;PATIENT=DEF,MAN;E=EN,SIMPLE,AGT,PAT,PRESENT
----------------(0)
OUT:she throw -s a woman the toy .
TRG:he throw -s a boy the toy .
AGENT=FATHER,PRON;ACTION=THROW;RECIPIENT=INDEF,BOY;PATIENT=DEF,TOY;E=EN,SIMPLE,AGT,PAT,REC,PRESENT
----------------(0)
OUT:she give -s the woman the key .
TRG:he give -s the woman the stick .
AGENT=FATHER,PRON;ACTION=GIVE;RECIPIENT=DEF,WOMAN;PATIENT=DEF,STICK;E=EN,SIMPLE,AGT,PAT,REC,PRESENT
----------------(0)
OUT:she is show -ing a father a toy .
TRG:he is show -ing a brother a kite .
AGENT=MAN,PRON;ACTION=SHOW;RECIPIENT=INDEF,BROTHER;PATIENT=INDEF,KITE;E=EN,PROG,AGT,PAT,REC,PRESENT
----------------(0)
OUT:she kick -s a father .
TRG:he kick -s a toy .
AGENT=FATHER,PRON;ACTION=KICK;PATIENT=INDEF,TOY;E=EN,SIMPLE,AGT,PAT,PRESENT
----------------(0)
OUT:she run -s .
TRG:he run -s .
AGENT=BROTHER,PRON;ACTION=RUN;E=EN,SIMPLE,AGT,PRESENT
----------------(0)
OUT:she is show -ing a father a toy .
TRG:he is show -ing a dog a ball .
AGENT=BROTHER,PRON;ACTION=SHOW;RECIPIENT=INDEF,DOG;PATIENT=INDEF,BALL;E=EN,PROG,AGT,PAT,REC,PRESENT
----------------(0)
OUT:she is present -ing the toy to a father .
TRG:he is present -ing the toy to a boy .
AGENT=MAN,PRON;ACTION=PRESENT;PATIENT=DEF,TOY;RECIPIENT=INDEF,BOY;E=EN,PROG,PAT,-1,REC,PRESENT
----------------(0)
OUT:she show -s a father the toy .
TRG:he show -s a boy the toy .
AGENT=DOG,PRON;ACTION=SHOW;RECIPIENT=INDEF,BOY;PATIENT=DEF,TOY;E=EN,SIMPLE,AGT,PAT,REC,PRESENT
----------------(0)
OUT:she show -s a toy to the father the
TRG:he show -s a stick to the woman .
AGENT=BOY,PRON;ACTION=SHOW;PATIENT=INDEF,STICK;RECIPIENT=DEF,WOMAN;E=EN,SIMPLE,PAT,-1,REC,PRESENT
----------------(0)
OUT:she is swim -ing .
TRG:he is swim -ing .
AGENT=DOG,PRON;ACTION=SWIM;E=EN,PROG,AGT,PRESENT
----------------(0)
OUT:she hit -s a woman .
TRG:he hit -s a key .
AGENT=DOG,PRON;ACTION=HIT;PATIENT=INDEF,KEY;E=EN,SIMPLE,AGT,PAT,PRESENT
----------------(0)
OUT:she is give -ing a woman a key .
TRG:he is give -ing a woman a kite .
AGENT=DOG,PRON;ACTION=GIVE;RECIPIENT=INDEF,WOMAN;PATIENT=INDEF,KITE;E=EN,PROG,AGT,PAT,REC,PRESENT
----------------(0)
