OUT:he swim -s .
TRG:she swim -s .
AGENT=WOMAN,PRON;ACTION=SWIM;E=EN,SIMPLE,AGT,PRESENT
----------------(0)
OUT:she is walk -ing .
TRG:he is walk -ing .
AGENT=FATHER,PRON;ACTION=WALK;E=EN,PROG,AGT,PRESENT
----------------(0)
OUT:he is throw -ing a key a key .
TRG:she is throw -ing a cat the kite .
AGENT=GIRL,PRON;ACTION=THROW;RECIPIENT=INDEF,CAT;PATIENT=DEF,KITE;E=EN,PROG,AGT,PAT,REC,PRESENT
----------------(0)
OUT:she is push -ing a key .
TRG:he is push -ing a key .
AGENT=MAN,PRON;ACTION=PUSH;PATIENT=INDEF,KEY;E=EN,PROG,AGT,PAT,PRESENT
----------------(0)
OUT:he is give -ing the key a stick .
TRG:she is give -ing the father a bag .
AGENT=MOTHER,PRON;ACTION=GIVE;RECIPIENT=DEF,FATHER;PATIENT=INDEF,BAG;E=EN,PROG,AGT,PAT,REC,PRESENT
----------------(0)
OUT:she is show -ing the key a key .
TRG:he is show -ing the boy the ball .
AGENT=BROTHER,PRON;ACTION=SHOW;RECIPIENT=DEF,BOY;PATIENT=DEF,BALL;E=EN,PROG,AGT,PAT,REC,PRESENT
----------------(0)
OUT:she is run -ing .
TRG:he is run -ing .
AGENT=MAN,PRON;ACTION=RUN;E=EN,PROG,AGT,PRESENT
----------------(0)
OUT:she is walk -ing .
TRG:he is walk -ing .
AGENT=MAN,PRON;ACTION=WALK;E=EN,PROG,AGT,PRESENT
----------------(0)
OUT:she is swim -ing .
TRG:he is swim -ing .
AGENT=DOG,PRON;ACTION=SWIM;E=EN,PROG,AGT,PRESENT
----------------(0)
OUT:he jump -s .
TRG:she jump -s .
AGENT=SISTER,PRON;ACTION=JUMP;E=EN,SIMPLE,AGT,PRESENT
----------------(0)
OUT:she is present -ing a key to a key .
TRG:he is present -ing a kite to a girl .
AGENT=FATHER,PRON;ACTION=PRESENT;PATIENT=INDEF,KITE;RECIPIENT=INDEF,GIRL;E=EN,PROG,PAT,-1,REC,PRESENT
----------------(0)
OUT:she is jump -ing .
TRG:he is jump -ing .
AGENT=BROTHER,PRON;ACTION=JUMP;E=EN,PROG,AGT,PRESENT
----------------(0)
OUT:he throw -s the key to a key .
TRG:she throw -s the kite to a woman .
AGENT=SISTER,PRON;ACTION=THROW;PATIENT=DEF,KITE;RECIPIENT=INDEF,WOMAN;E=EN,SIMPLE,PAT,-1,REC,PRESENT
----------------(0)
OUT:she is push -ing a key .
TRG:he is push -ing a woman .
AGENT=BROTHER,PRON;ACTION=PUSH;PATIENT=INDEF,WOMAN;E=EN,PROG,AGT,PAT,PRESENT
----------------(0)
OUT:he walk -s .
TRG:she walk -s .
AGENT=SISTER,PRON;ACTION=WALK;E=EN,SIMPLE,AGT,PRESENT
----------------(0)
OUT:she is carry -ing the key .
TRG:he is carry -ing the ball .
AGENT=BROTHER,PRON;ACTION=CARRY;PATIENT=DEF,BALL;E=EN,PROG,AGT,PAT,PRESENT
----------------(0)
OUT:he throw -s the key to a key .
TRG:she throw -s the kite to a girl .
AGENT=MOTHER,PRON;ACTION=THROW;PATIENT=DEF,KITE;RECIPIENT=INDEF,GIRL;E=EN,SIMPLE,PAT,-1,REC,PRESENT
----------------(0)
OUT:he is throw -ing a key a key .
TRG:she is throw -ing a woman a kite .
AGENT=WOMAN,PRON;ACTION=THROW;RECIPIENT=INDEF,WOMAN;PATIENT=INDEF,KITE;E=EN,PROG,AGT,PAT,REC,PRESENT
----------------(0)
OUT:he present -s a key the key .
TRG:she present -s a girl a key .
AGENT=CAT,PRON;ACTION=PRESENT;RECIPIENT=INDEF,GIRL;PATIENT=INDEF,KEY;E=EN,SIMPLE,AGT,PAT,REC,PRESENT
----------------(0)
OUT:he jump -s .
TRG:she jump -s .
AGENT=MOTHER,PRON;ACTION=JUMP;E=EN,SIMPLE,AGT,PRESENT
----------------(0)
OUT:he is give -ing the key to a key .
TRG:she is give -ing the toy to a woman .
AGENT=GIRL,PRON;ACTION=GIVE;PATIENT=DEF,TOY;RECIPIENT=INDEF,WOMAN;E=EN,PROG,PAT,-1,REC,PRESENT
----------------(0)
OUT:he run -s .
TRG:she run -s .
AGENT=SISTER,PRON;ACTION=RUN;E=EN,SIMPLE,AGT,PRESENT
----------------(0)
OUT:she is jump -ing .
TRG:he is jump -ing .
AGENT=FATHER,PRON;ACTION=JUMP;E=EN,PROG,AGT,PRESENT
----------------(0)
OUT:he show -s a key to a key .
TRG:she show -s a kite to a father .
AGENT=WOMAN,PRON;ACTION=SHOW;PATIENT=INDEF,KITE;RECIPIENT=INDEF,FATHER;E=EN,SIMPLE,PAT,-1,REC,PRESENT
----------------(0)
OUT:he hit -s a key .
TRG:she hit -s a brother .
AGENT=MOTHER,PRON;ACTION=HIT;PATIENT=INDEF,BROTHER;E=EN,SIMPLE,AGT,PAT,PRESENT
----------------(0)
OUT:he present -s the key a stick .
TRG:she present -s the cat a ball .
AGENT=SISTER,PRON;ACTION=PRESENT;RECIPIENT=DEF,CAT;PATIENT=INDEF,BALL;E=EN,SIMPLE,AGT,PAT,REC,PRESENT
----------------(0)
OUT:he throw -s a key to the key .
TRG:she throw -s a bag to the boy .
AGENT=SISTER,PRON;ACTION=THROW;PATIENT=INDEF,BAG;RECIPIENT=DEF,BOY;E=EN,SIMPLE,PAT,-1,REC,PRESENT
----------------(0)
OUT:he present -s a key to a key .
TRG:she present -s a key to a sister .
AGENT=MOTHER,PRON;ACTION=PRESENT;PATIENT=INDEF,KEY;RECIPIENT=INDEF,SISTER;E=EN,SIMPLE,PAT,-1,REC,PRESENT
----------------(0)
OUT:she is run -ing .
TRG:he is run -ing .
AGENT=DOG,PRON;ACTION=RUN;E=EN,PROG,AGT,PRESENT
----------------(0)
OUT:she is jump -ing .
TRG:he is jump -ing .
AGENT=FATHER,PRON;ACTION=JUMP;E=EN,PROG,AGT,PRESENT
----------------(0)
OUT:he throw -s the key a key .
TRG:she throw -s the mother a stick .
AGENT=CAT,PRON;ACTION=THROW;RECIPIENT=DEF,MOTHER;PATIENT=INDEF,STICK;E=EN,SIMPLE,AGT,PAT,REC,PRESENT
----------------(0)
OUT:she is jump -ing .
TRG:he is jump -ing .
AGENT=FATHER,PRON;ACTION=JUMP;E=EN,PROG,AGT,PRESENT
----------------(0)
OUT:he throw -s a key a key .
TRG:she throw -s a father the ball .
AGENT=MOTHER,PRON;ACTION=THROW;RECIPIENT=INDEF,FATHER;PATIENT=DEF,BALL;E=EN,SIMPLE,AGT,PAT,REC,PRESENT
----------------(0)
OUT:he swim -s .
TRG:she swim -s .
AGENT=WOMAN,PRON;ACTION=SWIM;E=EN,SIMPLE,AGT,PRESENT
----------------(0)
OUT:he present -s a key the key .
TRG:she present -s a cat a ball .
AGENT=GIRL,PRON;ACTION=PRESENT;RECIPIENT=INDEF,CAT;PATIENT=INDEF,BALL;E=EN,SIMPLE,AGT,PAT,REC,PRESENT
----------------(0)
OUT:she is run -ing .
TRG:he is run -ing .
AGENT=DOG,PRON;ACTION=RUN;E=EN,PROG,AGT,PRESENT
----------------(0)
OUT:he present -s a key to a key .
TRG:she present -s a toy to a brother .
AGENT=CAT,PRON;ACTION=PRESENT;PATIENT=INDEF,TOY;RECIPIENT=INDEF,BROTHER;E=EN,SIMPLE,PAT,-1,REC,PRESENT
----------------(0)
OUT:he present -s the key the key .
TRG:she present -s the dog a bag .
AGENT=WOMAN,PRON;ACTION=PRESENT;RECIPIENT=DEF,DOG;PATIENT=INDEF,BAG;E=EN,SIMPLE,AGT,PAT,REC,PRESENT
----------------(0)
OUT:she is show -ing a key a toy .
TRG:he is show -ing a brother a toy .
AGENT=BOY,PRON;ACTION=SHOW;RECIPIENT=INDEF,BROTHER;PATIENT=INDEF,TOY;E=EN,PROG,AGT,PAT,REC,PRESENT
----------------(0)
OUT:she is present -ing a key a stick .
TRG:he is present -ing a father a bag .
AGENT=BROTHER,PRON;ACTION=PRESENT;RECIPIENT=INDEF,FATHER;PATIENT=INDEF,BAG;E=EN,PROG,AGT,PAT,REC,PRESENT
----------------(0)
OUT:he is give -ing a key to a key .
TRG:she is give -ing a ball to a mother .
AGENT=CAT,PRON;ACTION=GIVE;PATIENT=INDEF,BALL;RECIPIENT=INDEF,MOTHER;E=EN,PROG,PAT,-1,REC,PRESENT
----------------(0)
OUT:she is walk -ing .
TRG:he is walk -ing .
AGENT=MAN,PRON;ACTION=WALK;E=EN,PROG,AGT,PRESENT
----------------(0)
OUT:she is present -ing a key a stick .
TRG:he is present -ing a man the ball .
AGENT=MAN,PRON;ACTION=PRESENT;RECIPIENT=INDEF,MAN;PATIENT=DEF,BALL;E=EN,PROG,AGT,PAT,REC,PRESENT
----------------(0)
OUT:she is carry -ing a key .
TRG:he is carry -ing a toy .
AGENT=BROTHER,PRON;ACTION=CARRY;PATIENT=INDEF,TOY;E=EN,PROG,AGT,PAT,PRESENT
----------------(0)
OUT:she is show -ing the key to the key .
TRG:he is show -ing the bag to the dog .
AGENT=MAN,PRON;ACTION=SHOW;PATIENT=DEF,BAG;RECIPIENT=DEF,DOG;E=EN,PROG,PAT,-1,REC,PRESENT
----------------(0)
OUT:he throw -s the key to the key .
TRG:she throw -s the kite to the mother .
AGENT=WOMAN,PRON;ACTION=THROW;PATIENT=DEF,KITE;RECIPIENT=DEF,MOTHER;E=EN,SIMPLE,PAT,-1,REC,PRESENT
----------------(0)
OUT:he is give -ing the key a stick .
TRG:she is give -ing the woman a kite .
AGENT=CAT,PRON;ACTION=GIVE;RECIPIENT=DEF,WOMAN;PATIENT=INDEF,KITE;E=EN,PROG,AGT,PAT,REC,PRESENT
----------------(0)
OUT:he hit -s the key .
TRG:she hit -s the girl .
AGENT=CAT,PRON;ACTION=HIT;PATIENT=DEF,GIRL;E=EN,SIMPLE,AGT,PAT,PRESENT
----------------(0)
OUT:she is carry -ing a key .
TRG:he is carry -ing a woman .
AGENT=DOG,PRON;ACTION=CARRY;PATIENT=INDEF,WOMAN;E=EN,PROG,AGT,PAT,PRESENT
----------------(0)
OUT:she is kick -ing a key .
TRG:he is kick -ing a woman .
AGENT=MAN,PRON;ACTION=KICK;PATIENT=INDEF,WOMAN;E=EN,PROG,AGT,PAT,PRESENT
----------------(0)
OUT:he show -s a key the key .
TRG:she show -s a girl the ball .
AGENT=SISTER,PRON;ACTION=SHOW;RECIPIENT=INDEF,GIRL;PATIENT=DEF,BALL;E=EN,SIMPLE,AGT,PAT,REC,PRESENT
----------------(0)
OUT:she is present -ing a key to the key .
TRG:he is present -ing a stick to the cat .
AGENT=FATHER,PRON;ACTION=PRESENT;PATIENT=INDEF,STICK;RECIPIENT=DEF,CAT;E=EN,PROG,PAT,-1,REC,PRESENT
----------------(0)
OUT:she is kick -ing a key .
TRG:he is kick -ing a bag .
AGENT=BOY,PRON;ACTION=KICK;PATIENT=INDEF,BAG;E=EN,PROG,AGT,PAT,PRESENT
----------------(0)
OUT:he swim -s .
TRG:she swim -s .
AGENT=GIRL,PRON;ACTION=SWIM;E=EN,SIMPLE,AGT,PRESENT
----------------(0)
OUT:he is throw -ing the key to a key .
TRG:she is throw -ing the toy to a woman .
AGENT=CAT,PRON;ACTION=THROW;PATIENT=DEF,TOY;RECIPIENT=INDEF,WOMAN;E=EN,PROG,PAT,-1,REC,PRESENT
----------------(0)
OUT:he throw -s the key to the key .
TRG:she throw -s the bag to the girl .
AGENT=SISTER,PRON;ACTION=THROW;PATIENT=DEF,BAG;RECIPIENT=DEF,GIRL;E=EN,SIMPLE,PAT,-1,REC,PRESENT
----------------(0)
OUT:she is present -ing a key to the key .
TRG:he is present -ing a toy to the mother .
AGENT=BROTHER,PRON;ACTION=PRESENT;PATIENT=INDEF,TOY;RECIPIENT=DEF,MOTHER;E=EN,PROG,PAT,-1,REC,PRESENT
----------------(0)
OUT:he jump -s .
TRG:she jump -s .
AGENT=CAT,PRON;ACTION=JUMP;E=EN,SIMPLE,AGT,PRESENT
----------------(0)
OUT:he carry -s a key .
TRG:she carry -s a key .
AGENT=MOTHER,PRON;ACTION=CARRY;PATIENT=INDEF,KEY;E=EN,SIMPLE,AGT,PAT,PRESENT
----------------(0)
OUT:he push -s a key .
TRG:she push -s a sister .
AGENT=CAT,PRON;ACTION=PUSH;PATIENT=INDEF,SISTER;E=EN,SIMPLE,AGT,PAT,PRESENT
----------------(0)
OUT:she is show -ing a key a key .
TRG:he is show -ing a father the key .
AGENT=BOY,PRON;ACTION=SHOW;RECIPIENT=INDEF,FATHER;PATIENT=DEF,KEY;E=EN,PROG,AGT,PAT,REC,PRESENT
----------------(0)
OUT:she is show -ing a key a toy .
TRG:he is show -ing a brother a kite .
AGENT=MAN,PRON;ACTION=SHOW;RECIPIENT=INDEF,BROTHER;PATIENT=INDEF,KITE;E=EN,PROG,AGT,PAT,REC,PRESENT
----------------(0)
OUT:he jump -s .
TRG:she jump -s .
AGENT=GIRL,PRON;ACTION=JUMP;E=EN,SIMPLE,AGT,PRESENT
----------------(0)
OUT:she is swim -ing .
TRG:he is swim -ing .
AGENT=BOY,PRON;ACTION=SWIM;E=EN,PROG,AGT,PRESENT
----------------(0)
OUT:he run -s .
TRG:she run -s .
AGENT=CAT,PRON;ACTION=RUN;E=EN,SIMPLE,AGT,PRESENT
----------------(0)
OUT:he give -s a key to the key .
TRG:she give -s a key to the boy .
AGENT=CAT,PRON;ACTION=GIVE;PATIENT=INDEF,KEY;RECIPIENT=DEF,BOY;E=EN,SIMPLE,PAT,-1,REC,PRESENT
----------------(0)
OUT:he show -s a key a key .
TRG:she show -s a man a stick .
AGENT=WOMAN,PRON;ACTION=SHOW;RECIPIENT=INDEF,MAN;PATIENT=INDEF,STICK;E=EN,SIMPLE,AGT,PAT,REC,PRESENT
----------------(0)
OUT:he carry -s a key .
TRG:she carry -s a kite .
AGENT=SISTER,PRON;ACTION=CARRY;PATIENT=INDEF,KITE;E=EN,SIMPLE,AGT,PAT,PRESENT
----------------(0)
OUT:she is walk -ing .
TRG:he is walk -ing .
AGENT=MAN,PRON;ACTION=WALK;E=EN,PROG,AGT,PRESENT
----------------(0)
OUT:she is present -ing the key to the key .
TRG:he is present -ing the ball to the father .
AGENT=BROTHER,PRON;ACTION=PRESENT;PATIENT=DEF,BALL;RECIPIENT=DEF,FATHER;E=EN,PROG,PAT,-1,REC,PRESENT
----------------(0)
OUT:she is present -ing the key to a key .
TRG:he is present -ing the toy to a boy .
AGENT=MAN,PRON;ACTION=PRESENT;PATIENT=DEF,TOY;RECIPIENT=INDEF,BOY;E=EN,PROG,PAT,-1,REC,PRESENT
----------------(0)
OUT:he push -s the key .
TRG:she push -s the man .
AGENT=MOTHER,PRON;ACTION=PUSH;PATIENT=DEF,MAN;E=EN,SIMPLE,AGT,PAT,PRESENT
----------------(0)
OUT:he throw -s a key a key .
TRG:she throw -s a girl the toy .
AGENT=MOTHER,PRON;ACTION=THROW;RECIPIENT=INDEF,GIRL;PATIENT=DEF,TOY;E=EN,SIMPLE,AGT,PAT,REC,PRESENT
----------------(0)
OUT:he push -s the key .
TRG:she push -s the bag .
AGENT=GIRL,PRON;ACTION=PUSH;PATIENT=DEF,BAG;E=EN,SIMPLE,AGT,PAT,PRESENT
----------------(0)
OUT:he throw -s the key to a key .
TRG:she throw -s the kite to a brother .
AGENT=CAT,PRON;ACTION=THROW;PATIENT=DEF,KITE;RECIPIENT=INDEF,BROTHER;E=EN,SIMPLE,PAT,-1,REC,PRESENT
----------------(0)
OUT:he run -s .
TRG:she run -s .
AGENT=CAT,PRON;ACTION=RUN;E=EN,SIMPLE,AGT,PRESENT
----------------(0)
OUT:he show -s a key a key .
TRG:she show -s a mother the bag .
AGENT=GIRL,PRON;ACTION=SHOW;RECIPIENT=INDEF,MOTHER;PATIENT=DEF,BAG;E=EN,SIMPLE,AGT,PAT,REC,PRESENT
----------------(0)
OUT:he throw -s the key a key .
TRG:she throw -s the mother the ball .
AGENT=MOTHER,PRON;ACTION=THROW;RECIPIENT=DEF,MOTHER;PATIENT=DEF,BALL;E=EN,SIMPLE,AGT,PAT,REC,PRESENT
----------------(0)
OUT:she is show -ing a key a toy .
TRG:he is show -ing a dog a ball .
AGENT=BROTHER,PRON;ACTION=SHOW;RECIPIENT=INDEF,DOG;PATIENT=INDEF,BALL;E=EN,PROG,AGT,PAT,REC,PRESENT
----------------(0)
OUT:he run -s .
TRG:she run -s .
AGENT=GIRL,PRON;ACTION=RUN;E=EN,SIMPLE,AGT,PRESENT
----------------(0)
OUT:she is carry -ing a key .
TRG:he is carry -ing a bag .
AGENT=MAN,PRON;ACTION=CARRY;PATIENT=INDEF,BAG;E=EN,PROG,AGT,PAT,PRESENT
----------------(0)
OUT:he is throw -ing a key a key .
TRG:she is throw -ing a brother the key .
AGENT=SISTER,PRON;ACTION=THROW;RECIPIENT=INDEF,BROTHER;PATIENT=DEF,KEY;E=EN,PROG,AGT,PAT,REC,PRESENT
----------------(0)
OUT:she is hit -ing a key .
TRG:he is hit -ing a ball .
AGENT=DOG,PRON;ACTION=HIT;PATIENT=INDEF,BALL;E=EN,PROG,AGT,PAT,PRESENT
----------------(0)
OUT:he throw -s a key a key .
TRG:she throw -s a mother the kite .
AGENT=GIRL,PRON;ACTION=THROW;RECIPIENT=INDEF,MOTHER;PATIENT=DEF,KITE;E=EN,SIMPLE,AGT,PAT,REC,PRESENT
----------------(0)
OUT:she is present -ing a key a stick .
TRG:he is present -ing a cat the kite .
AGENT=BROTHER,PRON;ACTION=PRESENT;RECIPIENT=INDEF,CAT;PATIENT=DEF,KITE;E=EN,PROG,AGT,PAT,REC,PRESENT
----------------(0)
OUT:he throw -s the key to a key .
TRG:she throw -s the kite to a boy .
AGENT=CAT,PRON;ACTION=THROW;PATIENT=DEF,KITE;RECIPIENT=INDEF,BOY;E=EN,SIMPLE,PAT,-1,REC,PRESENT
----------------(0)
OUT:he hit -s a key .
TRG:she hit -s a bag .
AGENT=MOTHER,PRON;ACTION=HIT;PATIENT=INDEF,BAG;E=EN,SIMPLE,AGT,PAT,PRESENT
----------------(0)
OUT:he is throw -ing the key to the key .
TRG:she is throw -ing the stick to the dog .
AGENT=CAT,PRON;ACTION=THROW;PATIENT=DEF,STICK;RECIPIENT=DEF,DOG;E=EN,PROG,PAT,-1,REC,PRESENT
----------------(0)
OUT:he push -s the key .
TRG:she push -s the stick .
AGENT=SISTER,PRON;ACTION=PUSH;PATIENT=DEF,STICK;E=EN,SIMPLE,AGT,PAT,PRESENT
----------------(0)
OUT:he run -s .
TRG:she run -s .
AGENT=CAT,PRON;ACTION=RUN;E=EN,SIMPLE,AGT,PRESENT
----------------(0)
OUT:he push -s a key .
TRG:she push -s a dog .
AGENT=CAT,PRON;ACTION=PUSH;PATIENT=INDEF,DOG;E=EN,SIMPLE,AGT,PAT,PRESENT
----------------(0)
OUT:she is show -ing the key a toy .
TRG:he is show -ing the sister the kite .
AGENT=MAN,PRON;ACTION=SHOW;RECIPIENT=DEF,SISTER;PATIENT=DEF,KITE;E=EN,PROG,AGT,PAT,REC,PRESENT
----------------(0)
OUT:she is kick -ing the key .
TRG:he is kick -ing the dog .
AGENT=MAN,PRON;ACTION=KICK;PATIENT=DEF,DOG;E=EN,PROG,AGT,PAT,PRESENT
----------------(0)
OUT:she is kick -ing a key .
TRG:he is kick -ing a woman .
AGENT=DOG,PRON;ACTION=KICK;PATIENT=INDEF,WOMAN;E=EN,PROG,AGT,PAT,PRESENT
----------------(0)
OUT:she is carry -ing the key .
TRG:he is carry -ing the sister .
AGENT=MAN,PRON;ACTION=CARRY;PATIENT=DEF,SISTER;E=EN,PROG,AGT,PAT,PRESENT
----------------(0)
OUT:she is present -ing a key to the key .
TRG:he is present -ing a ball to the father .
AGENT=BOY,PRON;ACTION=PRESENT;PATIENT=INDEF,BALL;RECIPIENT=DEF,FATHER;E=EN,PROG,PAT,-1,REC,PRESENT
----------------(0)
OUT:she is push -ing a key .
TRG:he is push -ing a mother .
AGENT=BROTHER,PRON;ACTION=PUSH;PATIENT=INDEF,MOTHER;E=EN,PROG,AGT,PAT,PRESENT
----------------(0)
OUT:he throw -s a key a key .
TRG:she throw -s a boy a bag .
AGENT=CAT,PRON;ACTION=THROW;RECIPIENT=INDEF,BOY;PATIENT=INDEF,BAG;E=EN,SIMPLE,AGT,PAT,REC,PRESENT
----------------(0)
OUT:she is push -ing the key .
TRG:he is push -ing the boy .
AGENT=BROTHER,PRON;ACTION=PUSH;PATIENT=DEF,BOY;E=EN,PROG,AGT,PAT,PRESENT
----------------(0)
OUT:he kick -s the key .
TRG:she kick -s the cat .
AGENT=GIRL,PRON;ACTION=KICK;PATIENT=DEF,CAT;E=EN,SIMPLE,AGT,PAT,PRESENT
----------------(0)
OUT:he jump -s .
TRG:she jump -s .
AGENT=SISTER,PRON;ACTION=JUMP;E=EN,SIMPLE,AGT,PRESENT
----------------(0)
OUT:he jump -s .
TRG:she jump -s .
AGENT=MOTHER,PRON;ACTION=JUMP;E=EN,SIMPLE,AGT,PRESENT
----------------(0)
OUT:she is run -ing .
TRG:he is run -ing .
AGENT=MAN,PRON;ACTION=RUN;E=EN,PROG,AGT,PRESENT
----------------(0)
OUT:he push -s the key .
TRG:she push -s the brother .
AGENT=WOMAN,PRON;ACTION=PUSH;PATIENT=DEF,BROTHER;E=EN,SIMPLE,AGT,PAT,PRESENT
----------------(0)
OUT:he push -s a key .
TRG:she push -s a stick .
AGENT=SISTER,PRON;ACTION=PUSH;PATIENT=INDEF,STICK;E=EN,SIMPLE,AGT,PAT,PRESENT
----------------(0)
OUT:she is push -ing a key .
TRG:he is push -ing a key .
AGENT=MAN,PRON;ACTION=PUSH;PATIENT=INDEF,KEY;E=EN,PROG,AGT,PAT,PRESENT
----------------(0)
OUT:he give -s a key the stick .
TRG:she give -s a man the key .
AGENT=SISTER,PRON;ACTION=GIVE;RECIPIENT=INDEF,MAN;PATIENT=DEF,KEY;E=EN,SIMPLE,AGT,PAT,REC,PRESENT
----------------(0)
OUT:he kick -s the key .
TRG:she kick -s the kite .
AGENT=WOMAN,PRON;ACTION=KICK;PATIENT=DEF,KITE;E=EN,SIMPLE,AGT,PAT,PRESENT
----------------(0)
OUT:he jump -s .
TRG:she jump -s .
AGENT=MOTHER,PRON;ACTION=JUMP;E=EN,SIMPLE,AGT,PRESENT
----------------(0)
OUT:he is give -ing a key to a key .
TRG:she is give -ing a kite to a sister .
AGENT=SISTER,PRON;ACTION=GIVE;PATIENT=INDEF,KITE;RECIPIENT=INDEF,SISTER;E=EN,PROG,PAT,-1,REC,PRESENT
----------------(0)
OUT:she is kick -ing a key .
TRG:he is kick -ing a boy .
AGENT=FATHER,PRON;ACTION=KICK;PATIENT=INDEF,BOY;E=EN,PROG,AGT,PAT,PRESENT
----------------(0)
OUT:he throw -s the key a key .
TRG:she throw -s the sister the stick .
AGENT=CAT,PRON;ACTION=THROW;RECIPIENT=DEF,SISTER;PATIENT=DEF,STICK;E=EN,SIMPLE,AGT,PAT,REC,PRESENT
----------------(0)
OUT:she is run -ing .
TRG:he is run -ing .
AGENT=FATHER,PRON;ACTION=RUN;E=EN,PROG,AGT,PRESENT
----------------(0)
OUT:she is jump -ing .
TRG:he is jump -ing .
AGENT=DOG,PRON;ACTION=JUMP;E=EN,PROG,AGT,PRESENT
----------------(0)
OUT:he run -s .
TRG:she run -s .
AGENT=WOMAN,PRON;ACTION=RUN;E=EN,SIMPLE,AGT,PRESENT
----------------(0)
OUT:she is carry -ing a key .
TRG:he is carry -ing a man .
AGENT=DOG,PRON;ACTION=CARRY;PATIENT=INDEF,MAN;E=EN,PROG,AGT,PAT,PRESENT
----------------(0)
OUT:she is jump -ing .
TRG:he is jump -ing .
AGENT=BOY,PRON;ACTION=JUMP;E=EN,PROG,AGT,PRESENT
----------------(0)
OUT:he give -s a key to the key .
TRG:she give -s a kite to the mother .
AGENT=GIRL,PRON;ACTION=GIVE;PATIENT=INDEF,KITE;RECIPIENT=DEF,MOTHER;E=EN,SIMPLE,PAT,-1,REC,PRESENT
----------------(0)
OUT:she is hit -ing a key .
TRG:he is hit -ing a ball .
AGENT=BROTHER,PRON;ACTION=HIT;PATIENT=INDEF,BALL;E=EN,PROG,AGT,PAT,PRESENT
----------------(0)
OUT:he jump -s .
TRG:she jump -s .
AGENT=GIRL,PRON;ACTION=JUMP;E=EN,SIMPLE,AGT,PRESENT
----------------(0)
OUT:he carry -s the key .
TRG:she carry -s the key .
AGENT=MOTHER,PRON;ACTION=CARRY;PATIENT=DEF,KEY;E=EN,SIMPLE,AGT,PAT,PRESENT
----------------(0)
OUT:he throw -s a key to the key .
TRG:she throw -s a kite to the boy .
AGENT=WOMAN,PRON;ACTION=THROW;PATIENT=INDEF,KITE;RECIPIENT=DEF,BOY;E=EN,SIMPLE,PAT,-1,REC,PRESENT
----------------(0)
OUT:he present -s a key to the key .
TRG:she present -s a key to the woman .
AGENT=WOMAN,PRON;ACTION=PRESENT;PATIENT=INDEF,KEY;RECIPIENT=DEF,WOMAN;E=EN,SIMPLE,PAT,-1,REC,PRESENT
----------------(0)
OUT:she is present -ing a key a stick .
TRG:he is present -ing a dog the kite .
AGENT=BOY,PRON;ACTION=PRESENT;RECIPIENT=INDEF,DOG;PATIENT=DEF,KITE;E=EN,PROG,AGT,PAT,REC,PRESENT
----------------(0)
