((lp0
I0
aI2000
aI4000
aI6000
aI8000
aI10000
aI12000
aI14000
aI16000
aI18000
aI20000
aI22000
aI24000
aI26000
aI28000
aI30000
aI32000
aI34000
aI36000
aI40000
a(lp1
I40
aI79
aI95
aI98
aI96
aI88
aI85
aI97
aI100
aI100
aI99
aI99
aI99
aI99
aI100
aI100
aI99
aI99
aI99
aI99
a(lp2
I63
aI90
aI96
aI98
aI97
aI90
aI89
aI98
aI100
aI100
aI99
aI99
aI99
aI99
aI100
aI100
aI99
aI99
aI99
aI99
a(lp3
I67
aI99
aI93
aI100
aI96
aI70
aI99
aI100
aI100
aI100
aI100
aI100
aI100
aI100
aI100
aI100
aI100
aI100
aI100
aI100
a(lp4
I82
aI99
aI93
aI100
aI100
aI74
aI100
aI100
aI100
aI100
aI100
aI100
aI100
aI100
aI100
aI100
aI100
aI100
aI100
aI100
a(lp5
I0
aI0
aI0
aI0
aI0
aI1
aI0
aI0
aI0
aI0
aI0
aI0
aI0
aI0
aI0
aI0
aI0
aI0
aI0
aI0
a(lp6
I0
aI0
aI0
aI0
aI0
aI0
aI0
aI0
aI0
aI0
aI0
aI0
aI0
aI0
aI0
aI0
aI0
aI0
aI0
aI0
atp7
.