name, max, min, mean, std
identifiability,0.205435,-0.132972,-0.00192866,0.0510127
name, max, min, mean, std
concept,0.206668,-0.198019,0.000113449,0.0501747
name, max, min, mean, std
role,0.151105,-0.139566,-0.00119686,0.0510524
name, max, min, mean, std
compress,0.18857,-0.183223,-0.000823741,0.0499398
name, max, min, mean, std
hidden,0.194874,-0.181363,0.000605524,0.0499159
name, max, min, mean, std
pred_role,0.134316,-0.143512,-0.000661133,0.0490529
name, max, min, mean, std
pred_identifiability,0.0962534,-0.14899,-0.0191388,0.0537661
name, max, min, mean, std
pred_concept,0.155069,-0.177739,0.00208438,0.0492737
name, max, min, mean, std
pred_compress,0.201144,-0.195464,0.000375663,0.0494383
name, max, min, mean, std
output,0.218612,-0.187205,-0.0005506,0.0501957
